[0.059s] Invoking command in '/home/orin/work/Foreview_ws/src/build/dynamixel_controller_pkg': /usr/local/bin/cmake /home/orin/work/Foreview_ws/src/dynamixel_controller_pkg -DCMAKE_INSTALL_PREFIX=/home/orin/work/Foreview_ws/src/install/dynamixel_controller_pkg
[0.182s] -- The C compiler identification is GNU 9.4.0
[0.275s] -- The CXX compiler identification is GNU 9.4.0
[0.312s] -- Detecting C compiler ABI info
[0.428s] -- Detecting C compiler ABI info - done
[0.448s] -- Check for working C compiler: /usr/bin/cc - skipped
[0.449s] -- Detecting C compile features
[0.449s] -- Detecting C compile features - done
[0.472s] -- Detecting CXX compiler ABI info
[0.599s] -- Detecting CXX compiler ABI info - done
[0.619s] -- Check for working CXX compiler: /usr/bin/c++ - skipped
[0.620s] -- Detecting CXX compile features
[0.621s] -- Detecting CXX compile features - done
[0.627s] -- Found ament_cmake: 1.3.5 (/opt/ros/humble/install/share/ament_cmake/cmake)
[2.425s] -- Found Python3: /usr/bin/python3.8 (found version "3.8.10") found components: Interpreter 
[2.582s] -- Found geometry_msgs: 4.2.3 (/opt/ros/humble/install/share/geometry_msgs/cmake)
[2.658s] -- Found rosidl_generator_c: 3.1.5 (/opt/ros/humble/install/share/rosidl_generator_c/cmake)
[2.667s] -- Found rosidl_adapter: 3.1.5 (/opt/ros/humble/install/share/rosidl_adapter/cmake)
[2.683s] -- Found rosidl_generator_cpp: 3.1.5 (/opt/ros/humble/install/share/rosidl_generator_cpp/cmake)
[2.710s] -- Using all available rosidl_typesupport_c: rosidl_typesupport_fastrtps_c;rosidl_typesupport_introspection_c
[2.747s] -- Using all available rosidl_typesupport_cpp: rosidl_typesupport_fastrtps_cpp;rosidl_typesupport_introspection_cpp
[2.957s] -- Found rosidl_default_generators: 1.2.0 (/opt/ros/humble/install/share/rosidl_default_generators/cmake)
[4.062s] -- Found ament_cmake_ros: 0.10.0 (/opt/ros/humble/install/share/ament_cmake_ros/cmake)
[6.405s] -- Using all available rosidl_typesupport_c: rosidl_typesupport_fastrtps_c;rosidl_typesupport_introspection_c
[7.340s] -- Using all available rosidl_typesupport_cpp: rosidl_typesupport_fastrtps_cpp;rosidl_typesupport_introspection_cpp
[7.349s] [33mCMake Warning (dev) at /opt/ros/humble/install/share/rosidl_generator_py/cmake/rosidl_generator_py_generate_interfaces.cmake:20 (find_package):
[7.349s]   Policy CMP0148 is not set: The FindPythonInterp and FindPythonLibs modules
[7.350s]   are removed.  Run "cmake --help-policy CMP0148" for policy details.  Use
[7.350s]   the cmake_policy command to set the policy and suppress this warning.
[7.350s] 
[7.350s] Call Stack (most recent call first):
[7.350s]   /opt/ros/humble/install/share/ament_cmake_core/cmake/core/ament_execute_extensions.cmake:48 (include)
[7.351s]   /opt/ros/humble/install/share/rosidl_cmake/cmake/rosidl_generate_interfaces.cmake:286 (ament_execute_extensions)
[7.351s]   CMakeLists.txt:17 (rosidl_generate_interfaces)
[7.351s] This warning is for project developers.  Use -Wno-dev to suppress it.
[7.351s] [0m
[7.391s] -- Found PythonInterp: /usr/bin/python3 (found suitable version "3.8.10", minimum required is "3.6") 
[7.399s] -- Found python_cmake_module: 0.10.0 (/opt/ros/humble/install/share/python_cmake_module/cmake)
[7.404s] [33mCMake Warning (dev) at /opt/ros/humble/install/share/python_cmake_module/cmake/Modules/FindPythonExtra.cmake:52 (find_package):
[7.404s]   Policy CMP0148 is not set: The FindPythonInterp and FindPythonLibs modules
[7.404s]   are removed.  Run "cmake --help-policy CMP0148" for policy details.  Use
[7.404s]   the cmake_policy command to set the policy and suppress this warning.
[7.404s] 
[7.404s] Call Stack (most recent call first):
[7.405s]   /opt/ros/humble/install/share/rosidl_generator_py/cmake/rosidl_generator_py_generate_interfaces.cmake:23 (find_package)
[7.405s]   /opt/ros/humble/install/share/ament_cmake_core/cmake/core/ament_execute_extensions.cmake:48 (include)
[7.405s]   /opt/ros/humble/install/share/rosidl_cmake/cmake/rosidl_generate_interfaces.cmake:286 (ament_execute_extensions)
[7.405s]   CMakeLists.txt:17 (rosidl_generate_interfaces)
[7.405s] This warning is for project developers.  Use -Wno-dev to suppress it.
[7.405s] [0m
[7.439s] [33mCMake Warning (dev) at /opt/ros/humble/install/share/python_cmake_module/cmake/Modules/FindPythonExtra.cmake:140 (find_package):
[7.439s]   Policy CMP0148 is not set: The FindPythonInterp and FindPythonLibs modules
[7.440s]   are removed.  Run "cmake --help-policy CMP0148" for policy details.  Use
[7.440s]   the cmake_policy command to set the policy and suppress this warning.
[7.440s] 
[7.440s] Call Stack (most recent call first):
[7.441s]   /opt/ros/humble/install/share/rosidl_generator_py/cmake/rosidl_generator_py_generate_interfaces.cmake:23 (find_package)
[7.441s]   /opt/ros/humble/install/share/ament_cmake_core/cmake/core/ament_execute_extensions.cmake:48 (include)
[7.441s]   /opt/ros/humble/install/share/rosidl_cmake/cmake/rosidl_generate_interfaces.cmake:286 (ament_execute_extensions)
[7.441s]   CMakeLists.txt:17 (rosidl_generate_interfaces)
[7.442s] This warning is for project developers.  Use -Wno-dev to suppress it.
[7.442s] [0m
[7.456s] -- Found PythonLibs: /usr/lib/aarch64-linux-gnu/libpython3.8.so (found suitable version "3.8.10", minimum required is "3.5") 
[7.456s] -- Using PYTHON_EXECUTABLE: /usr/bin/python3
[7.456s] -- Using PYTHON_INCLUDE_DIRS: /usr/include/python3.8
[7.457s] -- Using PYTHON_LIBRARIES: /usr/lib/aarch64-linux-gnu/libpython3.8.so
[7.493s] -- Found PythonExtra: .so  
[7.789s] -- Using numpy include directory: /usr/local/lib/python3.8/dist-packages/numpy/core/include
[7.806s] -- Found ament_lint_auto: 0.12.7 (/opt/ros/humble/install/share/ament_lint_auto/cmake)
[7.844s] -- Added test 'flake8' to check Python code syntax and style conventions
[7.847s] -- Added test 'lint_cmake' to check CMake code style
[7.849s] -- Added test 'pep257' to check Python code against some of the docstring style conventions in PEP 257
[7.863s] -- Added test 'xmllint' to check XML markup files
[7.868s] -- Configuring done (7.8s)
[7.937s] -- Generating done (0.1s)
[7.943s] -- Build files have been written to: /home/orin/work/Foreview_ws/src/build/dynamixel_controller_pkg
[7.973s] Invoked command in '/home/orin/work/Foreview_ws/src/build/dynamixel_controller_pkg' returned '0': /usr/local/bin/cmake /home/orin/work/Foreview_ws/src/dynamixel_controller_pkg -DCMAKE_INSTALL_PREFIX=/home/orin/work/Foreview_ws/src/install/dynamixel_controller_pkg
[7.979s] Invoking command in '/home/orin/work/Foreview_ws/src/build/dynamixel_controller_pkg': /usr/local/bin/cmake --build /home/orin/work/Foreview_ws/src/build/dynamixel_controller_pkg -- -j12 -l12
[8.051s] [  3%] [34m[1mGenerating C code for ROS interfaces[0m
[8.060s] [  6%] [34m[1mGenerating C++ code for ROS interfaces[0m
[8.064s] [  6%] Built target ament_cmake_python_copy_dynamixel_controller_pkg
[8.373s] [  6%] Built target dynamixel_controller_pkg__cpp
[8.385s] [  9%] [34m[1mGenerating C++ type support for eProsima Fast-RTPS[0m
[8.385s] [ 12%] [34m[1mGenerating C++ type support dispatch for ROS interfaces[0m
[8.385s] [ 19%] [34m[1mGenerating C++ introspection for ROS interfaces[0m
[8.385s] [ 19%] [32mBuilding C object CMakeFiles/dynamixel_controller_pkg__rosidl_generator_c.dir/rosidl_generator_c/dynamixel_controller_pkg/msg/detail/motor_speeds__functions.c.o[0m
[8.401s] running egg_info
[8.404s] creating dynamixel_controller_pkg.egg-info
[8.436s] writing dynamixel_controller_pkg.egg-info/PKG-INFO
[8.436s] writing dependency_links to dynamixel_controller_pkg.egg-info/dependency_links.txt
[8.437s] writing top-level names to dynamixel_controller_pkg.egg-info/top_level.txt
[8.437s] writing manifest file 'dynamixel_controller_pkg.egg-info/SOURCES.txt'
[8.484s] [ 22%] [32m[1mLinking C shared library libdynamixel_controller_pkg__rosidl_generator_c.so[0m
[8.525s] [ 22%] Built target dynamixel_controller_pkg__rosidl_generator_c
[8.528s] reading manifest file 'dynamixel_controller_pkg.egg-info/SOURCES.txt'
[8.529s] writing manifest file 'dynamixel_controller_pkg.egg-info/SOURCES.txt'
[8.536s] [ 29%] [34m[1mGenerating C type support for eProsima Fast-RTPS[0m
[8.536s] [ 29%] [34m[1mGenerating C type support dispatch for ROS interfaces[0m
[8.536s] [ 32%] [34m[1mGenerating C introspection for ROS interfaces[0m
[8.611s] [ 32%] Built target ament_cmake_python_build_dynamixel_controller_pkg_egg
[8.709s] [ 35%] [32mBuilding CXX object CMakeFiles/dynamixel_controller_pkg__rosidl_typesupport_cpp.dir/rosidl_typesupport_cpp/dynamixel_controller_pkg/msg/motor_speeds__type_support.cpp.o[0m
[8.737s] [ 38%] [32mBuilding CXX object CMakeFiles/dynamixel_controller_pkg__rosidl_typesupport_fastrtps_cpp.dir/rosidl_typesupport_fastrtps_cpp/dynamixel_controller_pkg/msg/detail/dds_fastrtps/motor_speeds__type_support.cpp.o[0m
[8.744s] [ 41%] [32mBuilding CXX object CMakeFiles/dynamixel_controller_pkg__rosidl_typesupport_introspection_cpp.dir/rosidl_typesupport_introspection_cpp/dynamixel_controller_pkg/msg/detail/motor_speeds__type_support.cpp.o[0m
[8.864s] [ 45%] [32mBuilding CXX object CMakeFiles/dynamixel_controller_pkg__rosidl_typesupport_c.dir/rosidl_typesupport_c/dynamixel_controller_pkg/msg/motor_speeds__type_support.cpp.o[0m
[8.877s] [ 48%] [32mBuilding C object CMakeFiles/dynamixel_controller_pkg__rosidl_typesupport_introspection_c.dir/rosidl_typesupport_introspection_c/dynamixel_controller_pkg/msg/detail/motor_speeds__type_support.c.o[0m
[8.916s] [ 51%] [32mBuilding CXX object CMakeFiles/dynamixel_controller_pkg__rosidl_typesupport_fastrtps_c.dir/rosidl_typesupport_fastrtps_c/dynamixel_controller_pkg/msg/detail/motor_speeds__type_support_c.cpp.o[0m
[8.965s] [ 54%] [32m[1mLinking CXX shared library libdynamixel_controller_pkg__rosidl_typesupport_c.so[0m
[9.024s] [ 58%] [32m[1mLinking C shared library libdynamixel_controller_pkg__rosidl_typesupport_introspection_c.so[0m
[9.035s] [ 58%] Built target dynamixel_controller_pkg__rosidl_typesupport_c
[9.071s] [ 58%] Built target dynamixel_controller_pkg__rosidl_typesupport_introspection_c
[9.402s] [ 61%] [32m[1mLinking CXX shared library libdynamixel_controller_pkg__rosidl_typesupport_cpp.so[0m
[9.447s] [ 61%] Built target dynamixel_controller_pkg__rosidl_typesupport_cpp
[9.714s] [ 67%] [32m[1mLinking CXX shared library libdynamixel_controller_pkg__rosidl_typesupport_introspection_cpp.so[0m
[9.715s] [ 67%] [32m[1mLinking CXX shared library libdynamixel_controller_pkg__rosidl_typesupport_fastrtps_c.so[0m
[9.715s] [ 70%] [32m[1mLinking CXX shared library libdynamixel_controller_pkg__rosidl_typesupport_fastrtps_cpp.so[0m
[9.764s] [ 70%] Built target dynamixel_controller_pkg__rosidl_typesupport_introspection_cpp
[9.838s] [ 70%] Built target dynamixel_controller_pkg__rosidl_typesupport_fastrtps_c
[9.840s] [ 70%] Built target dynamixel_controller_pkg__rosidl_typesupport_fastrtps_cpp
[9.855s] [ 70%] Built target dynamixel_controller_pkg
[9.873s] [ 74%] [34m[1mGenerating Python code for ROS interfaces[0m
[10.222s] [ 74%] Built target dynamixel_controller_pkg__py
[10.237s] [ 77%] [32mBuilding C object CMakeFiles/dynamixel_controller_pkg__rosidl_generator_py.dir/rosidl_generator_py/dynamixel_controller_pkg/msg/_motor_speeds_s.c.o[0m
[10.397s] [ 80%] [32m[1mLinking C shared library rosidl_generator_py/dynamixel_controller_pkg/libdynamixel_controller_pkg__rosidl_generator_py.so[0m
[10.444s] [ 80%] Built target dynamixel_controller_pkg__rosidl_generator_py
[10.463s] [ 87%] [32mBuilding C object CMakeFiles/dynamixel_controller_pkg__rosidl_typesupport_fastrtps_c__pyext.dir/rosidl_generator_py/dynamixel_controller_pkg/_dynamixel_controller_pkg_s.ep.rosidl_typesupport_fastrtps_c.c.o[0m
[10.463s] [ 87%] [32mBuilding C object CMakeFiles/dynamixel_controller_pkg__rosidl_typesupport_introspection_c__pyext.dir/rosidl_generator_py/dynamixel_controller_pkg/_dynamixel_controller_pkg_s.ep.rosidl_typesupport_introspection_c.c.o[0m
[10.465s] [ 90%] [32mBuilding C object CMakeFiles/dynamixel_controller_pkg__rosidl_typesupport_c__pyext.dir/rosidl_generator_py/dynamixel_controller_pkg/_dynamixel_controller_pkg_s.ep.rosidl_typesupport_c.c.o[0m
[10.792s] [ 93%] [32m[1mLinking C shared library rosidl_generator_py/dynamixel_controller_pkg/dynamixel_controller_pkg_s__rosidl_typesupport_fastrtps_c.cpython-38-aarch64-linux-gnu.so[0m
[10.799s] [ 96%] [32m[1mLinking C shared library rosidl_generator_py/dynamixel_controller_pkg/dynamixel_controller_pkg_s__rosidl_typesupport_introspection_c.cpython-38-aarch64-linux-gnu.so[0m
[10.807s] [100%] [32m[1mLinking C shared library rosidl_generator_py/dynamixel_controller_pkg/dynamixel_controller_pkg_s__rosidl_typesupport_c.cpython-38-aarch64-linux-gnu.so[0m
[10.846s] [100%] Built target dynamixel_controller_pkg__rosidl_typesupport_fastrtps_c__pyext
[10.855s] [100%] Built target dynamixel_controller_pkg__rosidl_typesupport_introspection_c__pyext
[10.860s] [100%] Built target dynamixel_controller_pkg__rosidl_typesupport_c__pyext
[10.879s] Invoked command in '/home/orin/work/Foreview_ws/src/build/dynamixel_controller_pkg' returned '0': /usr/local/bin/cmake --build /home/orin/work/Foreview_ws/src/build/dynamixel_controller_pkg -- -j12 -l12
[11.065s] Invoking command in '/home/orin/work/Foreview_ws/src/build/dynamixel_controller_pkg': /usr/local/bin/cmake --install /home/orin/work/Foreview_ws/src/build/dynamixel_controller_pkg
[11.110s] -- Install configuration: ""
[11.110s] -- Installing: /home/orin/work/Foreview_ws/src/install/dynamixel_controller_pkg/share/ament_index/resource_index/rosidl_interfaces/dynamixel_controller_pkg
[11.110s] -- Installing: /home/orin/work/Foreview_ws/src/install/dynamixel_controller_pkg/include/dynamixel_controller_pkg/dynamixel_controller_pkg
[11.110s] -- Installing: /home/orin/work/Foreview_ws/src/install/dynamixel_controller_pkg/include/dynamixel_controller_pkg/dynamixel_controller_pkg/msg
[11.111s] -- Installing: /home/orin/work/Foreview_ws/src/install/dynamixel_controller_pkg/include/dynamixel_controller_pkg/dynamixel_controller_pkg/msg/rosidl_generator_c__visibility_control.h
[11.111s] -- Installing: /home/orin/work/Foreview_ws/src/install/dynamixel_controller_pkg/include/dynamixel_controller_pkg/dynamixel_controller_pkg/msg/detail
[11.111s] -- Installing: /home/orin/work/Foreview_ws/src/install/dynamixel_controller_pkg/include/dynamixel_controller_pkg/dynamixel_controller_pkg/msg/detail/motor_speeds__functions.h
[11.111s] -- Installing: /home/orin/work/Foreview_ws/src/install/dynamixel_controller_pkg/include/dynamixel_controller_pkg/dynamixel_controller_pkg/msg/detail/motor_speeds__type_support.h
[11.111s] -- Installing: /home/orin/work/Foreview_ws/src/install/dynamixel_controller_pkg/include/dynamixel_controller_pkg/dynamixel_controller_pkg/msg/detail/motor_speeds__functions.c
[11.111s] -- Installing: /home/orin/work/Foreview_ws/src/install/dynamixel_controller_pkg/include/dynamixel_controller_pkg/dynamixel_controller_pkg/msg/detail/motor_speeds__struct.h
[11.112s] -- Installing: /home/orin/work/Foreview_ws/src/install/dynamixel_controller_pkg/include/dynamixel_controller_pkg/dynamixel_controller_pkg/msg/motor_speeds.h
[11.112s] -- Installing: /home/orin/work/Foreview_ws/src/install/dynamixel_controller_pkg/share/dynamixel_controller_pkg/environment/library_path.sh
[11.112s] -- Installing: /home/orin/work/Foreview_ws/src/install/dynamixel_controller_pkg/share/dynamixel_controller_pkg/environment/library_path.dsv
[11.113s] -- Installing: /home/orin/work/Foreview_ws/src/install/dynamixel_controller_pkg/lib/libdynamixel_controller_pkg__rosidl_generator_c.so
[11.113s] -- Set runtime path of "/home/orin/work/Foreview_ws/src/install/dynamixel_controller_pkg/lib/libdynamixel_controller_pkg__rosidl_generator_c.so" to ""
[11.113s] -- Up-to-date: /home/orin/work/Foreview_ws/src/install/dynamixel_controller_pkg/include/dynamixel_controller_pkg/dynamixel_controller_pkg
[11.113s] -- Up-to-date: /home/orin/work/Foreview_ws/src/install/dynamixel_controller_pkg/include/dynamixel_controller_pkg/dynamixel_controller_pkg/msg
[11.113s] -- Up-to-date: /home/orin/work/Foreview_ws/src/install/dynamixel_controller_pkg/include/dynamixel_controller_pkg/dynamixel_controller_pkg/msg/detail
[11.114s] -- Installing: /home/orin/work/Foreview_ws/src/install/dynamixel_controller_pkg/include/dynamixel_controller_pkg/dynamixel_controller_pkg/msg/detail/motor_speeds__rosidl_typesupport_fastrtps_c.h
[11.114s] -- Installing: /home/orin/work/Foreview_ws/src/install/dynamixel_controller_pkg/include/dynamixel_controller_pkg/dynamixel_controller_pkg/msg/rosidl_typesupport_fastrtps_c__visibility_control.h
[11.114s] -- Installing: /home/orin/work/Foreview_ws/src/install/dynamixel_controller_pkg/lib/libdynamixel_controller_pkg__rosidl_typesupport_fastrtps_c.so
[11.114s] -- Set runtime path of "/home/orin/work/Foreview_ws/src/install/dynamixel_controller_pkg/lib/libdynamixel_controller_pkg__rosidl_typesupport_fastrtps_c.so" to ""
[11.114s] -- Up-to-date: /home/orin/work/Foreview_ws/src/install/dynamixel_controller_pkg/include/dynamixel_controller_pkg/dynamixel_controller_pkg
[11.114s] -- Up-to-date: /home/orin/work/Foreview_ws/src/install/dynamixel_controller_pkg/include/dynamixel_controller_pkg/dynamixel_controller_pkg/msg
[11.115s] -- Up-to-date: /home/orin/work/Foreview_ws/src/install/dynamixel_controller_pkg/include/dynamixel_controller_pkg/dynamixel_controller_pkg/msg/detail
[11.115s] -- Installing: /home/orin/work/Foreview_ws/src/install/dynamixel_controller_pkg/include/dynamixel_controller_pkg/dynamixel_controller_pkg/msg/detail/motor_speeds__traits.hpp
[11.115s] -- Installing: /home/orin/work/Foreview_ws/src/install/dynamixel_controller_pkg/include/dynamixel_controller_pkg/dynamixel_controller_pkg/msg/detail/motor_speeds__struct.hpp
[11.115s] -- Installing: /home/orin/work/Foreview_ws/src/install/dynamixel_controller_pkg/include/dynamixel_controller_pkg/dynamixel_controller_pkg/msg/detail/motor_speeds__builder.hpp
[11.115s] -- Installing: /home/orin/work/Foreview_ws/src/install/dynamixel_controller_pkg/include/dynamixel_controller_pkg/dynamixel_controller_pkg/msg/motor_speeds.hpp
[11.115s] -- Up-to-date: /home/orin/work/Foreview_ws/src/install/dynamixel_controller_pkg/include/dynamixel_controller_pkg/dynamixel_controller_pkg
[11.116s] -- Up-to-date: /home/orin/work/Foreview_ws/src/install/dynamixel_controller_pkg/include/dynamixel_controller_pkg/dynamixel_controller_pkg/msg
[11.116s] -- Up-to-date: /home/orin/work/Foreview_ws/src/install/dynamixel_controller_pkg/include/dynamixel_controller_pkg/dynamixel_controller_pkg/msg/detail
[11.116s] -- Installing: /home/orin/work/Foreview_ws/src/install/dynamixel_controller_pkg/include/dynamixel_controller_pkg/dynamixel_controller_pkg/msg/detail/dds_fastrtps
[11.116s] -- Installing: /home/orin/work/Foreview_ws/src/install/dynamixel_controller_pkg/include/dynamixel_controller_pkg/dynamixel_controller_pkg/msg/detail/motor_speeds__rosidl_typesupport_fastrtps_cpp.hpp
[11.116s] -- Installing: /home/orin/work/Foreview_ws/src/install/dynamixel_controller_pkg/include/dynamixel_controller_pkg/dynamixel_controller_pkg/msg/rosidl_typesupport_fastrtps_cpp__visibility_control.h
[11.116s] -- Installing: /home/orin/work/Foreview_ws/src/install/dynamixel_controller_pkg/lib/libdynamixel_controller_pkg__rosidl_typesupport_fastrtps_cpp.so
[11.117s] -- Set runtime path of "/home/orin/work/Foreview_ws/src/install/dynamixel_controller_pkg/lib/libdynamixel_controller_pkg__rosidl_typesupport_fastrtps_cpp.so" to ""
[11.117s] -- Up-to-date: /home/orin/work/Foreview_ws/src/install/dynamixel_controller_pkg/include/dynamixel_controller_pkg/dynamixel_controller_pkg
[11.117s] -- Up-to-date: /home/orin/work/Foreview_ws/src/install/dynamixel_controller_pkg/include/dynamixel_controller_pkg/dynamixel_controller_pkg/msg
[11.117s] -- Up-to-date: /home/orin/work/Foreview_ws/src/install/dynamixel_controller_pkg/include/dynamixel_controller_pkg/dynamixel_controller_pkg/msg/detail
[11.117s] -- Installing: /home/orin/work/Foreview_ws/src/install/dynamixel_controller_pkg/include/dynamixel_controller_pkg/dynamixel_controller_pkg/msg/detail/motor_speeds__rosidl_typesupport_introspection_c.h
[11.117s] -- Installing: /home/orin/work/Foreview_ws/src/install/dynamixel_controller_pkg/include/dynamixel_controller_pkg/dynamixel_controller_pkg/msg/detail/motor_speeds__type_support.c
[11.117s] -- Installing: /home/orin/work/Foreview_ws/src/install/dynamixel_controller_pkg/include/dynamixel_controller_pkg/dynamixel_controller_pkg/msg/rosidl_typesupport_introspection_c__visibility_control.h
[11.118s] -- Installing: /home/orin/work/Foreview_ws/src/install/dynamixel_controller_pkg/lib/libdynamixel_controller_pkg__rosidl_typesupport_introspection_c.so
[11.118s] -- Set runtime path of "/home/orin/work/Foreview_ws/src/install/dynamixel_controller_pkg/lib/libdynamixel_controller_pkg__rosidl_typesupport_introspection_c.so" to ""
[11.118s] -- Installing: /home/orin/work/Foreview_ws/src/install/dynamixel_controller_pkg/lib/libdynamixel_controller_pkg__rosidl_typesupport_c.so
[11.119s] -- Set runtime path of "/home/orin/work/Foreview_ws/src/install/dynamixel_controller_pkg/lib/libdynamixel_controller_pkg__rosidl_typesupport_c.so" to ""
[11.119s] -- Up-to-date: /home/orin/work/Foreview_ws/src/install/dynamixel_controller_pkg/include/dynamixel_controller_pkg/dynamixel_controller_pkg
[11.119s] -- Up-to-date: /home/orin/work/Foreview_ws/src/install/dynamixel_controller_pkg/include/dynamixel_controller_pkg/dynamixel_controller_pkg/msg
[11.119s] -- Up-to-date: /home/orin/work/Foreview_ws/src/install/dynamixel_controller_pkg/include/dynamixel_controller_pkg/dynamixel_controller_pkg/msg/detail
[11.119s] -- Installing: /home/orin/work/Foreview_ws/src/install/dynamixel_controller_pkg/include/dynamixel_controller_pkg/dynamixel_controller_pkg/msg/detail/motor_speeds__type_support.cpp
[11.120s] -- Installing: /home/orin/work/Foreview_ws/src/install/dynamixel_controller_pkg/include/dynamixel_controller_pkg/dynamixel_controller_pkg/msg/detail/motor_speeds__rosidl_typesupport_introspection_cpp.hpp
[11.120s] -- Installing: /home/orin/work/Foreview_ws/src/install/dynamixel_controller_pkg/lib/libdynamixel_controller_pkg__rosidl_typesupport_introspection_cpp.so
[11.120s] -- Set runtime path of "/home/orin/work/Foreview_ws/src/install/dynamixel_controller_pkg/lib/libdynamixel_controller_pkg__rosidl_typesupport_introspection_cpp.so" to ""
[11.120s] -- Installing: /home/orin/work/Foreview_ws/src/install/dynamixel_controller_pkg/lib/libdynamixel_controller_pkg__rosidl_typesupport_cpp.so
[11.121s] -- Set runtime path of "/home/orin/work/Foreview_ws/src/install/dynamixel_controller_pkg/lib/libdynamixel_controller_pkg__rosidl_typesupport_cpp.so" to ""
[11.121s] -- Installing: /home/orin/work/Foreview_ws/src/install/dynamixel_controller_pkg/share/dynamixel_controller_pkg/environment/pythonpath.sh
[11.121s] -- Installing: /home/orin/work/Foreview_ws/src/install/dynamixel_controller_pkg/share/dynamixel_controller_pkg/environment/pythonpath.dsv
[11.122s] -- Installing: /home/orin/work/Foreview_ws/src/install/dynamixel_controller_pkg/lib/python3.8/site-packages/dynamixel_controller_pkg-0.0.0-py3.8.egg-info
[11.122s] -- Installing: /home/orin/work/Foreview_ws/src/install/dynamixel_controller_pkg/lib/python3.8/site-packages/dynamixel_controller_pkg-0.0.0-py3.8.egg-info/PKG-INFO
[11.122s] -- Installing: /home/orin/work/Foreview_ws/src/install/dynamixel_controller_pkg/lib/python3.8/site-packages/dynamixel_controller_pkg-0.0.0-py3.8.egg-info/top_level.txt
[11.122s] -- Installing: /home/orin/work/Foreview_ws/src/install/dynamixel_controller_pkg/lib/python3.8/site-packages/dynamixel_controller_pkg-0.0.0-py3.8.egg-info/SOURCES.txt
[11.122s] -- Installing: /home/orin/work/Foreview_ws/src/install/dynamixel_controller_pkg/lib/python3.8/site-packages/dynamixel_controller_pkg-0.0.0-py3.8.egg-info/dependency_links.txt
[11.123s] -- Installing: /home/orin/work/Foreview_ws/src/install/dynamixel_controller_pkg/lib/python3.8/site-packages/dynamixel_controller_pkg
[11.123s] -- Installing: /home/orin/work/Foreview_ws/src/install/dynamixel_controller_pkg/lib/python3.8/site-packages/dynamixel_controller_pkg/__init__.py
[11.123s] -- Installing: /home/orin/work/Foreview_ws/src/install/dynamixel_controller_pkg/lib/python3.8/site-packages/dynamixel_controller_pkg/dynamixel_controller_pkg_s__rosidl_typesupport_fastrtps_c.cpython-38-aarch64-linux-gnu.so
[11.124s] -- Installing: /home/orin/work/Foreview_ws/src/install/dynamixel_controller_pkg/lib/python3.8/site-packages/dynamixel_controller_pkg/dynamixel_controller_pkg_s__rosidl_typesupport_introspection_c.cpython-38-aarch64-linux-gnu.so
[11.124s] -- Installing: /home/orin/work/Foreview_ws/src/install/dynamixel_controller_pkg/lib/python3.8/site-packages/dynamixel_controller_pkg/dynamixel_controller_pkg_s__rosidl_typesupport_c.cpython-38-aarch64-linux-gnu.so
[11.124s] -- Installing: /home/orin/work/Foreview_ws/src/install/dynamixel_controller_pkg/lib/python3.8/site-packages/dynamixel_controller_pkg/libdynamixel_controller_pkg__rosidl_generator_py.so
[11.125s] -- Installing: /home/orin/work/Foreview_ws/src/install/dynamixel_controller_pkg/lib/python3.8/site-packages/dynamixel_controller_pkg/msg
[11.125s] -- Installing: /home/orin/work/Foreview_ws/src/install/dynamixel_controller_pkg/lib/python3.8/site-packages/dynamixel_controller_pkg/msg/__init__.py
[11.125s] -- Installing: /home/orin/work/Foreview_ws/src/install/dynamixel_controller_pkg/lib/python3.8/site-packages/dynamixel_controller_pkg/msg/_motor_speeds.py
[11.126s] -- Installing: /home/orin/work/Foreview_ws/src/install/dynamixel_controller_pkg/lib/python3.8/site-packages/dynamixel_controller_pkg/msg/_motor_speeds_s.c
[11.126s] -- Installing: /home/orin/work/Foreview_ws/src/install/dynamixel_controller_pkg/lib/python3.8/site-packages/dynamixel_controller_pkg/_dynamixel_controller_pkg_s.ep.rosidl_typesupport_c.c
[11.126s] -- Installing: /home/orin/work/Foreview_ws/src/install/dynamixel_controller_pkg/lib/python3.8/site-packages/dynamixel_controller_pkg/_dynamixel_controller_pkg_s.ep.rosidl_typesupport_fastrtps_c.c
[11.126s] -- Installing: /home/orin/work/Foreview_ws/src/install/dynamixel_controller_pkg/lib/python3.8/site-packages/dynamixel_controller_pkg/_dynamixel_controller_pkg_s.ep.rosidl_typesupport_introspection_c.c
[11.174s] Listing '/home/orin/work/Foreview_ws/src/install/dynamixel_controller_pkg/lib/python3.8/site-packages/dynamixel_controller_pkg'...
[11.174s] Compiling '/home/orin/work/Foreview_ws/src/install/dynamixel_controller_pkg/lib/python3.8/site-packages/dynamixel_controller_pkg/__init__.py'...
[11.174s] Listing '/home/orin/work/Foreview_ws/src/install/dynamixel_controller_pkg/lib/python3.8/site-packages/dynamixel_controller_pkg/msg'...
[11.175s] Compiling '/home/orin/work/Foreview_ws/src/install/dynamixel_controller_pkg/lib/python3.8/site-packages/dynamixel_controller_pkg/msg/__init__.py'...
[11.175s] Compiling '/home/orin/work/Foreview_ws/src/install/dynamixel_controller_pkg/lib/python3.8/site-packages/dynamixel_controller_pkg/msg/_motor_speeds.py'...
[11.184s] -- Installing: /home/orin/work/Foreview_ws/src/install/dynamixel_controller_pkg/lib/python3.8/site-packages/dynamixel_controller_pkg/dynamixel_controller_pkg_s__rosidl_typesupport_fastrtps_c.cpython-38-aarch64-linux-gnu.so
[11.184s] -- Set runtime path of "/home/orin/work/Foreview_ws/src/install/dynamixel_controller_pkg/lib/python3.8/site-packages/dynamixel_controller_pkg/dynamixel_controller_pkg_s__rosidl_typesupport_fastrtps_c.cpython-38-aarch64-linux-gnu.so" to ""
[11.185s] -- Installing: /home/orin/work/Foreview_ws/src/install/dynamixel_controller_pkg/lib/python3.8/site-packages/dynamixel_controller_pkg/dynamixel_controller_pkg_s__rosidl_typesupport_introspection_c.cpython-38-aarch64-linux-gnu.so
[11.185s] -- Set runtime path of "/home/orin/work/Foreview_ws/src/install/dynamixel_controller_pkg/lib/python3.8/site-packages/dynamixel_controller_pkg/dynamixel_controller_pkg_s__rosidl_typesupport_introspection_c.cpython-38-aarch64-linux-gnu.so" to ""
[11.185s] -- Installing: /home/orin/work/Foreview_ws/src/install/dynamixel_controller_pkg/lib/python3.8/site-packages/dynamixel_controller_pkg/dynamixel_controller_pkg_s__rosidl_typesupport_c.cpython-38-aarch64-linux-gnu.so
[11.186s] -- Set runtime path of "/home/orin/work/Foreview_ws/src/install/dynamixel_controller_pkg/lib/python3.8/site-packages/dynamixel_controller_pkg/dynamixel_controller_pkg_s__rosidl_typesupport_c.cpython-38-aarch64-linux-gnu.so" to ""
[11.186s] -- Installing: /home/orin/work/Foreview_ws/src/install/dynamixel_controller_pkg/lib/libdynamixel_controller_pkg__rosidl_generator_py.so
[11.186s] -- Set runtime path of "/home/orin/work/Foreview_ws/src/install/dynamixel_controller_pkg/lib/libdynamixel_controller_pkg__rosidl_generator_py.so" to ""
[11.187s] -- Installing: /home/orin/work/Foreview_ws/src/install/dynamixel_controller_pkg/share/dynamixel_controller_pkg/msg/MotorSpeeds.idl
[11.187s] -- Installing: /home/orin/work/Foreview_ws/src/install/dynamixel_controller_pkg/share/dynamixel_controller_pkg/msg/MotorSpeeds.msg
[11.187s] -- Installing: /home/orin/work/Foreview_ws/src/install/dynamixel_controller_pkg/share/ament_index/resource_index/package_run_dependencies/dynamixel_controller_pkg
[11.187s] -- Installing: /home/orin/work/Foreview_ws/src/install/dynamixel_controller_pkg/share/ament_index/resource_index/parent_prefix_path/dynamixel_controller_pkg
[11.188s] -- Installing: /home/orin/work/Foreview_ws/src/install/dynamixel_controller_pkg/share/dynamixel_controller_pkg/environment/ament_prefix_path.sh
[11.188s] -- Installing: /home/orin/work/Foreview_ws/src/install/dynamixel_controller_pkg/share/dynamixel_controller_pkg/environment/ament_prefix_path.dsv
[11.188s] -- Installing: /home/orin/work/Foreview_ws/src/install/dynamixel_controller_pkg/share/dynamixel_controller_pkg/environment/path.sh
[11.188s] -- Installing: /home/orin/work/Foreview_ws/src/install/dynamixel_controller_pkg/share/dynamixel_controller_pkg/environment/path.dsv
[11.189s] -- Installing: /home/orin/work/Foreview_ws/src/install/dynamixel_controller_pkg/share/dynamixel_controller_pkg/local_setup.bash
[11.189s] -- Installing: /home/orin/work/Foreview_ws/src/install/dynamixel_controller_pkg/share/dynamixel_controller_pkg/local_setup.sh
[11.189s] -- Installing: /home/orin/work/Foreview_ws/src/install/dynamixel_controller_pkg/share/dynamixel_controller_pkg/local_setup.zsh
[11.189s] -- Installing: /home/orin/work/Foreview_ws/src/install/dynamixel_controller_pkg/share/dynamixel_controller_pkg/local_setup.dsv
[11.190s] -- Installing: /home/orin/work/Foreview_ws/src/install/dynamixel_controller_pkg/share/dynamixel_controller_pkg/package.dsv
[11.190s] -- Installing: /home/orin/work/Foreview_ws/src/install/dynamixel_controller_pkg/share/ament_index/resource_index/packages/dynamixel_controller_pkg
[11.190s] -- Installing: /home/orin/work/Foreview_ws/src/install/dynamixel_controller_pkg/share/dynamixel_controller_pkg/cmake/export_dynamixel_controller_pkg__rosidl_generator_cExport.cmake
[11.190s] -- Installing: /home/orin/work/Foreview_ws/src/install/dynamixel_controller_pkg/share/dynamixel_controller_pkg/cmake/export_dynamixel_controller_pkg__rosidl_generator_cExport-noconfig.cmake
[11.191s] -- Installing: /home/orin/work/Foreview_ws/src/install/dynamixel_controller_pkg/share/dynamixel_controller_pkg/cmake/export_dynamixel_controller_pkg__rosidl_typesupport_fastrtps_cExport.cmake
[11.191s] -- Installing: /home/orin/work/Foreview_ws/src/install/dynamixel_controller_pkg/share/dynamixel_controller_pkg/cmake/export_dynamixel_controller_pkg__rosidl_typesupport_fastrtps_cExport-noconfig.cmake
[11.191s] -- Installing: /home/orin/work/Foreview_ws/src/install/dynamixel_controller_pkg/share/dynamixel_controller_pkg/cmake/export_dynamixel_controller_pkg__rosidl_generator_cppExport.cmake
[11.192s] -- Installing: /home/orin/work/Foreview_ws/src/install/dynamixel_controller_pkg/share/dynamixel_controller_pkg/cmake/export_dynamixel_controller_pkg__rosidl_typesupport_fastrtps_cppExport.cmake
[11.192s] -- Installing: /home/orin/work/Foreview_ws/src/install/dynamixel_controller_pkg/share/dynamixel_controller_pkg/cmake/export_dynamixel_controller_pkg__rosidl_typesupport_fastrtps_cppExport-noconfig.cmake
[11.192s] -- Installing: /home/orin/work/Foreview_ws/src/install/dynamixel_controller_pkg/share/dynamixel_controller_pkg/cmake/dynamixel_controller_pkg__rosidl_typesupport_introspection_cExport.cmake
[11.193s] -- Installing: /home/orin/work/Foreview_ws/src/install/dynamixel_controller_pkg/share/dynamixel_controller_pkg/cmake/dynamixel_controller_pkg__rosidl_typesupport_introspection_cExport-noconfig.cmake
[11.193s] -- Installing: /home/orin/work/Foreview_ws/src/install/dynamixel_controller_pkg/share/dynamixel_controller_pkg/cmake/dynamixel_controller_pkg__rosidl_typesupport_cExport.cmake
[11.193s] -- Installing: /home/orin/work/Foreview_ws/src/install/dynamixel_controller_pkg/share/dynamixel_controller_pkg/cmake/dynamixel_controller_pkg__rosidl_typesupport_cExport-noconfig.cmake
[11.193s] -- Installing: /home/orin/work/Foreview_ws/src/install/dynamixel_controller_pkg/share/dynamixel_controller_pkg/cmake/dynamixel_controller_pkg__rosidl_typesupport_introspection_cppExport.cmake
[11.194s] -- Installing: /home/orin/work/Foreview_ws/src/install/dynamixel_controller_pkg/share/dynamixel_controller_pkg/cmake/dynamixel_controller_pkg__rosidl_typesupport_introspection_cppExport-noconfig.cmake
[11.194s] -- Installing: /home/orin/work/Foreview_ws/src/install/dynamixel_controller_pkg/share/dynamixel_controller_pkg/cmake/dynamixel_controller_pkg__rosidl_typesupport_cppExport.cmake
[11.194s] -- Installing: /home/orin/work/Foreview_ws/src/install/dynamixel_controller_pkg/share/dynamixel_controller_pkg/cmake/dynamixel_controller_pkg__rosidl_typesupport_cppExport-noconfig.cmake
[11.194s] -- Installing: /home/orin/work/Foreview_ws/src/install/dynamixel_controller_pkg/share/dynamixel_controller_pkg/cmake/export_dynamixel_controller_pkg__rosidl_generator_pyExport.cmake
[11.195s] -- Installing: /home/orin/work/Foreview_ws/src/install/dynamixel_controller_pkg/share/dynamixel_controller_pkg/cmake/export_dynamixel_controller_pkg__rosidl_generator_pyExport-noconfig.cmake
[11.195s] -- Installing: /home/orin/work/Foreview_ws/src/install/dynamixel_controller_pkg/share/dynamixel_controller_pkg/cmake/rosidl_cmake-extras.cmake
[11.195s] -- Installing: /home/orin/work/Foreview_ws/src/install/dynamixel_controller_pkg/share/dynamixel_controller_pkg/cmake/ament_cmake_export_dependencies-extras.cmake
[11.195s] -- Installing: /home/orin/work/Foreview_ws/src/install/dynamixel_controller_pkg/share/dynamixel_controller_pkg/cmake/ament_cmake_export_include_directories-extras.cmake
[11.196s] -- Installing: /home/orin/work/Foreview_ws/src/install/dynamixel_controller_pkg/share/dynamixel_controller_pkg/cmake/ament_cmake_export_libraries-extras.cmake
[11.196s] -- Installing: /home/orin/work/Foreview_ws/src/install/dynamixel_controller_pkg/share/dynamixel_controller_pkg/cmake/ament_cmake_export_targets-extras.cmake
[11.196s] -- Installing: /home/orin/work/Foreview_ws/src/install/dynamixel_controller_pkg/share/dynamixel_controller_pkg/cmake/rosidl_cmake_export_typesupport_targets-extras.cmake
[11.197s] -- Installing: /home/orin/work/Foreview_ws/src/install/dynamixel_controller_pkg/share/dynamixel_controller_pkg/cmake/rosidl_cmake_export_typesupport_libraries-extras.cmake
[11.197s] -- Installing: /home/orin/work/Foreview_ws/src/install/dynamixel_controller_pkg/share/dynamixel_controller_pkg/cmake/dynamixel_controller_pkgConfig.cmake
[11.197s] -- Installing: /home/orin/work/Foreview_ws/src/install/dynamixel_controller_pkg/share/dynamixel_controller_pkg/cmake/dynamixel_controller_pkgConfig-version.cmake
[11.198s] -- Installing: /home/orin/work/Foreview_ws/src/install/dynamixel_controller_pkg/share/dynamixel_controller_pkg/package.xml
[11.211s] Invoked command in '/home/orin/work/Foreview_ws/src/build/dynamixel_controller_pkg' returned '0': /usr/local/bin/cmake --install /home/orin/work/Foreview_ws/src/build/dynamixel_controller_pkg
