[0.049s] Invoking command in '/home/orin/work/Foreview_ws/build/remote_controller_pkg': /usr/local/bin/cmake --build /home/orin/work/Foreview_ws/build/remote_controller_pkg -- -j12 -l12
[0.129s] [  3%] Built target remote_controller_pkg__cpp
[0.137s] [ 12%] Built target remote_controller_pkg__rosidl_generator_c
[0.144s] [ 12%] Built target ament_cmake_python_copy_remote_controller_pkg
[0.164s] [ 22%] Built target remote_controller_pkg__rosidl_typesupport_cpp
[0.166s] [ 32%] Built target remote_controller_pkg__rosidl_typesupport_fastrtps_cpp
[0.167s] [ 41%] Built target remote_controller_pkg__rosidl_typesupport_introspection_cpp
[0.168s] [ 51%] Built target remote_controller_pkg__rosidl_typesupport_introspection_c
[0.169s] [ 61%] Built target remote_controller_pkg__rosidl_typesupport_fastrtps_c
[0.170s] [ 70%] Built target remote_controller_pkg__rosidl_typesupport_c
[0.185s] [ 70%] Built target remote_controller_pkg
[0.203s] [ 74%] Built target remote_controller_pkg__py
[0.221s] [ 80%] Built target remote_controller_pkg__rosidl_generator_py
[0.244s] [100%] Built target remote_controller_pkg__rosidl_typesupport_fastrtps_c__pyext
[0.245s] [100%] Built target remote_controller_pkg__rosidl_typesupport_introspection_c__pyext
[0.245s] [100%] Built target remote_controller_pkg__rosidl_typesupport_c__pyext
[0.479s] running egg_info
[0.506s] writing remote_controller_pkg.egg-info/PKG-INFO
[0.507s] writing dependency_links to remote_controller_pkg.egg-info/dependency_links.txt
[0.507s] writing top-level names to remote_controller_pkg.egg-info/top_level.txt
[0.584s] reading manifest file 'remote_controller_pkg.egg-info/SOURCES.txt'
[0.585s] writing manifest file 'remote_controller_pkg.egg-info/SOURCES.txt'
[0.634s] [100%] Built target ament_cmake_python_build_remote_controller_pkg_egg
[0.652s] Invoked command in '/home/orin/work/Foreview_ws/build/remote_controller_pkg' returned '0': /usr/local/bin/cmake --build /home/orin/work/Foreview_ws/build/remote_controller_pkg -- -j12 -l12
[0.837s] Invoking command in '/home/orin/work/Foreview_ws/build/remote_controller_pkg': /usr/local/bin/cmake --install /home/orin/work/Foreview_ws/build/remote_controller_pkg
[0.881s] -- Install configuration: ""
[0.882s] -- Up-to-date: /home/orin/work/Foreview_ws/install/remote_controller_pkg/share/ament_index/resource_index/rosidl_interfaces/remote_controller_pkg
[0.882s] -- Up-to-date: /home/orin/work/Foreview_ws/install/remote_controller_pkg/include/remote_controller_pkg/remote_controller_pkg
[0.882s] -- Up-to-date: /home/orin/work/Foreview_ws/install/remote_controller_pkg/include/remote_controller_pkg/remote_controller_pkg/msg
[0.883s] -- Up-to-date: /home/orin/work/Foreview_ws/install/remote_controller_pkg/include/remote_controller_pkg/remote_controller_pkg/msg/rosidl_generator_c__visibility_control.h
[0.883s] -- Up-to-date: /home/orin/work/Foreview_ws/install/remote_controller_pkg/include/remote_controller_pkg/remote_controller_pkg/msg/detail
[0.883s] -- Up-to-date: /home/orin/work/Foreview_ws/install/remote_controller_pkg/include/remote_controller_pkg/remote_controller_pkg/msg/detail/motor_speeds__functions.h
[0.883s] -- Up-to-date: /home/orin/work/Foreview_ws/install/remote_controller_pkg/include/remote_controller_pkg/remote_controller_pkg/msg/detail/motor_speeds__type_support.h
[0.883s] -- Up-to-date: /home/orin/work/Foreview_ws/install/remote_controller_pkg/include/remote_controller_pkg/remote_controller_pkg/msg/detail/motor_speeds__functions.c
[0.884s] -- Up-to-date: /home/orin/work/Foreview_ws/install/remote_controller_pkg/include/remote_controller_pkg/remote_controller_pkg/msg/detail/motor_speeds__struct.h
[0.884s] -- Up-to-date: /home/orin/work/Foreview_ws/install/remote_controller_pkg/include/remote_controller_pkg/remote_controller_pkg/msg/motor_speeds.h
[0.884s] -- Up-to-date: /home/orin/work/Foreview_ws/install/remote_controller_pkg/share/remote_controller_pkg/environment/library_path.sh
[0.884s] -- Up-to-date: /home/orin/work/Foreview_ws/install/remote_controller_pkg/share/remote_controller_pkg/environment/library_path.dsv
[0.884s] -- Up-to-date: /home/orin/work/Foreview_ws/install/remote_controller_pkg/lib/libremote_controller_pkg__rosidl_generator_c.so
[0.885s] -- Up-to-date: /home/orin/work/Foreview_ws/install/remote_controller_pkg/include/remote_controller_pkg/remote_controller_pkg
[0.885s] -- Up-to-date: /home/orin/work/Foreview_ws/install/remote_controller_pkg/include/remote_controller_pkg/remote_controller_pkg/msg
[0.885s] -- Up-to-date: /home/orin/work/Foreview_ws/install/remote_controller_pkg/include/remote_controller_pkg/remote_controller_pkg/msg/detail
[0.885s] -- Up-to-date: /home/orin/work/Foreview_ws/install/remote_controller_pkg/include/remote_controller_pkg/remote_controller_pkg/msg/detail/motor_speeds__rosidl_typesupport_fastrtps_c.h
[0.886s] -- Up-to-date: /home/orin/work/Foreview_ws/install/remote_controller_pkg/include/remote_controller_pkg/remote_controller_pkg/msg/rosidl_typesupport_fastrtps_c__visibility_control.h
[0.886s] -- Up-to-date: /home/orin/work/Foreview_ws/install/remote_controller_pkg/lib/libremote_controller_pkg__rosidl_typesupport_fastrtps_c.so
[0.887s] -- Up-to-date: /home/orin/work/Foreview_ws/install/remote_controller_pkg/include/remote_controller_pkg/remote_controller_pkg
[0.887s] -- Up-to-date: /home/orin/work/Foreview_ws/install/remote_controller_pkg/include/remote_controller_pkg/remote_controller_pkg/msg
[0.887s] -- Up-to-date: /home/orin/work/Foreview_ws/install/remote_controller_pkg/include/remote_controller_pkg/remote_controller_pkg/msg/detail
[0.887s] -- Up-to-date: /home/orin/work/Foreview_ws/install/remote_controller_pkg/include/remote_controller_pkg/remote_controller_pkg/msg/detail/motor_speeds__traits.hpp
[0.887s] -- Up-to-date: /home/orin/work/Foreview_ws/install/remote_controller_pkg/include/remote_controller_pkg/remote_controller_pkg/msg/detail/motor_speeds__struct.hpp
[0.888s] -- Up-to-date: /home/orin/work/Foreview_ws/install/remote_controller_pkg/include/remote_controller_pkg/remote_controller_pkg/msg/detail/motor_speeds__builder.hpp
[0.888s] -- Up-to-date: /home/orin/work/Foreview_ws/install/remote_controller_pkg/include/remote_controller_pkg/remote_controller_pkg/msg/motor_speeds.hpp
[0.888s] -- Up-to-date: /home/orin/work/Foreview_ws/install/remote_controller_pkg/include/remote_controller_pkg/remote_controller_pkg
[0.888s] -- Up-to-date: /home/orin/work/Foreview_ws/install/remote_controller_pkg/include/remote_controller_pkg/remote_controller_pkg/msg
[0.888s] -- Up-to-date: /home/orin/work/Foreview_ws/install/remote_controller_pkg/include/remote_controller_pkg/remote_controller_pkg/msg/detail
[0.888s] -- Up-to-date: /home/orin/work/Foreview_ws/install/remote_controller_pkg/include/remote_controller_pkg/remote_controller_pkg/msg/detail/dds_fastrtps
[0.888s] -- Up-to-date: /home/orin/work/Foreview_ws/install/remote_controller_pkg/include/remote_controller_pkg/remote_controller_pkg/msg/detail/motor_speeds__rosidl_typesupport_fastrtps_cpp.hpp
[0.889s] -- Up-to-date: /home/orin/work/Foreview_ws/install/remote_controller_pkg/include/remote_controller_pkg/remote_controller_pkg/msg/rosidl_typesupport_fastrtps_cpp__visibility_control.h
[0.889s] -- Up-to-date: /home/orin/work/Foreview_ws/install/remote_controller_pkg/lib/libremote_controller_pkg__rosidl_typesupport_fastrtps_cpp.so
[0.889s] -- Up-to-date: /home/orin/work/Foreview_ws/install/remote_controller_pkg/include/remote_controller_pkg/remote_controller_pkg
[0.889s] -- Up-to-date: /home/orin/work/Foreview_ws/install/remote_controller_pkg/include/remote_controller_pkg/remote_controller_pkg/msg
[0.889s] -- Up-to-date: /home/orin/work/Foreview_ws/install/remote_controller_pkg/include/remote_controller_pkg/remote_controller_pkg/msg/detail
[0.889s] -- Up-to-date: /home/orin/work/Foreview_ws/install/remote_controller_pkg/include/remote_controller_pkg/remote_controller_pkg/msg/detail/motor_speeds__rosidl_typesupport_introspection_c.h
[0.889s] -- Up-to-date: /home/orin/work/Foreview_ws/install/remote_controller_pkg/include/remote_controller_pkg/remote_controller_pkg/msg/detail/motor_speeds__type_support.c
[0.889s] -- Up-to-date: /home/orin/work/Foreview_ws/install/remote_controller_pkg/include/remote_controller_pkg/remote_controller_pkg/msg/rosidl_typesupport_introspection_c__visibility_control.h
[0.889s] -- Up-to-date: /home/orin/work/Foreview_ws/install/remote_controller_pkg/lib/libremote_controller_pkg__rosidl_typesupport_introspection_c.so
[0.890s] -- Up-to-date: /home/orin/work/Foreview_ws/install/remote_controller_pkg/lib/libremote_controller_pkg__rosidl_typesupport_c.so
[0.890s] -- Up-to-date: /home/orin/work/Foreview_ws/install/remote_controller_pkg/include/remote_controller_pkg/remote_controller_pkg
[0.890s] -- Up-to-date: /home/orin/work/Foreview_ws/install/remote_controller_pkg/include/remote_controller_pkg/remote_controller_pkg/msg
[0.890s] -- Up-to-date: /home/orin/work/Foreview_ws/install/remote_controller_pkg/include/remote_controller_pkg/remote_controller_pkg/msg/detail
[0.890s] -- Up-to-date: /home/orin/work/Foreview_ws/install/remote_controller_pkg/include/remote_controller_pkg/remote_controller_pkg/msg/detail/motor_speeds__type_support.cpp
[0.890s] -- Up-to-date: /home/orin/work/Foreview_ws/install/remote_controller_pkg/include/remote_controller_pkg/remote_controller_pkg/msg/detail/motor_speeds__rosidl_typesupport_introspection_cpp.hpp
[0.890s] -- Up-to-date: /home/orin/work/Foreview_ws/install/remote_controller_pkg/lib/libremote_controller_pkg__rosidl_typesupport_introspection_cpp.so
[0.890s] -- Up-to-date: /home/orin/work/Foreview_ws/install/remote_controller_pkg/lib/libremote_controller_pkg__rosidl_typesupport_cpp.so
[0.890s] -- Up-to-date: /home/orin/work/Foreview_ws/install/remote_controller_pkg/share/remote_controller_pkg/environment/pythonpath.sh
[0.890s] -- Up-to-date: /home/orin/work/Foreview_ws/install/remote_controller_pkg/share/remote_controller_pkg/environment/pythonpath.dsv
[0.891s] -- Up-to-date: /home/orin/work/Foreview_ws/install/remote_controller_pkg/lib/python3.8/site-packages/remote_controller_pkg-0.0.0-py3.8.egg-info
[0.891s] -- Installing: /home/orin/work/Foreview_ws/install/remote_controller_pkg/lib/python3.8/site-packages/remote_controller_pkg-0.0.0-py3.8.egg-info/PKG-INFO
[0.891s] -- Installing: /home/orin/work/Foreview_ws/install/remote_controller_pkg/lib/python3.8/site-packages/remote_controller_pkg-0.0.0-py3.8.egg-info/top_level.txt
[0.891s] -- Installing: /home/orin/work/Foreview_ws/install/remote_controller_pkg/lib/python3.8/site-packages/remote_controller_pkg-0.0.0-py3.8.egg-info/SOURCES.txt
[0.891s] -- Installing: /home/orin/work/Foreview_ws/install/remote_controller_pkg/lib/python3.8/site-packages/remote_controller_pkg-0.0.0-py3.8.egg-info/dependency_links.txt
[0.891s] -- Up-to-date: /home/orin/work/Foreview_ws/install/remote_controller_pkg/lib/python3.8/site-packages/remote_controller_pkg
[0.891s] -- Up-to-date: /home/orin/work/Foreview_ws/install/remote_controller_pkg/lib/python3.8/site-packages/remote_controller_pkg/remote_controller_pkg_s__rosidl_typesupport_introspection_c.cpython-38-aarch64-linux-gnu.so
[0.891s] -- Up-to-date: /home/orin/work/Foreview_ws/install/remote_controller_pkg/lib/python3.8/site-packages/remote_controller_pkg/__init__.py
[0.891s] -- Up-to-date: /home/orin/work/Foreview_ws/install/remote_controller_pkg/lib/python3.8/site-packages/remote_controller_pkg/remote_controller_pkg_s__rosidl_typesupport_fastrtps_c.cpython-38-aarch64-linux-gnu.so
[0.891s] -- Up-to-date: /home/orin/work/Foreview_ws/install/remote_controller_pkg/lib/python3.8/site-packages/remote_controller_pkg/_remote_controller_pkg_s.ep.rosidl_typesupport_fastrtps_c.c
[0.891s] -- Up-to-date: /home/orin/work/Foreview_ws/install/remote_controller_pkg/lib/python3.8/site-packages/remote_controller_pkg/remote_controller_pkg_s__rosidl_typesupport_c.cpython-38-aarch64-linux-gnu.so
[0.892s] -- Up-to-date: /home/orin/work/Foreview_ws/install/remote_controller_pkg/lib/python3.8/site-packages/remote_controller_pkg/_remote_controller_pkg_s.ep.rosidl_typesupport_introspection_c.c
[0.892s] -- Up-to-date: /home/orin/work/Foreview_ws/install/remote_controller_pkg/lib/python3.8/site-packages/remote_controller_pkg/msg
[0.892s] -- Up-to-date: /home/orin/work/Foreview_ws/install/remote_controller_pkg/lib/python3.8/site-packages/remote_controller_pkg/msg/__init__.py
[0.892s] -- Up-to-date: /home/orin/work/Foreview_ws/install/remote_controller_pkg/lib/python3.8/site-packages/remote_controller_pkg/msg/_motor_speeds.py
[0.892s] -- Up-to-date: /home/orin/work/Foreview_ws/install/remote_controller_pkg/lib/python3.8/site-packages/remote_controller_pkg/msg/_motor_speeds_s.c
[0.892s] -- Up-to-date: /home/orin/work/Foreview_ws/install/remote_controller_pkg/lib/python3.8/site-packages/remote_controller_pkg/libremote_controller_pkg__rosidl_generator_py.so
[0.892s] -- Up-to-date: /home/orin/work/Foreview_ws/install/remote_controller_pkg/lib/python3.8/site-packages/remote_controller_pkg/_remote_controller_pkg_s.ep.rosidl_typesupport_c.c
[0.933s] Listing '/home/orin/work/Foreview_ws/install/remote_controller_pkg/lib/python3.8/site-packages/remote_controller_pkg'...
[0.933s] Listing '/home/orin/work/Foreview_ws/install/remote_controller_pkg/lib/python3.8/site-packages/remote_controller_pkg/msg'...
[0.941s] -- Up-to-date: /home/orin/work/Foreview_ws/install/remote_controller_pkg/lib/python3.8/site-packages/remote_controller_pkg/remote_controller_pkg_s__rosidl_typesupport_fastrtps_c.cpython-38-aarch64-linux-gnu.so
[0.942s] -- Up-to-date: /home/orin/work/Foreview_ws/install/remote_controller_pkg/lib/python3.8/site-packages/remote_controller_pkg/remote_controller_pkg_s__rosidl_typesupport_introspection_c.cpython-38-aarch64-linux-gnu.so
[0.942s] -- Up-to-date: /home/orin/work/Foreview_ws/install/remote_controller_pkg/lib/python3.8/site-packages/remote_controller_pkg/remote_controller_pkg_s__rosidl_typesupport_c.cpython-38-aarch64-linux-gnu.so
[0.943s] -- Up-to-date: /home/orin/work/Foreview_ws/install/remote_controller_pkg/lib/libremote_controller_pkg__rosidl_generator_py.so
[0.943s] -- Up-to-date: /home/orin/work/Foreview_ws/install/remote_controller_pkg/share/remote_controller_pkg/msg/MotorSpeeds.idl
[0.943s] -- Up-to-date: /home/orin/work/Foreview_ws/install/remote_controller_pkg/share/remote_controller_pkg/msg/MotorSpeeds.msg
[0.944s] -- Up-to-date: /home/orin/work/Foreview_ws/install/remote_controller_pkg/share/ament_index/resource_index/package_run_dependencies/remote_controller_pkg
[0.944s] -- Up-to-date: /home/orin/work/Foreview_ws/install/remote_controller_pkg/share/ament_index/resource_index/parent_prefix_path/remote_controller_pkg
[0.944s] -- Up-to-date: /home/orin/work/Foreview_ws/install/remote_controller_pkg/share/remote_controller_pkg/environment/ament_prefix_path.sh
[0.945s] -- Up-to-date: /home/orin/work/Foreview_ws/install/remote_controller_pkg/share/remote_controller_pkg/environment/ament_prefix_path.dsv
[0.945s] -- Up-to-date: /home/orin/work/Foreview_ws/install/remote_controller_pkg/share/remote_controller_pkg/environment/path.sh
[0.945s] -- Up-to-date: /home/orin/work/Foreview_ws/install/remote_controller_pkg/share/remote_controller_pkg/environment/path.dsv
[0.945s] -- Up-to-date: /home/orin/work/Foreview_ws/install/remote_controller_pkg/share/remote_controller_pkg/local_setup.bash
[0.946s] -- Up-to-date: /home/orin/work/Foreview_ws/install/remote_controller_pkg/share/remote_controller_pkg/local_setup.sh
[0.946s] -- Up-to-date: /home/orin/work/Foreview_ws/install/remote_controller_pkg/share/remote_controller_pkg/local_setup.zsh
[0.946s] -- Up-to-date: /home/orin/work/Foreview_ws/install/remote_controller_pkg/share/remote_controller_pkg/local_setup.dsv
[0.946s] -- Installing: /home/orin/work/Foreview_ws/install/remote_controller_pkg/share/remote_controller_pkg/package.dsv
[0.947s] -- Up-to-date: /home/orin/work/Foreview_ws/install/remote_controller_pkg/share/ament_index/resource_index/packages/remote_controller_pkg
[0.948s] -- Up-to-date: /home/orin/work/Foreview_ws/install/remote_controller_pkg/share/remote_controller_pkg/cmake/export_remote_controller_pkg__rosidl_generator_cExport.cmake
[0.948s] -- Up-to-date: /home/orin/work/Foreview_ws/install/remote_controller_pkg/share/remote_controller_pkg/cmake/export_remote_controller_pkg__rosidl_generator_cExport-noconfig.cmake
[0.948s] -- Up-to-date: /home/orin/work/Foreview_ws/install/remote_controller_pkg/share/remote_controller_pkg/cmake/export_remote_controller_pkg__rosidl_typesupport_fastrtps_cExport.cmake
[0.948s] -- Up-to-date: /home/orin/work/Foreview_ws/install/remote_controller_pkg/share/remote_controller_pkg/cmake/export_remote_controller_pkg__rosidl_typesupport_fastrtps_cExport-noconfig.cmake
[0.948s] -- Up-to-date: /home/orin/work/Foreview_ws/install/remote_controller_pkg/share/remote_controller_pkg/cmake/export_remote_controller_pkg__rosidl_generator_cppExport.cmake
[0.948s] -- Up-to-date: /home/orin/work/Foreview_ws/install/remote_controller_pkg/share/remote_controller_pkg/cmake/export_remote_controller_pkg__rosidl_typesupport_fastrtps_cppExport.cmake
[0.948s] -- Up-to-date: /home/orin/work/Foreview_ws/install/remote_controller_pkg/share/remote_controller_pkg/cmake/export_remote_controller_pkg__rosidl_typesupport_fastrtps_cppExport-noconfig.cmake
[0.948s] -- Up-to-date: /home/orin/work/Foreview_ws/install/remote_controller_pkg/share/remote_controller_pkg/cmake/remote_controller_pkg__rosidl_typesupport_introspection_cExport.cmake
[0.948s] -- Up-to-date: /home/orin/work/Foreview_ws/install/remote_controller_pkg/share/remote_controller_pkg/cmake/remote_controller_pkg__rosidl_typesupport_introspection_cExport-noconfig.cmake
[0.949s] -- Up-to-date: /home/orin/work/Foreview_ws/install/remote_controller_pkg/share/remote_controller_pkg/cmake/remote_controller_pkg__rosidl_typesupport_cExport.cmake
[0.949s] -- Up-to-date: /home/orin/work/Foreview_ws/install/remote_controller_pkg/share/remote_controller_pkg/cmake/remote_controller_pkg__rosidl_typesupport_cExport-noconfig.cmake
[0.949s] -- Up-to-date: /home/orin/work/Foreview_ws/install/remote_controller_pkg/share/remote_controller_pkg/cmake/remote_controller_pkg__rosidl_typesupport_introspection_cppExport.cmake
[0.949s] -- Up-to-date: /home/orin/work/Foreview_ws/install/remote_controller_pkg/share/remote_controller_pkg/cmake/remote_controller_pkg__rosidl_typesupport_introspection_cppExport-noconfig.cmake
[0.949s] -- Up-to-date: /home/orin/work/Foreview_ws/install/remote_controller_pkg/share/remote_controller_pkg/cmake/remote_controller_pkg__rosidl_typesupport_cppExport.cmake
[0.949s] -- Up-to-date: /home/orin/work/Foreview_ws/install/remote_controller_pkg/share/remote_controller_pkg/cmake/remote_controller_pkg__rosidl_typesupport_cppExport-noconfig.cmake
[0.949s] -- Up-to-date: /home/orin/work/Foreview_ws/install/remote_controller_pkg/share/remote_controller_pkg/cmake/export_remote_controller_pkg__rosidl_generator_pyExport.cmake
[0.949s] -- Up-to-date: /home/orin/work/Foreview_ws/install/remote_controller_pkg/share/remote_controller_pkg/cmake/export_remote_controller_pkg__rosidl_generator_pyExport-noconfig.cmake
[0.949s] -- Up-to-date: /home/orin/work/Foreview_ws/install/remote_controller_pkg/share/remote_controller_pkg/cmake/rosidl_cmake-extras.cmake
[0.949s] -- Up-to-date: /home/orin/work/Foreview_ws/install/remote_controller_pkg/share/remote_controller_pkg/cmake/ament_cmake_export_dependencies-extras.cmake
[0.950s] -- Up-to-date: /home/orin/work/Foreview_ws/install/remote_controller_pkg/share/remote_controller_pkg/cmake/ament_cmake_export_include_directories-extras.cmake
[0.950s] -- Up-to-date: /home/orin/work/Foreview_ws/install/remote_controller_pkg/share/remote_controller_pkg/cmake/ament_cmake_export_libraries-extras.cmake
[0.950s] -- Up-to-date: /home/orin/work/Foreview_ws/install/remote_controller_pkg/share/remote_controller_pkg/cmake/ament_cmake_export_targets-extras.cmake
[0.950s] -- Up-to-date: /home/orin/work/Foreview_ws/install/remote_controller_pkg/share/remote_controller_pkg/cmake/rosidl_cmake_export_typesupport_targets-extras.cmake
[0.950s] -- Up-to-date: /home/orin/work/Foreview_ws/install/remote_controller_pkg/share/remote_controller_pkg/cmake/rosidl_cmake_export_typesupport_libraries-extras.cmake
[0.950s] -- Up-to-date: /home/orin/work/Foreview_ws/install/remote_controller_pkg/share/remote_controller_pkg/cmake/remote_controller_pkgConfig.cmake
[0.950s] -- Up-to-date: /home/orin/work/Foreview_ws/install/remote_controller_pkg/share/remote_controller_pkg/cmake/remote_controller_pkgConfig-version.cmake
[0.950s] -- Up-to-date: /home/orin/work/Foreview_ws/install/remote_controller_pkg/share/remote_controller_pkg/package.xml
[1.033s] Invoked command in '/home/orin/work/Foreview_ws/build/remote_controller_pkg' returned '0': /usr/local/bin/cmake --install /home/orin/work/Foreview_ws/build/remote_controller_pkg
