[0.478s] DEBUG:colcon:Command line arguments: ['/usr/bin/colcon', 'build']
[0.478s] DEBUG:colcon:Parsed command line arguments: Namespace(ament_cmake_args=None, base_paths=['.'], build_base='build', catkin_cmake_args=None, catkin_skip_building_tests=False, cmake_args=None, cmake_clean_cache=False, cmake_clean_first=False, cmake_force_configure=False, cmake_target=None, cmake_target_skip_unavailable=False, continue_on_error=False, event_handlers=None, executor='parallel', ignore_user_meta=False, install_base='install', log_base=None, log_level=None, main=<bound method BuildVerb.main of <colcon_core.verb.build.BuildVerb object at 0xffff863940d0>>, merge_install=False, metas=['./colcon.meta'], packages_above=None, packages_above_and_dependencies=None, packages_above_depth=None, packages_end=None, packages_ignore=None, packages_ignore_regex=None, packages_select=None, packages_select_build_failed=False, packages_select_by_dep=None, packages_select_regex=None, packages_select_test_failures=False, packages_skip=None, packages_skip_build_finished=False, packages_skip_by_dep=None, packages_skip_regex=None, packages_skip_test_passed=False, packages_skip_up_to=None, packages_start=None, packages_up_to=None, packages_up_to_regex=None, parallel_workers=12, paths=None, symlink_install=False, test_result_base=None, verb_extension=<colcon_core.verb.build.BuildVerb object at 0xffff863940d0>, verb_name='build', verb_parser=<colcon_defaults.argument_parser.defaults.DefaultArgumentsDecorator object at 0xffff86366ca0>)
[0.551s] Level 1:colcon.colcon_core.package_discovery:discover_packages(colcon_meta) check parameters
[0.552s] Level 1:colcon.colcon_core.package_discovery:discover_packages(recursive) check parameters
[0.552s] Level 1:colcon.colcon_core.package_discovery:discover_packages(ignore) check parameters
[0.552s] Level 1:colcon.colcon_core.package_discovery:discover_packages(path) check parameters
[0.552s] Level 1:colcon.colcon_core.package_discovery:discover_packages(colcon_meta) discover
[0.552s] Level 1:colcon.colcon_core.package_discovery:discover_packages(recursive) discover
[0.552s] INFO:colcon.colcon_core.package_discovery:Crawling recursively for packages in '/home/orin/work/Foreview_ws'
[0.552s] Level 1:colcon.colcon_core.package_identification:_identify(.) by extensions ['ignore', 'ignore_ament_install']
[0.552s] Level 1:colcon.colcon_core.package_identification:_identify(.) by extension 'ignore'
[0.552s] Level 1:colcon.colcon_core.package_identification:_identify(.) by extension 'ignore_ament_install'
[0.553s] Level 1:colcon.colcon_core.package_identification:_identify(.) by extensions ['colcon_pkg']
[0.553s] Level 1:colcon.colcon_core.package_identification:_identify(.) by extension 'colcon_pkg'
[0.553s] Level 1:colcon.colcon_core.package_identification:_identify(.) by extensions ['colcon_meta']
[0.553s] Level 1:colcon.colcon_core.package_identification:_identify(.) by extension 'colcon_meta'
[0.553s] Level 1:colcon.colcon_core.package_identification:_identify(.) by extensions ['ros']
[0.553s] Level 1:colcon.colcon_core.package_identification:_identify(.) by extension 'ros'
[0.575s] Level 1:colcon.colcon_core.package_identification:_identify(.) by extensions ['cmake', 'python']
[0.575s] Level 1:colcon.colcon_core.package_identification:_identify(.) by extension 'cmake'
[0.575s] Level 1:colcon.colcon_core.package_identification:_identify(.) by extension 'python'
[0.575s] Level 1:colcon.colcon_core.package_identification:_identify(.) by extensions ['python_setup_py']
[0.575s] Level 1:colcon.colcon_core.package_identification:_identify(.) by extension 'python_setup_py'
[0.576s] Level 1:colcon.colcon_core.package_identification:_identify(build) by extensions ['ignore', 'ignore_ament_install']
[0.576s] Level 1:colcon.colcon_core.package_identification:_identify(build) by extension 'ignore'
[0.576s] Level 1:colcon.colcon_core.package_identification:_identify(build) ignored
[0.576s] Level 1:colcon.colcon_core.package_identification:_identify(install) by extensions ['ignore', 'ignore_ament_install']
[0.576s] Level 1:colcon.colcon_core.package_identification:_identify(install) by extension 'ignore'
[0.576s] Level 1:colcon.colcon_core.package_identification:_identify(install) ignored
[0.576s] Level 1:colcon.colcon_core.package_identification:_identify(log) by extensions ['ignore', 'ignore_ament_install']
[0.577s] Level 1:colcon.colcon_core.package_identification:_identify(log) by extension 'ignore'
[0.577s] Level 1:colcon.colcon_core.package_identification:_identify(log) ignored
[0.577s] Level 1:colcon.colcon_core.package_identification:_identify(src) by extensions ['ignore', 'ignore_ament_install']
[0.577s] Level 1:colcon.colcon_core.package_identification:_identify(src) by extension 'ignore'
[0.577s] Level 1:colcon.colcon_core.package_identification:_identify(src) by extension 'ignore_ament_install'
[0.577s] Level 1:colcon.colcon_core.package_identification:_identify(src) by extensions ['colcon_pkg']
[0.577s] Level 1:colcon.colcon_core.package_identification:_identify(src) by extension 'colcon_pkg'
[0.577s] Level 1:colcon.colcon_core.package_identification:_identify(src) by extensions ['colcon_meta']
[0.577s] Level 1:colcon.colcon_core.package_identification:_identify(src) by extension 'colcon_meta'
[0.577s] Level 1:colcon.colcon_core.package_identification:_identify(src) by extensions ['ros']
[0.577s] Level 1:colcon.colcon_core.package_identification:_identify(src) by extension 'ros'
[0.578s] Level 1:colcon.colcon_core.package_identification:_identify(src) by extensions ['cmake', 'python']
[0.578s] Level 1:colcon.colcon_core.package_identification:_identify(src) by extension 'cmake'
[0.578s] Level 1:colcon.colcon_core.package_identification:_identify(src) by extension 'python'
[0.578s] Level 1:colcon.colcon_core.package_identification:_identify(src) by extensions ['python_setup_py']
[0.578s] Level 1:colcon.colcon_core.package_identification:_identify(src) by extension 'python_setup_py'
[0.578s] Level 1:colcon.colcon_core.package_identification:_identify(src/build) by extensions ['ignore', 'ignore_ament_install']
[0.578s] Level 1:colcon.colcon_core.package_identification:_identify(src/build) by extension 'ignore'
[0.578s] Level 1:colcon.colcon_core.package_identification:_identify(src/build) ignored
[0.578s] Level 1:colcon.colcon_core.package_identification:_identify(src/dynamixel_controller_pkg) by extensions ['ignore', 'ignore_ament_install']
[0.578s] Level 1:colcon.colcon_core.package_identification:_identify(src/dynamixel_controller_pkg) by extension 'ignore'
[0.579s] Level 1:colcon.colcon_core.package_identification:_identify(src/dynamixel_controller_pkg) by extension 'ignore_ament_install'
[0.579s] Level 1:colcon.colcon_core.package_identification:_identify(src/dynamixel_controller_pkg) by extensions ['colcon_pkg']
[0.579s] Level 1:colcon.colcon_core.package_identification:_identify(src/dynamixel_controller_pkg) by extension 'colcon_pkg'
[0.579s] Level 1:colcon.colcon_core.package_identification:_identify(src/dynamixel_controller_pkg) by extensions ['colcon_meta']
[0.579s] Level 1:colcon.colcon_core.package_identification:_identify(src/dynamixel_controller_pkg) by extension 'colcon_meta'
[0.579s] Level 1:colcon.colcon_core.package_identification:_identify(src/dynamixel_controller_pkg) by extensions ['ros']
[0.579s] Level 1:colcon.colcon_core.package_identification:_identify(src/dynamixel_controller_pkg) by extension 'ros'
[0.583s] DEBUG:colcon.colcon_core.package_identification:Package 'src/dynamixel_controller_pkg' with type 'ros.ament_cmake' and name 'dynamixel_controller_pkg'
[0.583s] Level 1:colcon.colcon_core.package_identification:_identify(src/install) by extensions ['ignore', 'ignore_ament_install']
[0.583s] Level 1:colcon.colcon_core.package_identification:_identify(src/install) by extension 'ignore'
[0.583s] Level 1:colcon.colcon_core.package_identification:_identify(src/install) ignored
[0.584s] Level 1:colcon.colcon_core.package_identification:_identify(src/log) by extensions ['ignore', 'ignore_ament_install']
[0.584s] Level 1:colcon.colcon_core.package_identification:_identify(src/log) by extension 'ignore'
[0.584s] Level 1:colcon.colcon_core.package_identification:_identify(src/log) ignored
[0.584s] Level 1:colcon.colcon_core.package_identification:_identify(src/remote_controller_pkg) by extensions ['ignore', 'ignore_ament_install']
[0.584s] Level 1:colcon.colcon_core.package_identification:_identify(src/remote_controller_pkg) by extension 'ignore'
[0.584s] Level 1:colcon.colcon_core.package_identification:_identify(src/remote_controller_pkg) by extension 'ignore_ament_install'
[0.584s] Level 1:colcon.colcon_core.package_identification:_identify(src/remote_controller_pkg) by extensions ['colcon_pkg']
[0.584s] Level 1:colcon.colcon_core.package_identification:_identify(src/remote_controller_pkg) by extension 'colcon_pkg'
[0.584s] Level 1:colcon.colcon_core.package_identification:_identify(src/remote_controller_pkg) by extensions ['colcon_meta']
[0.585s] Level 1:colcon.colcon_core.package_identification:_identify(src/remote_controller_pkg) by extension 'colcon_meta'
[0.585s] Level 1:colcon.colcon_core.package_identification:_identify(src/remote_controller_pkg) by extensions ['ros']
[0.585s] Level 1:colcon.colcon_core.package_identification:_identify(src/remote_controller_pkg) by extension 'ros'
[0.585s] DEBUG:colcon.colcon_core.package_identification:Package 'src/remote_controller_pkg' with type 'ros.ament_cmake' and name 'remote_controller_pkg'
[0.586s] Level 1:colcon.colcon_core.package_discovery:discover_packages(recursive) using defaults
[0.586s] Level 1:colcon.colcon_core.package_discovery:discover_packages(ignore) discover
[0.586s] Level 1:colcon.colcon_core.package_discovery:discover_packages(ignore) using defaults
[0.586s] Level 1:colcon.colcon_core.package_discovery:discover_packages(path) discover
[0.586s] Level 1:colcon.colcon_core.package_discovery:discover_packages(path) using defaults
[0.629s] Level 5:colcon.colcon_core.verb:set package 'dynamixel_controller_pkg' build argument 'cmake_args' from command line to 'None'
[0.629s] Level 5:colcon.colcon_core.verb:set package 'dynamixel_controller_pkg' build argument 'cmake_target' from command line to 'None'
[0.629s] Level 5:colcon.colcon_core.verb:set package 'dynamixel_controller_pkg' build argument 'cmake_target_skip_unavailable' from command line to 'False'
[0.629s] Level 5:colcon.colcon_core.verb:set package 'dynamixel_controller_pkg' build argument 'cmake_clean_cache' from command line to 'False'
[0.629s] Level 5:colcon.colcon_core.verb:set package 'dynamixel_controller_pkg' build argument 'cmake_clean_first' from command line to 'False'
[0.629s] Level 5:colcon.colcon_core.verb:set package 'dynamixel_controller_pkg' build argument 'cmake_force_configure' from command line to 'False'
[0.630s] Level 5:colcon.colcon_core.verb:set package 'dynamixel_controller_pkg' build argument 'ament_cmake_args' from command line to 'None'
[0.630s] Level 5:colcon.colcon_core.verb:set package 'dynamixel_controller_pkg' build argument 'catkin_cmake_args' from command line to 'None'
[0.630s] Level 5:colcon.colcon_core.verb:set package 'dynamixel_controller_pkg' build argument 'catkin_skip_building_tests' from command line to 'False'
[0.630s] DEBUG:colcon.colcon_core.verb:Building package 'dynamixel_controller_pkg' with the following arguments: {'ament_cmake_args': None, 'build_base': '/home/orin/work/Foreview_ws/build/dynamixel_controller_pkg', 'catkin_cmake_args': None, 'catkin_skip_building_tests': False, 'cmake_args': None, 'cmake_clean_cache': False, 'cmake_clean_first': False, 'cmake_force_configure': False, 'cmake_target': None, 'cmake_target_skip_unavailable': False, 'install_base': '/home/orin/work/Foreview_ws/install/dynamixel_controller_pkg', 'merge_install': False, 'path': '/home/orin/work/Foreview_ws/src/dynamixel_controller_pkg', 'symlink_install': False, 'test_result_base': None}
[0.632s] Level 5:colcon.colcon_core.verb:set package 'remote_controller_pkg' build argument 'cmake_args' from command line to 'None'
[0.632s] Level 5:colcon.colcon_core.verb:set package 'remote_controller_pkg' build argument 'cmake_target' from command line to 'None'
[0.632s] Level 5:colcon.colcon_core.verb:set package 'remote_controller_pkg' build argument 'cmake_target_skip_unavailable' from command line to 'False'
[0.632s] Level 5:colcon.colcon_core.verb:set package 'remote_controller_pkg' build argument 'cmake_clean_cache' from command line to 'False'
[0.632s] Level 5:colcon.colcon_core.verb:set package 'remote_controller_pkg' build argument 'cmake_clean_first' from command line to 'False'
[0.632s] Level 5:colcon.colcon_core.verb:set package 'remote_controller_pkg' build argument 'cmake_force_configure' from command line to 'False'
[0.632s] Level 5:colcon.colcon_core.verb:set package 'remote_controller_pkg' build argument 'ament_cmake_args' from command line to 'None'
[0.632s] Level 5:colcon.colcon_core.verb:set package 'remote_controller_pkg' build argument 'catkin_cmake_args' from command line to 'None'
[0.632s] Level 5:colcon.colcon_core.verb:set package 'remote_controller_pkg' build argument 'catkin_skip_building_tests' from command line to 'False'
[0.632s] DEBUG:colcon.colcon_core.verb:Building package 'remote_controller_pkg' with the following arguments: {'ament_cmake_args': None, 'build_base': '/home/orin/work/Foreview_ws/build/remote_controller_pkg', 'catkin_cmake_args': None, 'catkin_skip_building_tests': False, 'cmake_args': None, 'cmake_clean_cache': False, 'cmake_clean_first': False, 'cmake_force_configure': False, 'cmake_target': None, 'cmake_target_skip_unavailable': False, 'install_base': '/home/orin/work/Foreview_ws/install/remote_controller_pkg', 'merge_install': False, 'path': '/home/orin/work/Foreview_ws/src/remote_controller_pkg', 'symlink_install': False, 'test_result_base': None}
[0.634s] INFO:colcon.colcon_core.executor:Executing jobs using 'parallel' executor
[0.644s] DEBUG:colcon.colcon_parallel_executor.executor.parallel:run_until_complete
[0.644s] INFO:colcon.colcon_ros.task.ament_cmake.build:Building ROS package in '/home/orin/work/Foreview_ws/src/dynamixel_controller_pkg' with build type 'ament_cmake'
[0.644s] INFO:colcon.colcon_cmake.task.cmake.build:Building CMake package in '/home/orin/work/Foreview_ws/src/dynamixel_controller_pkg'
[0.652s] INFO:colcon.colcon_core.plugin_system:Skipping extension 'colcon_core.shell.bat': Not used on non-Windows systems
[0.653s] INFO:colcon.colcon_core.shell:Skip shell extension 'powershell' for command environment: Not usable outside of PowerShell
[0.653s] DEBUG:colcon.colcon_core.shell:Skip shell extension 'dsv' for command environment
[0.675s] INFO:colcon.colcon_ros.task.ament_cmake.build:Building ROS package in '/home/orin/work/Foreview_ws/src/remote_controller_pkg' with build type 'ament_cmake'
[0.676s] INFO:colcon.colcon_cmake.task.cmake.build:Building CMake package in '/home/orin/work/Foreview_ws/src/remote_controller_pkg'
[0.681s] INFO:colcon.colcon_core.shell:Skip shell extension 'powershell' for command environment: Not usable outside of PowerShell
[0.681s] DEBUG:colcon.colcon_core.shell:Skip shell extension 'dsv' for command environment
[0.708s] DEBUG:colcon.colcon_core.event_handler.log_command:Invoking command in '/home/orin/work/Foreview_ws/build/dynamixel_controller_pkg': /usr/local/bin/cmake --build /home/orin/work/Foreview_ws/build/dynamixel_controller_pkg -- -j12 -l12
[0.726s] DEBUG:colcon.colcon_core.event_handler.log_command:Invoking command in '/home/orin/work/Foreview_ws/build/remote_controller_pkg': /usr/local/bin/cmake --build /home/orin/work/Foreview_ws/build/remote_controller_pkg -- -j12 -l12
[1.315s] DEBUG:colcon.colcon_core.event_handler.log_command:Invoked command in '/home/orin/work/Foreview_ws/build/dynamixel_controller_pkg' returned '0': /usr/local/bin/cmake --build /home/orin/work/Foreview_ws/build/dynamixel_controller_pkg -- -j12 -l12
[1.328s] DEBUG:colcon.colcon_core.event_handler.log_command:Invoked command in '/home/orin/work/Foreview_ws/build/remote_controller_pkg' returned '0': /usr/local/bin/cmake --build /home/orin/work/Foreview_ws/build/remote_controller_pkg -- -j12 -l12
[1.506s] DEBUG:colcon.colcon_core.event_handler.log_command:Invoking command in '/home/orin/work/Foreview_ws/build/dynamixel_controller_pkg': /usr/local/bin/cmake --install /home/orin/work/Foreview_ws/build/dynamixel_controller_pkg
[1.514s] DEBUG:colcon.colcon_core.event_handler.log_command:Invoking command in '/home/orin/work/Foreview_ws/build/remote_controller_pkg': /usr/local/bin/cmake --install /home/orin/work/Foreview_ws/build/remote_controller_pkg
[1.632s] Level 1:colcon.colcon_core.environment:create_environment_scripts_only(dynamixel_controller_pkg)
[1.635s] DEBUG:colcon.colcon_core.event_handler.log_command:Invoked command in '/home/orin/work/Foreview_ws/build/dynamixel_controller_pkg' returned '0': /usr/local/bin/cmake --install /home/orin/work/Foreview_ws/build/dynamixel_controller_pkg
[1.651s] Level 1:colcon.colcon_core.environment:checking '/home/orin/work/Foreview_ws/install/dynamixel_controller_pkg' for CMake module files
[1.653s] Level 1:colcon.colcon_core.environment:checking '/home/orin/work/Foreview_ws/install/dynamixel_controller_pkg' for CMake config files
[1.655s] Level 1:colcon.colcon_core.shell:create_environment_hook('dynamixel_controller_pkg', 'cmake_prefix_path')
[1.662s] INFO:colcon.colcon_core.shell:Creating environment hook '/home/orin/work/Foreview_ws/install/dynamixel_controller_pkg/share/dynamixel_controller_pkg/hook/cmake_prefix_path.ps1'
[1.664s] INFO:colcon.colcon_core.shell:Creating environment descriptor '/home/orin/work/Foreview_ws/install/dynamixel_controller_pkg/share/dynamixel_controller_pkg/hook/cmake_prefix_path.dsv'
[1.665s] INFO:colcon.colcon_core.shell:Creating environment hook '/home/orin/work/Foreview_ws/install/dynamixel_controller_pkg/share/dynamixel_controller_pkg/hook/cmake_prefix_path.sh'
[1.667s] Level 1:colcon.colcon_core.environment:checking '/home/orin/work/Foreview_ws/install/dynamixel_controller_pkg/lib'
[1.668s] Level 1:colcon.colcon_core.shell:create_environment_hook('dynamixel_controller_pkg', 'ld_library_path_lib')
[1.673s] INFO:colcon.colcon_core.shell:Creating environment hook '/home/orin/work/Foreview_ws/install/dynamixel_controller_pkg/share/dynamixel_controller_pkg/hook/ld_library_path_lib.ps1'
[1.674s] INFO:colcon.colcon_core.shell:Creating environment descriptor '/home/orin/work/Foreview_ws/install/dynamixel_controller_pkg/share/dynamixel_controller_pkg/hook/ld_library_path_lib.dsv'
[1.675s] INFO:colcon.colcon_core.shell:Creating environment hook '/home/orin/work/Foreview_ws/install/dynamixel_controller_pkg/share/dynamixel_controller_pkg/hook/ld_library_path_lib.sh'
[1.675s] Level 1:colcon.colcon_core.environment:checking '/home/orin/work/Foreview_ws/install/dynamixel_controller_pkg/bin'
[1.675s] Level 1:colcon.colcon_core.environment:checking '/home/orin/work/Foreview_ws/install/dynamixel_controller_pkg/lib/pkgconfig/dynamixel_controller_pkg.pc'
[1.678s] Level 1:colcon.colcon_core.environment:checking '/home/orin/work/Foreview_ws/install/dynamixel_controller_pkg/lib/python3.8/site-packages'
[1.678s] Level 1:colcon.colcon_core.shell:create_environment_hook('dynamixel_controller_pkg', 'pythonpath')
[1.682s] INFO:colcon.colcon_core.shell:Creating environment hook '/home/orin/work/Foreview_ws/install/dynamixel_controller_pkg/share/dynamixel_controller_pkg/hook/pythonpath.ps1'
[1.683s] INFO:colcon.colcon_core.shell:Creating environment descriptor '/home/orin/work/Foreview_ws/install/dynamixel_controller_pkg/share/dynamixel_controller_pkg/hook/pythonpath.dsv'
[1.684s] INFO:colcon.colcon_core.shell:Creating environment hook '/home/orin/work/Foreview_ws/install/dynamixel_controller_pkg/share/dynamixel_controller_pkg/hook/pythonpath.sh'
[1.685s] Level 1:colcon.colcon_core.environment:checking '/home/orin/work/Foreview_ws/install/dynamixel_controller_pkg/bin'
[1.689s] INFO:colcon.colcon_core.shell:Creating package script '/home/orin/work/Foreview_ws/install/dynamixel_controller_pkg/share/dynamixel_controller_pkg/package.ps1'
[1.690s] INFO:colcon.colcon_core.shell:Creating package descriptor '/home/orin/work/Foreview_ws/install/dynamixel_controller_pkg/share/dynamixel_controller_pkg/package.dsv'
[1.691s] INFO:colcon.colcon_core.shell:Creating package script '/home/orin/work/Foreview_ws/install/dynamixel_controller_pkg/share/dynamixel_controller_pkg/package.sh'
[1.692s] INFO:colcon.colcon_core.shell:Creating package script '/home/orin/work/Foreview_ws/install/dynamixel_controller_pkg/share/dynamixel_controller_pkg/package.bash'
[1.693s] INFO:colcon.colcon_core.shell:Creating package script '/home/orin/work/Foreview_ws/install/dynamixel_controller_pkg/share/dynamixel_controller_pkg/package.zsh'
[1.694s] Level 1:colcon.colcon_core.environment:create_file_with_runtime_dependencies(/home/orin/work/Foreview_ws/install/dynamixel_controller_pkg/share/colcon-core/packages/dynamixel_controller_pkg)
[1.703s] Level 1:colcon.colcon_core.environment:create_environment_scripts_only(remote_controller_pkg)
[1.709s] Level 1:colcon.colcon_core.environment:checking '/home/orin/work/Foreview_ws/install/remote_controller_pkg' for CMake module files
[1.710s] DEBUG:colcon.colcon_core.event_handler.log_command:Invoked command in '/home/orin/work/Foreview_ws/build/remote_controller_pkg' returned '0': /usr/local/bin/cmake --install /home/orin/work/Foreview_ws/build/remote_controller_pkg
[1.710s] Level 1:colcon.colcon_core.environment:checking '/home/orin/work/Foreview_ws/install/remote_controller_pkg' for CMake config files
[1.711s] Level 1:colcon.colcon_core.shell:create_environment_hook('remote_controller_pkg', 'cmake_prefix_path')
[1.715s] INFO:colcon.colcon_core.shell:Creating environment hook '/home/orin/work/Foreview_ws/install/remote_controller_pkg/share/remote_controller_pkg/hook/cmake_prefix_path.ps1'
[1.716s] INFO:colcon.colcon_core.shell:Creating environment descriptor '/home/orin/work/Foreview_ws/install/remote_controller_pkg/share/remote_controller_pkg/hook/cmake_prefix_path.dsv'
[1.717s] INFO:colcon.colcon_core.shell:Creating environment hook '/home/orin/work/Foreview_ws/install/remote_controller_pkg/share/remote_controller_pkg/hook/cmake_prefix_path.sh'
[1.717s] Level 1:colcon.colcon_core.environment:checking '/home/orin/work/Foreview_ws/install/remote_controller_pkg/lib'
[1.718s] Level 1:colcon.colcon_core.shell:create_environment_hook('remote_controller_pkg', 'ld_library_path_lib')
[1.721s] INFO:colcon.colcon_core.shell:Creating environment hook '/home/orin/work/Foreview_ws/install/remote_controller_pkg/share/remote_controller_pkg/hook/ld_library_path_lib.ps1'
[1.722s] INFO:colcon.colcon_core.shell:Creating environment descriptor '/home/orin/work/Foreview_ws/install/remote_controller_pkg/share/remote_controller_pkg/hook/ld_library_path_lib.dsv'
[1.723s] INFO:colcon.colcon_core.shell:Creating environment hook '/home/orin/work/Foreview_ws/install/remote_controller_pkg/share/remote_controller_pkg/hook/ld_library_path_lib.sh'
[1.723s] Level 1:colcon.colcon_core.environment:checking '/home/orin/work/Foreview_ws/install/remote_controller_pkg/bin'
[1.723s] Level 1:colcon.colcon_core.environment:checking '/home/orin/work/Foreview_ws/install/remote_controller_pkg/lib/pkgconfig/remote_controller_pkg.pc'
[1.724s] Level 1:colcon.colcon_core.environment:checking '/home/orin/work/Foreview_ws/install/remote_controller_pkg/lib/python3.8/site-packages'
[1.724s] Level 1:colcon.colcon_core.shell:create_environment_hook('remote_controller_pkg', 'pythonpath')
[1.727s] INFO:colcon.colcon_core.shell:Creating environment hook '/home/orin/work/Foreview_ws/install/remote_controller_pkg/share/remote_controller_pkg/hook/pythonpath.ps1'
[1.728s] INFO:colcon.colcon_core.shell:Creating environment descriptor '/home/orin/work/Foreview_ws/install/remote_controller_pkg/share/remote_controller_pkg/hook/pythonpath.dsv'
[1.729s] INFO:colcon.colcon_core.shell:Creating environment hook '/home/orin/work/Foreview_ws/install/remote_controller_pkg/share/remote_controller_pkg/hook/pythonpath.sh'
[1.729s] Level 1:colcon.colcon_core.environment:checking '/home/orin/work/Foreview_ws/install/remote_controller_pkg/bin'
[1.733s] INFO:colcon.colcon_core.shell:Creating package script '/home/orin/work/Foreview_ws/install/remote_controller_pkg/share/remote_controller_pkg/package.ps1'
[1.734s] INFO:colcon.colcon_core.shell:Creating package descriptor '/home/orin/work/Foreview_ws/install/remote_controller_pkg/share/remote_controller_pkg/package.dsv'
[1.735s] INFO:colcon.colcon_core.shell:Creating package script '/home/orin/work/Foreview_ws/install/remote_controller_pkg/share/remote_controller_pkg/package.sh'
[1.735s] INFO:colcon.colcon_core.shell:Creating package script '/home/orin/work/Foreview_ws/install/remote_controller_pkg/share/remote_controller_pkg/package.bash'
[1.736s] INFO:colcon.colcon_core.shell:Creating package script '/home/orin/work/Foreview_ws/install/remote_controller_pkg/share/remote_controller_pkg/package.zsh'
[1.737s] Level 1:colcon.colcon_core.environment:create_file_with_runtime_dependencies(/home/orin/work/Foreview_ws/install/remote_controller_pkg/share/colcon-core/packages/remote_controller_pkg)
[1.811s] Level 1:colcon.colcon_core.environment:create_environment_scripts_only(dynamixel_controller_pkg)
[1.817s] Level 1:colcon.colcon_core.environment:checking '/home/orin/work/Foreview_ws/install/dynamixel_controller_pkg' for CMake module files
[1.818s] Level 1:colcon.colcon_core.environment:checking '/home/orin/work/Foreview_ws/install/dynamixel_controller_pkg' for CMake config files
[1.819s] Level 1:colcon.colcon_core.shell:create_environment_hook('dynamixel_controller_pkg', 'cmake_prefix_path')
[1.823s] INFO:colcon.colcon_core.shell:Creating environment hook '/home/orin/work/Foreview_ws/install/dynamixel_controller_pkg/share/dynamixel_controller_pkg/hook/cmake_prefix_path.ps1'
[1.824s] INFO:colcon.colcon_core.shell:Creating environment descriptor '/home/orin/work/Foreview_ws/install/dynamixel_controller_pkg/share/dynamixel_controller_pkg/hook/cmake_prefix_path.dsv'
[1.825s] INFO:colcon.colcon_core.shell:Creating environment hook '/home/orin/work/Foreview_ws/install/dynamixel_controller_pkg/share/dynamixel_controller_pkg/hook/cmake_prefix_path.sh'
[1.826s] Level 1:colcon.colcon_core.environment:checking '/home/orin/work/Foreview_ws/install/dynamixel_controller_pkg/lib'
[1.826s] Level 1:colcon.colcon_core.shell:create_environment_hook('dynamixel_controller_pkg', 'ld_library_path_lib')
[1.830s] INFO:colcon.colcon_core.shell:Creating environment hook '/home/orin/work/Foreview_ws/install/dynamixel_controller_pkg/share/dynamixel_controller_pkg/hook/ld_library_path_lib.ps1'
[1.830s] INFO:colcon.colcon_core.shell:Creating environment descriptor '/home/orin/work/Foreview_ws/install/dynamixel_controller_pkg/share/dynamixel_controller_pkg/hook/ld_library_path_lib.dsv'
[1.831s] INFO:colcon.colcon_core.shell:Creating environment hook '/home/orin/work/Foreview_ws/install/dynamixel_controller_pkg/share/dynamixel_controller_pkg/hook/ld_library_path_lib.sh'
[1.831s] Level 1:colcon.colcon_core.environment:checking '/home/orin/work/Foreview_ws/install/dynamixel_controller_pkg/bin'
[1.832s] Level 1:colcon.colcon_core.environment:checking '/home/orin/work/Foreview_ws/install/dynamixel_controller_pkg/lib/pkgconfig/dynamixel_controller_pkg.pc'
[1.832s] Level 1:colcon.colcon_core.environment:checking '/home/orin/work/Foreview_ws/install/dynamixel_controller_pkg/lib/python3.8/site-packages'
[1.832s] Level 1:colcon.colcon_core.shell:create_environment_hook('dynamixel_controller_pkg', 'pythonpath')
[1.836s] INFO:colcon.colcon_core.shell:Creating environment hook '/home/orin/work/Foreview_ws/install/dynamixel_controller_pkg/share/dynamixel_controller_pkg/hook/pythonpath.ps1'
[1.836s] INFO:colcon.colcon_core.shell:Creating environment descriptor '/home/orin/work/Foreview_ws/install/dynamixel_controller_pkg/share/dynamixel_controller_pkg/hook/pythonpath.dsv'
[1.837s] INFO:colcon.colcon_core.shell:Creating environment hook '/home/orin/work/Foreview_ws/install/dynamixel_controller_pkg/share/dynamixel_controller_pkg/hook/pythonpath.sh'
[1.838s] Level 1:colcon.colcon_core.environment:checking '/home/orin/work/Foreview_ws/install/dynamixel_controller_pkg/bin'
[1.841s] INFO:colcon.colcon_core.shell:Creating package script '/home/orin/work/Foreview_ws/install/dynamixel_controller_pkg/share/dynamixel_controller_pkg/package.ps1'
[1.842s] INFO:colcon.colcon_core.shell:Creating package descriptor '/home/orin/work/Foreview_ws/install/dynamixel_controller_pkg/share/dynamixel_controller_pkg/package.dsv'
[1.843s] INFO:colcon.colcon_core.shell:Creating package script '/home/orin/work/Foreview_ws/install/dynamixel_controller_pkg/share/dynamixel_controller_pkg/package.sh'
[1.844s] INFO:colcon.colcon_core.shell:Creating package script '/home/orin/work/Foreview_ws/install/dynamixel_controller_pkg/share/dynamixel_controller_pkg/package.bash'
[1.845s] INFO:colcon.colcon_core.shell:Creating package script '/home/orin/work/Foreview_ws/install/dynamixel_controller_pkg/share/dynamixel_controller_pkg/package.zsh'
[1.846s] Level 1:colcon.colcon_core.environment:create_file_with_runtime_dependencies(/home/orin/work/Foreview_ws/install/dynamixel_controller_pkg/share/colcon-core/packages/dynamixel_controller_pkg)
[1.855s] Level 1:colcon.colcon_core.environment:create_environment_scripts_only(remote_controller_pkg)
[1.861s] Level 1:colcon.colcon_core.environment:checking '/home/orin/work/Foreview_ws/install/remote_controller_pkg' for CMake module files
[1.862s] Level 1:colcon.colcon_core.environment:checking '/home/orin/work/Foreview_ws/install/remote_controller_pkg' for CMake config files
[1.862s] Level 1:colcon.colcon_core.shell:create_environment_hook('remote_controller_pkg', 'cmake_prefix_path')
[1.866s] INFO:colcon.colcon_core.shell:Creating environment hook '/home/orin/work/Foreview_ws/install/remote_controller_pkg/share/remote_controller_pkg/hook/cmake_prefix_path.ps1'
[1.867s] INFO:colcon.colcon_core.shell:Creating environment descriptor '/home/orin/work/Foreview_ws/install/remote_controller_pkg/share/remote_controller_pkg/hook/cmake_prefix_path.dsv'
[1.867s] INFO:colcon.colcon_core.shell:Creating environment hook '/home/orin/work/Foreview_ws/install/remote_controller_pkg/share/remote_controller_pkg/hook/cmake_prefix_path.sh'
[1.868s] Level 1:colcon.colcon_core.environment:checking '/home/orin/work/Foreview_ws/install/remote_controller_pkg/lib'
[1.868s] Level 1:colcon.colcon_core.shell:create_environment_hook('remote_controller_pkg', 'ld_library_path_lib')
[1.872s] INFO:colcon.colcon_core.shell:Creating environment hook '/home/orin/work/Foreview_ws/install/remote_controller_pkg/share/remote_controller_pkg/hook/ld_library_path_lib.ps1'
[1.873s] INFO:colcon.colcon_core.shell:Creating environment descriptor '/home/orin/work/Foreview_ws/install/remote_controller_pkg/share/remote_controller_pkg/hook/ld_library_path_lib.dsv'
[1.873s] INFO:colcon.colcon_core.shell:Creating environment hook '/home/orin/work/Foreview_ws/install/remote_controller_pkg/share/remote_controller_pkg/hook/ld_library_path_lib.sh'
[1.874s] Level 1:colcon.colcon_core.environment:checking '/home/orin/work/Foreview_ws/install/remote_controller_pkg/bin'
[1.874s] Level 1:colcon.colcon_core.environment:checking '/home/orin/work/Foreview_ws/install/remote_controller_pkg/lib/pkgconfig/remote_controller_pkg.pc'
[1.874s] Level 1:colcon.colcon_core.environment:checking '/home/orin/work/Foreview_ws/install/remote_controller_pkg/lib/python3.8/site-packages'
[1.874s] Level 1:colcon.colcon_core.shell:create_environment_hook('remote_controller_pkg', 'pythonpath')
[1.879s] INFO:colcon.colcon_core.shell:Creating environment hook '/home/orin/work/Foreview_ws/install/remote_controller_pkg/share/remote_controller_pkg/hook/pythonpath.ps1'
[1.879s] INFO:colcon.colcon_core.shell:Creating environment descriptor '/home/orin/work/Foreview_ws/install/remote_controller_pkg/share/remote_controller_pkg/hook/pythonpath.dsv'
[1.880s] INFO:colcon.colcon_core.shell:Creating environment hook '/home/orin/work/Foreview_ws/install/remote_controller_pkg/share/remote_controller_pkg/hook/pythonpath.sh'
[1.881s] Level 1:colcon.colcon_core.environment:checking '/home/orin/work/Foreview_ws/install/remote_controller_pkg/bin'
[1.887s] INFO:colcon.colcon_core.shell:Creating package script '/home/orin/work/Foreview_ws/install/remote_controller_pkg/share/remote_controller_pkg/package.ps1'
[1.888s] INFO:colcon.colcon_core.shell:Creating package descriptor '/home/orin/work/Foreview_ws/install/remote_controller_pkg/share/remote_controller_pkg/package.dsv'
[1.889s] INFO:colcon.colcon_core.shell:Creating package script '/home/orin/work/Foreview_ws/install/remote_controller_pkg/share/remote_controller_pkg/package.sh'
[1.890s] INFO:colcon.colcon_core.shell:Creating package script '/home/orin/work/Foreview_ws/install/remote_controller_pkg/share/remote_controller_pkg/package.bash'
[1.890s] INFO:colcon.colcon_core.shell:Creating package script '/home/orin/work/Foreview_ws/install/remote_controller_pkg/share/remote_controller_pkg/package.zsh'
[1.891s] Level 1:colcon.colcon_core.environment:create_file_with_runtime_dependencies(/home/orin/work/Foreview_ws/install/remote_controller_pkg/share/colcon-core/packages/remote_controller_pkg)
[1.891s] DEBUG:colcon.colcon_parallel_executor.executor.parallel:closing loop
[1.892s] DEBUG:colcon.colcon_parallel_executor.executor.parallel:loop closed
[1.892s] DEBUG:colcon.colcon_parallel_executor.executor.parallel:run_until_complete finished with '0'
[1.892s] DEBUG:colcon.colcon_core.event_reactor:joining thread
[1.901s] INFO:colcon.colcon_core.plugin_system:Skipping extension 'colcon_notification.desktop_notification.notify_send': Could not find 'notify-send'
[1.902s] INFO:colcon.colcon_core.plugin_system:Skipping extension 'colcon_notification.desktop_notification.terminal_notifier': Not used on non-Darwin systems
[1.902s] INFO:colcon.colcon_core.plugin_system:Skipping extension 'colcon_notification.desktop_notification.win32': Not used on non-Windows systems
[1.902s] INFO:colcon.colcon_notification.desktop_notification:Sending desktop notification using 'notify2'
[1.937s] DEBUG:colcon.colcon_core.event_reactor:joined thread
[1.942s] INFO:colcon.colcon_core.shell:Creating prefix script '/home/orin/work/Foreview_ws/install/local_setup.ps1'
[1.943s] INFO:colcon.colcon_core.shell:Creating prefix util module '/home/orin/work/Foreview_ws/install/_local_setup_util_ps1.py'
[1.945s] INFO:colcon.colcon_core.shell:Creating prefix chain script '/home/orin/work/Foreview_ws/install/setup.ps1'
[1.947s] INFO:colcon.colcon_core.shell:Creating prefix script '/home/orin/work/Foreview_ws/install/local_setup.sh'
[1.948s] INFO:colcon.colcon_core.shell:Creating prefix util module '/home/orin/work/Foreview_ws/install/_local_setup_util_sh.py'
[1.949s] INFO:colcon.colcon_core.shell:Creating prefix chain script '/home/orin/work/Foreview_ws/install/setup.sh'
[1.952s] INFO:colcon.colcon_core.shell:Creating prefix script '/home/orin/work/Foreview_ws/install/local_setup.bash'
[1.953s] INFO:colcon.colcon_core.shell:Creating prefix chain script '/home/orin/work/Foreview_ws/install/setup.bash'
[1.955s] INFO:colcon.colcon_core.shell:Creating prefix script '/home/orin/work/Foreview_ws/install/local_setup.zsh'
[1.956s] INFO:colcon.colcon_core.shell:Creating prefix chain script '/home/orin/work/Foreview_ws/install/setup.zsh'
