[0.042s] Invoking command in '/home/orin/work/Foreview_ws/src/build/remote_controller_pkg': /usr/local/bin/cmake /home/orin/work/Foreview_ws/src/remote_controller_pkg -DCMAKE_INSTALL_PREFIX=/home/orin/work/Foreview_ws/src/install/remote_controller_pkg
[0.153s] -- The C compiler identification is GNU 9.4.0
[0.242s] -- The CXX compiler identification is GNU 9.4.0
[0.280s] -- Detecting C compiler ABI info
[0.397s] -- Detecting C compiler ABI info - done
[0.416s] -- Check for working C compiler: /usr/bin/cc - skipped
[0.417s] -- Detecting C compile features
[0.418s] -- Detecting C compile features - done
[0.441s] -- Detecting CXX compiler ABI info
[0.567s] -- Detecting CXX compiler ABI info - done
[0.586s] -- Check for working CXX compiler: /usr/bin/c++ - skipped
[0.587s] -- Detecting CXX compile features
[0.588s] -- Detecting CXX compile features - done
[0.595s] -- Found ament_cmake: 1.3.5 (/opt/ros/humble/install/share/ament_cmake/cmake)
[2.393s] -- Found Python3: /usr/bin/python3.8 (found version "3.8.10") found components: Interpreter 
[2.550s] -- Found geometry_msgs: 4.2.3 (/opt/ros/humble/install/share/geometry_msgs/cmake)
[2.627s] -- Found rosidl_generator_c: 3.1.5 (/opt/ros/humble/install/share/rosidl_generator_c/cmake)
[2.637s] -- Found rosidl_adapter: 3.1.5 (/opt/ros/humble/install/share/rosidl_adapter/cmake)
[2.653s] -- Found rosidl_generator_cpp: 3.1.5 (/opt/ros/humble/install/share/rosidl_generator_cpp/cmake)
[2.679s] -- Using all available rosidl_typesupport_c: rosidl_typesupport_fastrtps_c;rosidl_typesupport_introspection_c
[2.716s] -- Using all available rosidl_typesupport_cpp: rosidl_typesupport_fastrtps_cpp;rosidl_typesupport_introspection_cpp
[2.926s] -- Found rosidl_default_generators: 1.2.0 (/opt/ros/humble/install/share/rosidl_default_generators/cmake)
[4.037s] -- Found ament_cmake_ros: 0.10.0 (/opt/ros/humble/install/share/ament_cmake_ros/cmake)
[6.373s] -- Using all available rosidl_typesupport_c: rosidl_typesupport_fastrtps_c;rosidl_typesupport_introspection_c
[7.310s] -- Using all available rosidl_typesupport_cpp: rosidl_typesupport_fastrtps_cpp;rosidl_typesupport_introspection_cpp
[7.320s] [33mCMake Warning (dev) at /opt/ros/humble/install/share/rosidl_generator_py/cmake/rosidl_generator_py_generate_interfaces.cmake:20 (find_package):
[7.320s]   Policy CMP0148 is not set: The FindPythonInterp and FindPythonLibs modules
[7.320s]   are removed.  Run "cmake --help-policy CMP0148" for policy details.  Use
[7.321s]   the cmake_policy command to set the policy and suppress this warning.
[7.321s] 
[7.321s] Call Stack (most recent call first):
[7.321s]   /opt/ros/humble/install/share/ament_cmake_core/cmake/core/ament_execute_extensions.cmake:48 (include)
[7.321s]   /opt/ros/humble/install/share/rosidl_cmake/cmake/rosidl_generate_interfaces.cmake:286 (ament_execute_extensions)
[7.321s]   CMakeLists.txt:17 (rosidl_generate_interfaces)
[7.322s] This warning is for project developers.  Use -Wno-dev to suppress it.
[7.322s] [0m
[7.359s] -- Found PythonInterp: /usr/bin/python3 (found suitable version "3.8.10", minimum required is "3.6") 
[7.368s] -- Found python_cmake_module: 0.10.0 (/opt/ros/humble/install/share/python_cmake_module/cmake)
[7.370s] [33mCMake Warning (dev) at /opt/ros/humble/install/share/python_cmake_module/cmake/Modules/FindPythonExtra.cmake:52 (find_package):
[7.370s]   Policy CMP0148 is not set: The FindPythonInterp and FindPythonLibs modules
[7.370s]   are removed.  Run "cmake --help-policy CMP0148" for policy details.  Use
[7.371s]   the cmake_policy command to set the policy and suppress this warning.
[7.371s] 
[7.371s] Call Stack (most recent call first):
[7.371s]   /opt/ros/humble/install/share/rosidl_generator_py/cmake/rosidl_generator_py_generate_interfaces.cmake:23 (find_package)
[7.372s]   /opt/ros/humble/install/share/ament_cmake_core/cmake/core/ament_execute_extensions.cmake:48 (include)
[7.372s]   /opt/ros/humble/install/share/rosidl_cmake/cmake/rosidl_generate_interfaces.cmake:286 (ament_execute_extensions)
[7.372s]   CMakeLists.txt:17 (rosidl_generate_interfaces)
[7.372s] This warning is for project developers.  Use -Wno-dev to suppress it.
[7.372s] [0m
[7.411s] [33mCMake Warning (dev) at /opt/ros/humble/install/share/python_cmake_module/cmake/Modules/FindPythonExtra.cmake:140 (find_package):
[7.411s]   Policy CMP0148 is not set: The FindPythonInterp and FindPythonLibs modules
[7.411s]   are removed.  Run "cmake --help-policy CMP0148" for policy details.  Use
[7.411s]   the cmake_policy command to set the policy and suppress this warning.
[7.412s] 
[7.412s] Call Stack (most recent call first):
[7.412s]   /opt/ros/humble/install/share/rosidl_generator_py/cmake/rosidl_generator_py_generate_interfaces.cmake:23 (find_package)
[7.412s]   /opt/ros/humble/install/share/ament_cmake_core/cmake/core/ament_execute_extensions.cmake:48 (include)
[7.412s]   /opt/ros/humble/install/share/rosidl_cmake/cmake/rosidl_generate_interfaces.cmake:286 (ament_execute_extensions)
[7.413s]   CMakeLists.txt:17 (rosidl_generate_interfaces)
[7.413s] This warning is for project developers.  Use -Wno-dev to suppress it.
[7.413s] [0m
[7.426s] -- Found PythonLibs: /usr/lib/aarch64-linux-gnu/libpython3.8.so (found suitable version "3.8.10", minimum required is "3.5") 
[7.426s] -- Using PYTHON_EXECUTABLE: /usr/bin/python3
[7.426s] -- Using PYTHON_INCLUDE_DIRS: /usr/include/python3.8
[7.427s] -- Using PYTHON_LIBRARIES: /usr/lib/aarch64-linux-gnu/libpython3.8.so
[7.462s] -- Found PythonExtra: .so  
[7.775s] -- Using numpy include directory: /usr/local/lib/python3.8/dist-packages/numpy/core/include
[7.793s] -- Found ament_lint_auto: 0.12.7 (/opt/ros/humble/install/share/ament_lint_auto/cmake)
[7.832s] -- Added test 'flake8' to check Python code syntax and style conventions
[7.836s] -- Added test 'lint_cmake' to check CMake code style
[7.838s] -- Added test 'pep257' to check Python code against some of the docstring style conventions in PEP 257
[7.847s] -- Added test 'xmllint' to check XML markup files
[7.853s] -- Configuring done (7.8s)
[7.920s] -- Generating done (0.1s)
[7.925s] -- Build files have been written to: /home/orin/work/Foreview_ws/src/build/remote_controller_pkg
[7.958s] Invoked command in '/home/orin/work/Foreview_ws/src/build/remote_controller_pkg' returned '0': /usr/local/bin/cmake /home/orin/work/Foreview_ws/src/remote_controller_pkg -DCMAKE_INSTALL_PREFIX=/home/orin/work/Foreview_ws/src/install/remote_controller_pkg
[7.964s] Invoking command in '/home/orin/work/Foreview_ws/src/build/remote_controller_pkg': /usr/local/bin/cmake --build /home/orin/work/Foreview_ws/src/build/remote_controller_pkg -- -j12 -l12
[8.036s] [  3%] [34m[1mGenerating C code for ROS interfaces[0m
[8.044s] [  6%] [34m[1mGenerating C++ code for ROS interfaces[0m
[8.048s] [  6%] Built target ament_cmake_python_copy_remote_controller_pkg
[8.356s] [  6%] Built target remote_controller_pkg__cpp
[8.366s] [  9%] [34m[1mGenerating C++ type support dispatch for ROS interfaces[0m
[8.366s] [ 12%] [34m[1mGenerating C++ introspection for ROS interfaces[0m
[8.367s] [ 16%] [34m[1mGenerating C++ type support for eProsima Fast-RTPS[0m
[8.371s] [ 19%] [32mBuilding C object CMakeFiles/remote_controller_pkg__rosidl_generator_c.dir/rosidl_generator_c/remote_controller_pkg/msg/detail/motor_speeds__functions.c.o[0m
[8.393s] running egg_info
[8.395s] creating remote_controller_pkg.egg-info
[8.427s] writing remote_controller_pkg.egg-info/PKG-INFO
[8.427s] writing dependency_links to remote_controller_pkg.egg-info/dependency_links.txt
[8.428s] writing top-level names to remote_controller_pkg.egg-info/top_level.txt
[8.428s] writing manifest file 'remote_controller_pkg.egg-info/SOURCES.txt'
[8.468s] [ 22%] [32m[1mLinking C shared library libremote_controller_pkg__rosidl_generator_c.so[0m
[8.510s] [ 22%] Built target remote_controller_pkg__rosidl_generator_c
[8.519s] reading manifest file 'remote_controller_pkg.egg-info/SOURCES.txt'
[8.521s] writing manifest file 'remote_controller_pkg.egg-info/SOURCES.txt'
[8.535s] [ 25%] [34m[1mGenerating C type support for eProsima Fast-RTPS[0m
[8.540s] [ 32%] [34m[1mGenerating C type support dispatch for ROS interfaces[0m
[8.541s] [ 32%] [34m[1mGenerating C introspection for ROS interfaces[0m
[8.635s] [ 32%] Built target ament_cmake_python_build_remote_controller_pkg_egg
[8.694s] [ 35%] [32mBuilding CXX object CMakeFiles/remote_controller_pkg__rosidl_typesupport_cpp.dir/rosidl_typesupport_cpp/remote_controller_pkg/msg/motor_speeds__type_support.cpp.o[0m
[8.713s] [ 38%] [32mBuilding CXX object CMakeFiles/remote_controller_pkg__rosidl_typesupport_introspection_cpp.dir/rosidl_typesupport_introspection_cpp/remote_controller_pkg/msg/detail/motor_speeds__type_support.cpp.o[0m
[8.717s] [ 41%] [32mBuilding CXX object CMakeFiles/remote_controller_pkg__rosidl_typesupport_fastrtps_cpp.dir/rosidl_typesupport_fastrtps_cpp/remote_controller_pkg/msg/detail/dds_fastrtps/motor_speeds__type_support.cpp.o[0m
[8.872s] [ 45%] [32mBuilding CXX object CMakeFiles/remote_controller_pkg__rosidl_typesupport_c.dir/rosidl_typesupport_c/remote_controller_pkg/msg/motor_speeds__type_support.cpp.o[0m
[8.918s] [ 48%] [32mBuilding CXX object CMakeFiles/remote_controller_pkg__rosidl_typesupport_fastrtps_c.dir/rosidl_typesupport_fastrtps_c/remote_controller_pkg/msg/detail/motor_speeds__type_support_c.cpp.o[0m
[8.930s] [ 51%] [32mBuilding C object CMakeFiles/remote_controller_pkg__rosidl_typesupport_introspection_c.dir/rosidl_typesupport_introspection_c/remote_controller_pkg/msg/detail/motor_speeds__type_support.c.o[0m
[8.986s] [ 54%] [32m[1mLinking CXX shared library libremote_controller_pkg__rosidl_typesupport_c.so[0m
[9.047s] [ 54%] Built target remote_controller_pkg__rosidl_typesupport_c
[9.056s] [ 58%] [32m[1mLinking C shared library libremote_controller_pkg__rosidl_typesupport_introspection_c.so[0m
[9.095s] [ 58%] Built target remote_controller_pkg__rosidl_typesupport_introspection_c
[9.397s] [ 61%] [32m[1mLinking CXX shared library libremote_controller_pkg__rosidl_typesupport_cpp.so[0m
[9.440s] [ 61%] Built target remote_controller_pkg__rosidl_typesupport_cpp
[9.684s] [ 64%] [32m[1mLinking CXX shared library libremote_controller_pkg__rosidl_typesupport_introspection_cpp.so[0m
[9.684s] [ 67%] [32m[1mLinking CXX shared library libremote_controller_pkg__rosidl_typesupport_fastrtps_c.so[0m
[9.701s] [ 70%] [32m[1mLinking CXX shared library libremote_controller_pkg__rosidl_typesupport_fastrtps_cpp.so[0m
[9.735s] [ 70%] Built target remote_controller_pkg__rosidl_typesupport_introspection_cpp
[9.804s] [ 70%] Built target remote_controller_pkg__rosidl_typesupport_fastrtps_c
[9.813s] [ 70%] Built target remote_controller_pkg__rosidl_typesupport_fastrtps_cpp
[9.831s] [ 70%] Built target remote_controller_pkg
[9.847s] [ 74%] [34m[1mGenerating Python code for ROS interfaces[0m
[10.196s] [ 74%] Built target remote_controller_pkg__py
[10.210s] [ 77%] [32mBuilding C object CMakeFiles/remote_controller_pkg__rosidl_generator_py.dir/rosidl_generator_py/remote_controller_pkg/msg/_motor_speeds_s.c.o[0m
[10.369s] [ 80%] [32m[1mLinking C shared library rosidl_generator_py/remote_controller_pkg/libremote_controller_pkg__rosidl_generator_py.so[0m
[10.413s] [ 80%] Built target remote_controller_pkg__rosidl_generator_py
[10.433s] [ 83%] [32mBuilding C object CMakeFiles/remote_controller_pkg__rosidl_typesupport_fastrtps_c__pyext.dir/rosidl_generator_py/remote_controller_pkg/_remote_controller_pkg_s.ep.rosidl_typesupport_fastrtps_c.c.o[0m
[10.434s] [ 90%] [32mBuilding C object CMakeFiles/remote_controller_pkg__rosidl_typesupport_c__pyext.dir/rosidl_generator_py/remote_controller_pkg/_remote_controller_pkg_s.ep.rosidl_typesupport_c.c.o[0m
[10.434s] [ 90%] [32mBuilding C object CMakeFiles/remote_controller_pkg__rosidl_typesupport_introspection_c__pyext.dir/rosidl_generator_py/remote_controller_pkg/_remote_controller_pkg_s.ep.rosidl_typesupport_introspection_c.c.o[0m
[10.769s] [ 93%] [32m[1mLinking C shared library rosidl_generator_py/remote_controller_pkg/remote_controller_pkg_s__rosidl_typesupport_c.cpython-38-aarch64-linux-gnu.so[0m
[10.775s] [ 96%] [32m[1mLinking C shared library rosidl_generator_py/remote_controller_pkg/remote_controller_pkg_s__rosidl_typesupport_introspection_c.cpython-38-aarch64-linux-gnu.so[0m
[10.776s] [100%] [32m[1mLinking C shared library rosidl_generator_py/remote_controller_pkg/remote_controller_pkg_s__rosidl_typesupport_fastrtps_c.cpython-38-aarch64-linux-gnu.so[0m
[10.823s] [100%] Built target remote_controller_pkg__rosidl_typesupport_c__pyext
[10.829s] [100%] Built target remote_controller_pkg__rosidl_typesupport_introspection_c__pyext
[10.829s] [100%] Built target remote_controller_pkg__rosidl_typesupport_fastrtps_c__pyext
[10.856s] Invoked command in '/home/orin/work/Foreview_ws/src/build/remote_controller_pkg' returned '0': /usr/local/bin/cmake --build /home/orin/work/Foreview_ws/src/build/remote_controller_pkg -- -j12 -l12
[11.045s] Invoking command in '/home/orin/work/Foreview_ws/src/build/remote_controller_pkg': /usr/local/bin/cmake --install /home/orin/work/Foreview_ws/src/build/remote_controller_pkg
[11.088s] -- Install configuration: ""
[11.088s] -- Installing: /home/orin/work/Foreview_ws/src/install/remote_controller_pkg/share/ament_index/resource_index/rosidl_interfaces/remote_controller_pkg
[11.089s] -- Installing: /home/orin/work/Foreview_ws/src/install/remote_controller_pkg/include/remote_controller_pkg/remote_controller_pkg
[11.089s] -- Installing: /home/orin/work/Foreview_ws/src/install/remote_controller_pkg/include/remote_controller_pkg/remote_controller_pkg/msg
[11.089s] -- Installing: /home/orin/work/Foreview_ws/src/install/remote_controller_pkg/include/remote_controller_pkg/remote_controller_pkg/msg/rosidl_generator_c__visibility_control.h
[11.089s] -- Installing: /home/orin/work/Foreview_ws/src/install/remote_controller_pkg/include/remote_controller_pkg/remote_controller_pkg/msg/detail
[11.089s] -- Installing: /home/orin/work/Foreview_ws/src/install/remote_controller_pkg/include/remote_controller_pkg/remote_controller_pkg/msg/detail/motor_speeds__functions.h
[11.090s] -- Installing: /home/orin/work/Foreview_ws/src/install/remote_controller_pkg/include/remote_controller_pkg/remote_controller_pkg/msg/detail/motor_speeds__type_support.h
[11.090s] -- Installing: /home/orin/work/Foreview_ws/src/install/remote_controller_pkg/include/remote_controller_pkg/remote_controller_pkg/msg/detail/motor_speeds__functions.c
[11.090s] -- Installing: /home/orin/work/Foreview_ws/src/install/remote_controller_pkg/include/remote_controller_pkg/remote_controller_pkg/msg/detail/motor_speeds__struct.h
[11.090s] -- Installing: /home/orin/work/Foreview_ws/src/install/remote_controller_pkg/include/remote_controller_pkg/remote_controller_pkg/msg/motor_speeds.h
[11.091s] -- Installing: /home/orin/work/Foreview_ws/src/install/remote_controller_pkg/share/remote_controller_pkg/environment/library_path.sh
[11.091s] -- Installing: /home/orin/work/Foreview_ws/src/install/remote_controller_pkg/share/remote_controller_pkg/environment/library_path.dsv
[11.091s] -- Installing: /home/orin/work/Foreview_ws/src/install/remote_controller_pkg/lib/libremote_controller_pkg__rosidl_generator_c.so
[11.092s] -- Set runtime path of "/home/orin/work/Foreview_ws/src/install/remote_controller_pkg/lib/libremote_controller_pkg__rosidl_generator_c.so" to ""
[11.092s] -- Up-to-date: /home/orin/work/Foreview_ws/src/install/remote_controller_pkg/include/remote_controller_pkg/remote_controller_pkg
[11.092s] -- Up-to-date: /home/orin/work/Foreview_ws/src/install/remote_controller_pkg/include/remote_controller_pkg/remote_controller_pkg/msg
[11.092s] -- Up-to-date: /home/orin/work/Foreview_ws/src/install/remote_controller_pkg/include/remote_controller_pkg/remote_controller_pkg/msg/detail
[11.093s] -- Installing: /home/orin/work/Foreview_ws/src/install/remote_controller_pkg/include/remote_controller_pkg/remote_controller_pkg/msg/detail/motor_speeds__rosidl_typesupport_fastrtps_c.h
[11.093s] -- Installing: /home/orin/work/Foreview_ws/src/install/remote_controller_pkg/include/remote_controller_pkg/remote_controller_pkg/msg/rosidl_typesupport_fastrtps_c__visibility_control.h
[11.093s] -- Installing: /home/orin/work/Foreview_ws/src/install/remote_controller_pkg/lib/libremote_controller_pkg__rosidl_typesupport_fastrtps_c.so
[11.094s] -- Set runtime path of "/home/orin/work/Foreview_ws/src/install/remote_controller_pkg/lib/libremote_controller_pkg__rosidl_typesupport_fastrtps_c.so" to ""
[11.094s] -- Up-to-date: /home/orin/work/Foreview_ws/src/install/remote_controller_pkg/include/remote_controller_pkg/remote_controller_pkg
[11.094s] -- Up-to-date: /home/orin/work/Foreview_ws/src/install/remote_controller_pkg/include/remote_controller_pkg/remote_controller_pkg/msg
[11.094s] -- Up-to-date: /home/orin/work/Foreview_ws/src/install/remote_controller_pkg/include/remote_controller_pkg/remote_controller_pkg/msg/detail
[11.094s] -- Installing: /home/orin/work/Foreview_ws/src/install/remote_controller_pkg/include/remote_controller_pkg/remote_controller_pkg/msg/detail/motor_speeds__traits.hpp
[11.095s] -- Installing: /home/orin/work/Foreview_ws/src/install/remote_controller_pkg/include/remote_controller_pkg/remote_controller_pkg/msg/detail/motor_speeds__struct.hpp
[11.095s] -- Installing: /home/orin/work/Foreview_ws/src/install/remote_controller_pkg/include/remote_controller_pkg/remote_controller_pkg/msg/detail/motor_speeds__builder.hpp
[11.095s] -- Installing: /home/orin/work/Foreview_ws/src/install/remote_controller_pkg/include/remote_controller_pkg/remote_controller_pkg/msg/motor_speeds.hpp
[11.095s] -- Up-to-date: /home/orin/work/Foreview_ws/src/install/remote_controller_pkg/include/remote_controller_pkg/remote_controller_pkg
[11.095s] -- Up-to-date: /home/orin/work/Foreview_ws/src/install/remote_controller_pkg/include/remote_controller_pkg/remote_controller_pkg/msg
[11.095s] -- Up-to-date: /home/orin/work/Foreview_ws/src/install/remote_controller_pkg/include/remote_controller_pkg/remote_controller_pkg/msg/detail
[11.096s] -- Installing: /home/orin/work/Foreview_ws/src/install/remote_controller_pkg/include/remote_controller_pkg/remote_controller_pkg/msg/detail/dds_fastrtps
[11.096s] -- Installing: /home/orin/work/Foreview_ws/src/install/remote_controller_pkg/include/remote_controller_pkg/remote_controller_pkg/msg/detail/motor_speeds__rosidl_typesupport_fastrtps_cpp.hpp
[11.096s] -- Installing: /home/orin/work/Foreview_ws/src/install/remote_controller_pkg/include/remote_controller_pkg/remote_controller_pkg/msg/rosidl_typesupport_fastrtps_cpp__visibility_control.h
[11.096s] -- Installing: /home/orin/work/Foreview_ws/src/install/remote_controller_pkg/lib/libremote_controller_pkg__rosidl_typesupport_fastrtps_cpp.so
[11.096s] -- Set runtime path of "/home/orin/work/Foreview_ws/src/install/remote_controller_pkg/lib/libremote_controller_pkg__rosidl_typesupport_fastrtps_cpp.so" to ""
[11.097s] -- Up-to-date: /home/orin/work/Foreview_ws/src/install/remote_controller_pkg/include/remote_controller_pkg/remote_controller_pkg
[11.097s] -- Up-to-date: /home/orin/work/Foreview_ws/src/install/remote_controller_pkg/include/remote_controller_pkg/remote_controller_pkg/msg
[11.097s] -- Up-to-date: /home/orin/work/Foreview_ws/src/install/remote_controller_pkg/include/remote_controller_pkg/remote_controller_pkg/msg/detail
[11.097s] -- Installing: /home/orin/work/Foreview_ws/src/install/remote_controller_pkg/include/remote_controller_pkg/remote_controller_pkg/msg/detail/motor_speeds__rosidl_typesupport_introspection_c.h
[11.097s] -- Installing: /home/orin/work/Foreview_ws/src/install/remote_controller_pkg/include/remote_controller_pkg/remote_controller_pkg/msg/detail/motor_speeds__type_support.c
[11.097s] -- Installing: /home/orin/work/Foreview_ws/src/install/remote_controller_pkg/include/remote_controller_pkg/remote_controller_pkg/msg/rosidl_typesupport_introspection_c__visibility_control.h
[11.097s] -- Installing: /home/orin/work/Foreview_ws/src/install/remote_controller_pkg/lib/libremote_controller_pkg__rosidl_typesupport_introspection_c.so
[11.098s] -- Set runtime path of "/home/orin/work/Foreview_ws/src/install/remote_controller_pkg/lib/libremote_controller_pkg__rosidl_typesupport_introspection_c.so" to ""
[11.098s] -- Installing: /home/orin/work/Foreview_ws/src/install/remote_controller_pkg/lib/libremote_controller_pkg__rosidl_typesupport_c.so
[11.098s] -- Set runtime path of "/home/orin/work/Foreview_ws/src/install/remote_controller_pkg/lib/libremote_controller_pkg__rosidl_typesupport_c.so" to ""
[11.099s] -- Up-to-date: /home/orin/work/Foreview_ws/src/install/remote_controller_pkg/include/remote_controller_pkg/remote_controller_pkg
[11.099s] -- Up-to-date: /home/orin/work/Foreview_ws/src/install/remote_controller_pkg/include/remote_controller_pkg/remote_controller_pkg/msg
[11.099s] -- Up-to-date: /home/orin/work/Foreview_ws/src/install/remote_controller_pkg/include/remote_controller_pkg/remote_controller_pkg/msg/detail
[11.099s] -- Installing: /home/orin/work/Foreview_ws/src/install/remote_controller_pkg/include/remote_controller_pkg/remote_controller_pkg/msg/detail/motor_speeds__type_support.cpp
[11.099s] -- Installing: /home/orin/work/Foreview_ws/src/install/remote_controller_pkg/include/remote_controller_pkg/remote_controller_pkg/msg/detail/motor_speeds__rosidl_typesupport_introspection_cpp.hpp
[11.099s] -- Installing: /home/orin/work/Foreview_ws/src/install/remote_controller_pkg/lib/libremote_controller_pkg__rosidl_typesupport_introspection_cpp.so
[11.100s] -- Set runtime path of "/home/orin/work/Foreview_ws/src/install/remote_controller_pkg/lib/libremote_controller_pkg__rosidl_typesupport_introspection_cpp.so" to ""
[11.100s] -- Installing: /home/orin/work/Foreview_ws/src/install/remote_controller_pkg/lib/libremote_controller_pkg__rosidl_typesupport_cpp.so
[11.100s] -- Set runtime path of "/home/orin/work/Foreview_ws/src/install/remote_controller_pkg/lib/libremote_controller_pkg__rosidl_typesupport_cpp.so" to ""
[11.100s] -- Installing: /home/orin/work/Foreview_ws/src/install/remote_controller_pkg/share/remote_controller_pkg/environment/pythonpath.sh
[11.100s] -- Installing: /home/orin/work/Foreview_ws/src/install/remote_controller_pkg/share/remote_controller_pkg/environment/pythonpath.dsv
[11.101s] -- Installing: /home/orin/work/Foreview_ws/src/install/remote_controller_pkg/lib/python3.8/site-packages/remote_controller_pkg-0.0.0-py3.8.egg-info
[11.101s] -- Installing: /home/orin/work/Foreview_ws/src/install/remote_controller_pkg/lib/python3.8/site-packages/remote_controller_pkg-0.0.0-py3.8.egg-info/PKG-INFO
[11.101s] -- Installing: /home/orin/work/Foreview_ws/src/install/remote_controller_pkg/lib/python3.8/site-packages/remote_controller_pkg-0.0.0-py3.8.egg-info/top_level.txt
[11.101s] -- Installing: /home/orin/work/Foreview_ws/src/install/remote_controller_pkg/lib/python3.8/site-packages/remote_controller_pkg-0.0.0-py3.8.egg-info/SOURCES.txt
[11.101s] -- Installing: /home/orin/work/Foreview_ws/src/install/remote_controller_pkg/lib/python3.8/site-packages/remote_controller_pkg-0.0.0-py3.8.egg-info/dependency_links.txt
[11.102s] -- Installing: /home/orin/work/Foreview_ws/src/install/remote_controller_pkg/lib/python3.8/site-packages/remote_controller_pkg
[11.102s] -- Installing: /home/orin/work/Foreview_ws/src/install/remote_controller_pkg/lib/python3.8/site-packages/remote_controller_pkg/remote_controller_pkg_s__rosidl_typesupport_introspection_c.cpython-38-aarch64-linux-gnu.so
[11.102s] -- Installing: /home/orin/work/Foreview_ws/src/install/remote_controller_pkg/lib/python3.8/site-packages/remote_controller_pkg/__init__.py
[11.102s] -- Installing: /home/orin/work/Foreview_ws/src/install/remote_controller_pkg/lib/python3.8/site-packages/remote_controller_pkg/remote_controller_pkg_s__rosidl_typesupport_fastrtps_c.cpython-38-aarch64-linux-gnu.so
[11.102s] -- Installing: /home/orin/work/Foreview_ws/src/install/remote_controller_pkg/lib/python3.8/site-packages/remote_controller_pkg/_remote_controller_pkg_s.ep.rosidl_typesupport_fastrtps_c.c
[11.103s] -- Installing: /home/orin/work/Foreview_ws/src/install/remote_controller_pkg/lib/python3.8/site-packages/remote_controller_pkg/remote_controller_pkg_s__rosidl_typesupport_c.cpython-38-aarch64-linux-gnu.so
[11.103s] -- Installing: /home/orin/work/Foreview_ws/src/install/remote_controller_pkg/lib/python3.8/site-packages/remote_controller_pkg/_remote_controller_pkg_s.ep.rosidl_typesupport_introspection_c.c
[11.103s] -- Installing: /home/orin/work/Foreview_ws/src/install/remote_controller_pkg/lib/python3.8/site-packages/remote_controller_pkg/msg
[11.103s] -- Installing: /home/orin/work/Foreview_ws/src/install/remote_controller_pkg/lib/python3.8/site-packages/remote_controller_pkg/msg/__init__.py
[11.103s] -- Installing: /home/orin/work/Foreview_ws/src/install/remote_controller_pkg/lib/python3.8/site-packages/remote_controller_pkg/msg/_motor_speeds.py
[11.103s] -- Installing: /home/orin/work/Foreview_ws/src/install/remote_controller_pkg/lib/python3.8/site-packages/remote_controller_pkg/msg/_motor_speeds_s.c
[11.104s] -- Installing: /home/orin/work/Foreview_ws/src/install/remote_controller_pkg/lib/python3.8/site-packages/remote_controller_pkg/libremote_controller_pkg__rosidl_generator_py.so
[11.104s] -- Installing: /home/orin/work/Foreview_ws/src/install/remote_controller_pkg/lib/python3.8/site-packages/remote_controller_pkg/_remote_controller_pkg_s.ep.rosidl_typesupport_c.c
[11.152s] Listing '/home/orin/work/Foreview_ws/src/install/remote_controller_pkg/lib/python3.8/site-packages/remote_controller_pkg'...
[11.152s] Compiling '/home/orin/work/Foreview_ws/src/install/remote_controller_pkg/lib/python3.8/site-packages/remote_controller_pkg/__init__.py'...
[11.152s] Listing '/home/orin/work/Foreview_ws/src/install/remote_controller_pkg/lib/python3.8/site-packages/remote_controller_pkg/msg'...
[11.152s] Compiling '/home/orin/work/Foreview_ws/src/install/remote_controller_pkg/lib/python3.8/site-packages/remote_controller_pkg/msg/__init__.py'...
[11.152s] Compiling '/home/orin/work/Foreview_ws/src/install/remote_controller_pkg/lib/python3.8/site-packages/remote_controller_pkg/msg/_motor_speeds.py'...
[11.162s] -- Installing: /home/orin/work/Foreview_ws/src/install/remote_controller_pkg/lib/python3.8/site-packages/remote_controller_pkg/remote_controller_pkg_s__rosidl_typesupport_fastrtps_c.cpython-38-aarch64-linux-gnu.so
[11.162s] -- Set runtime path of "/home/orin/work/Foreview_ws/src/install/remote_controller_pkg/lib/python3.8/site-packages/remote_controller_pkg/remote_controller_pkg_s__rosidl_typesupport_fastrtps_c.cpython-38-aarch64-linux-gnu.so" to ""
[11.162s] -- Installing: /home/orin/work/Foreview_ws/src/install/remote_controller_pkg/lib/python3.8/site-packages/remote_controller_pkg/remote_controller_pkg_s__rosidl_typesupport_introspection_c.cpython-38-aarch64-linux-gnu.so
[11.163s] -- Set runtime path of "/home/orin/work/Foreview_ws/src/install/remote_controller_pkg/lib/python3.8/site-packages/remote_controller_pkg/remote_controller_pkg_s__rosidl_typesupport_introspection_c.cpython-38-aarch64-linux-gnu.so" to ""
[11.163s] -- Installing: /home/orin/work/Foreview_ws/src/install/remote_controller_pkg/lib/python3.8/site-packages/remote_controller_pkg/remote_controller_pkg_s__rosidl_typesupport_c.cpython-38-aarch64-linux-gnu.so
[11.164s] -- Set runtime path of "/home/orin/work/Foreview_ws/src/install/remote_controller_pkg/lib/python3.8/site-packages/remote_controller_pkg/remote_controller_pkg_s__rosidl_typesupport_c.cpython-38-aarch64-linux-gnu.so" to ""
[11.164s] -- Installing: /home/orin/work/Foreview_ws/src/install/remote_controller_pkg/lib/libremote_controller_pkg__rosidl_generator_py.so
[11.164s] -- Set runtime path of "/home/orin/work/Foreview_ws/src/install/remote_controller_pkg/lib/libremote_controller_pkg__rosidl_generator_py.so" to ""
[11.164s] -- Installing: /home/orin/work/Foreview_ws/src/install/remote_controller_pkg/share/remote_controller_pkg/msg/MotorSpeeds.idl
[11.165s] -- Installing: /home/orin/work/Foreview_ws/src/install/remote_controller_pkg/share/remote_controller_pkg/msg/MotorSpeeds.msg
[11.165s] -- Installing: /home/orin/work/Foreview_ws/src/install/remote_controller_pkg/share/ament_index/resource_index/package_run_dependencies/remote_controller_pkg
[11.166s] -- Installing: /home/orin/work/Foreview_ws/src/install/remote_controller_pkg/share/ament_index/resource_index/parent_prefix_path/remote_controller_pkg
[11.166s] -- Installing: /home/orin/work/Foreview_ws/src/install/remote_controller_pkg/share/remote_controller_pkg/environment/ament_prefix_path.sh
[11.166s] -- Installing: /home/orin/work/Foreview_ws/src/install/remote_controller_pkg/share/remote_controller_pkg/environment/ament_prefix_path.dsv
[11.167s] -- Installing: /home/orin/work/Foreview_ws/src/install/remote_controller_pkg/share/remote_controller_pkg/environment/path.sh
[11.167s] -- Installing: /home/orin/work/Foreview_ws/src/install/remote_controller_pkg/share/remote_controller_pkg/environment/path.dsv
[11.167s] -- Installing: /home/orin/work/Foreview_ws/src/install/remote_controller_pkg/share/remote_controller_pkg/local_setup.bash
[11.167s] -- Installing: /home/orin/work/Foreview_ws/src/install/remote_controller_pkg/share/remote_controller_pkg/local_setup.sh
[11.168s] -- Installing: /home/orin/work/Foreview_ws/src/install/remote_controller_pkg/share/remote_controller_pkg/local_setup.zsh
[11.168s] -- Installing: /home/orin/work/Foreview_ws/src/install/remote_controller_pkg/share/remote_controller_pkg/local_setup.dsv
[11.168s] -- Installing: /home/orin/work/Foreview_ws/src/install/remote_controller_pkg/share/remote_controller_pkg/package.dsv
[11.168s] -- Installing: /home/orin/work/Foreview_ws/src/install/remote_controller_pkg/share/ament_index/resource_index/packages/remote_controller_pkg
[11.169s] -- Installing: /home/orin/work/Foreview_ws/src/install/remote_controller_pkg/share/remote_controller_pkg/cmake/export_remote_controller_pkg__rosidl_generator_cExport.cmake
[11.169s] -- Installing: /home/orin/work/Foreview_ws/src/install/remote_controller_pkg/share/remote_controller_pkg/cmake/export_remote_controller_pkg__rosidl_generator_cExport-noconfig.cmake
[11.169s] -- Installing: /home/orin/work/Foreview_ws/src/install/remote_controller_pkg/share/remote_controller_pkg/cmake/export_remote_controller_pkg__rosidl_typesupport_fastrtps_cExport.cmake
[11.169s] -- Installing: /home/orin/work/Foreview_ws/src/install/remote_controller_pkg/share/remote_controller_pkg/cmake/export_remote_controller_pkg__rosidl_typesupport_fastrtps_cExport-noconfig.cmake
[11.170s] -- Installing: /home/orin/work/Foreview_ws/src/install/remote_controller_pkg/share/remote_controller_pkg/cmake/export_remote_controller_pkg__rosidl_generator_cppExport.cmake
[11.170s] -- Installing: /home/orin/work/Foreview_ws/src/install/remote_controller_pkg/share/remote_controller_pkg/cmake/export_remote_controller_pkg__rosidl_typesupport_fastrtps_cppExport.cmake
[11.170s] -- Installing: /home/orin/work/Foreview_ws/src/install/remote_controller_pkg/share/remote_controller_pkg/cmake/export_remote_controller_pkg__rosidl_typesupport_fastrtps_cppExport-noconfig.cmake
[11.170s] -- Installing: /home/orin/work/Foreview_ws/src/install/remote_controller_pkg/share/remote_controller_pkg/cmake/remote_controller_pkg__rosidl_typesupport_introspection_cExport.cmake
[11.171s] -- Installing: /home/orin/work/Foreview_ws/src/install/remote_controller_pkg/share/remote_controller_pkg/cmake/remote_controller_pkg__rosidl_typesupport_introspection_cExport-noconfig.cmake
[11.171s] -- Installing: /home/orin/work/Foreview_ws/src/install/remote_controller_pkg/share/remote_controller_pkg/cmake/remote_controller_pkg__rosidl_typesupport_cExport.cmake
[11.171s] -- Installing: /home/orin/work/Foreview_ws/src/install/remote_controller_pkg/share/remote_controller_pkg/cmake/remote_controller_pkg__rosidl_typesupport_cExport-noconfig.cmake
[11.171s] -- Installing: /home/orin/work/Foreview_ws/src/install/remote_controller_pkg/share/remote_controller_pkg/cmake/remote_controller_pkg__rosidl_typesupport_introspection_cppExport.cmake
[11.172s] -- Installing: /home/orin/work/Foreview_ws/src/install/remote_controller_pkg/share/remote_controller_pkg/cmake/remote_controller_pkg__rosidl_typesupport_introspection_cppExport-noconfig.cmake
[11.172s] -- Installing: /home/orin/work/Foreview_ws/src/install/remote_controller_pkg/share/remote_controller_pkg/cmake/remote_controller_pkg__rosidl_typesupport_cppExport.cmake
[11.172s] -- Installing: /home/orin/work/Foreview_ws/src/install/remote_controller_pkg/share/remote_controller_pkg/cmake/remote_controller_pkg__rosidl_typesupport_cppExport-noconfig.cmake
[11.173s] -- Installing: /home/orin/work/Foreview_ws/src/install/remote_controller_pkg/share/remote_controller_pkg/cmake/export_remote_controller_pkg__rosidl_generator_pyExport.cmake
[11.173s] -- Installing: /home/orin/work/Foreview_ws/src/install/remote_controller_pkg/share/remote_controller_pkg/cmake/export_remote_controller_pkg__rosidl_generator_pyExport-noconfig.cmake
[11.173s] -- Installing: /home/orin/work/Foreview_ws/src/install/remote_controller_pkg/share/remote_controller_pkg/cmake/rosidl_cmake-extras.cmake
[11.173s] -- Installing: /home/orin/work/Foreview_ws/src/install/remote_controller_pkg/share/remote_controller_pkg/cmake/ament_cmake_export_dependencies-extras.cmake
[11.173s] -- Installing: /home/orin/work/Foreview_ws/src/install/remote_controller_pkg/share/remote_controller_pkg/cmake/ament_cmake_export_include_directories-extras.cmake
[11.174s] -- Installing: /home/orin/work/Foreview_ws/src/install/remote_controller_pkg/share/remote_controller_pkg/cmake/ament_cmake_export_libraries-extras.cmake
[11.174s] -- Installing: /home/orin/work/Foreview_ws/src/install/remote_controller_pkg/share/remote_controller_pkg/cmake/ament_cmake_export_targets-extras.cmake
[11.174s] -- Installing: /home/orin/work/Foreview_ws/src/install/remote_controller_pkg/share/remote_controller_pkg/cmake/rosidl_cmake_export_typesupport_targets-extras.cmake
[11.174s] -- Installing: /home/orin/work/Foreview_ws/src/install/remote_controller_pkg/share/remote_controller_pkg/cmake/rosidl_cmake_export_typesupport_libraries-extras.cmake
[11.175s] -- Installing: /home/orin/work/Foreview_ws/src/install/remote_controller_pkg/share/remote_controller_pkg/cmake/remote_controller_pkgConfig.cmake
[11.175s] -- Installing: /home/orin/work/Foreview_ws/src/install/remote_controller_pkg/share/remote_controller_pkg/cmake/remote_controller_pkgConfig-version.cmake
[11.175s] -- Installing: /home/orin/work/Foreview_ws/src/install/remote_controller_pkg/share/remote_controller_pkg/package.xml
[11.250s] Invoked command in '/home/orin/work/Foreview_ws/src/build/remote_controller_pkg' returned '0': /usr/local/bin/cmake --install /home/orin/work/Foreview_ws/src/build/remote_controller_pkg
