[0.481s] DEBUG:colcon:Command line arguments: ['/usr/bin/colcon', 'build']
[0.481s] DEBUG:colcon:Parsed command line arguments: Namespace(ament_cmake_args=None, base_paths=['.'], build_base='build', catkin_cmake_args=None, catkin_skip_building_tests=False, cmake_args=None, cmake_clean_cache=False, cmake_clean_first=False, cmake_force_configure=False, cmake_target=None, cmake_target_skip_unavailable=False, continue_on_error=False, event_handlers=None, executor='parallel', ignore_user_meta=False, install_base='install', log_base=None, log_level=None, main=<bound method BuildVerb.main of <colcon_core.verb.build.BuildVerb object at 0xffff8bd4ee20>>, merge_install=False, metas=['./colcon.meta'], packages_above=None, packages_above_and_dependencies=None, packages_above_depth=None, packages_end=None, packages_ignore=None, packages_ignore_regex=None, packages_select=None, packages_select_build_failed=False, packages_select_by_dep=None, packages_select_regex=None, packages_select_test_failures=False, packages_skip=None, packages_skip_build_finished=False, packages_skip_by_dep=None, packages_skip_regex=None, packages_skip_test_passed=False, packages_skip_up_to=None, packages_start=None, packages_up_to=None, packages_up_to_regex=None, parallel_workers=12, paths=None, symlink_install=False, test_result_base=None, verb_extension=<colcon_core.verb.build.BuildVerb object at 0xffff8bd4ee20>, verb_name='build', verb_parser=<colcon_defaults.argument_parser.defaults.DefaultArgumentsDecorator object at 0xffff8bca28e0>)
[0.555s] Level 1:colcon.colcon_core.package_discovery:discover_packages(colcon_meta) check parameters
[0.555s] Level 1:colcon.colcon_core.package_discovery:discover_packages(recursive) check parameters
[0.555s] Level 1:colcon.colcon_core.package_discovery:discover_packages(ignore) check parameters
[0.555s] Level 1:colcon.colcon_core.package_discovery:discover_packages(path) check parameters
[0.555s] Level 1:colcon.colcon_core.package_discovery:discover_packages(colcon_meta) discover
[0.555s] Level 1:colcon.colcon_core.package_discovery:discover_packages(recursive) discover
[0.555s] INFO:colcon.colcon_core.package_discovery:Crawling recursively for packages in '/home/orin/work/Foreview_ws'
[0.556s] Level 1:colcon.colcon_core.package_identification:_identify(.) by extensions ['ignore', 'ignore_ament_install']
[0.556s] Level 1:colcon.colcon_core.package_identification:_identify(.) by extension 'ignore'
[0.556s] Level 1:colcon.colcon_core.package_identification:_identify(.) by extension 'ignore_ament_install'
[0.556s] Level 1:colcon.colcon_core.package_identification:_identify(.) by extensions ['colcon_pkg']
[0.556s] Level 1:colcon.colcon_core.package_identification:_identify(.) by extension 'colcon_pkg'
[0.556s] Level 1:colcon.colcon_core.package_identification:_identify(.) by extensions ['colcon_meta']
[0.556s] Level 1:colcon.colcon_core.package_identification:_identify(.) by extension 'colcon_meta'
[0.556s] Level 1:colcon.colcon_core.package_identification:_identify(.) by extensions ['ros']
[0.556s] Level 1:colcon.colcon_core.package_identification:_identify(.) by extension 'ros'
[0.578s] Level 1:colcon.colcon_core.package_identification:_identify(.) by extensions ['cmake', 'python']
[0.578s] Level 1:colcon.colcon_core.package_identification:_identify(.) by extension 'cmake'
[0.578s] Level 1:colcon.colcon_core.package_identification:_identify(.) by extension 'python'
[0.578s] Level 1:colcon.colcon_core.package_identification:_identify(.) by extensions ['python_setup_py']
[0.578s] Level 1:colcon.colcon_core.package_identification:_identify(.) by extension 'python_setup_py'
[0.578s] Level 1:colcon.colcon_core.package_identification:_identify(build) by extensions ['ignore', 'ignore_ament_install']
[0.579s] Level 1:colcon.colcon_core.package_identification:_identify(build) by extension 'ignore'
[0.579s] Level 1:colcon.colcon_core.package_identification:_identify(build) ignored
[0.579s] Level 1:colcon.colcon_core.package_identification:_identify(install) by extensions ['ignore', 'ignore_ament_install']
[0.579s] Level 1:colcon.colcon_core.package_identification:_identify(install) by extension 'ignore'
[0.579s] Level 1:colcon.colcon_core.package_identification:_identify(install) ignored
[0.579s] Level 1:colcon.colcon_core.package_identification:_identify(log) by extensions ['ignore', 'ignore_ament_install']
[0.579s] Level 1:colcon.colcon_core.package_identification:_identify(log) by extension 'ignore'
[0.579s] Level 1:colcon.colcon_core.package_identification:_identify(log) ignored
[0.580s] Level 1:colcon.colcon_core.package_identification:_identify(src) by extensions ['ignore', 'ignore_ament_install']
[0.580s] Level 1:colcon.colcon_core.package_identification:_identify(src) by extension 'ignore'
[0.580s] Level 1:colcon.colcon_core.package_identification:_identify(src) by extension 'ignore_ament_install'
[0.580s] Level 1:colcon.colcon_core.package_identification:_identify(src) by extensions ['colcon_pkg']
[0.580s] Level 1:colcon.colcon_core.package_identification:_identify(src) by extension 'colcon_pkg'
[0.580s] Level 1:colcon.colcon_core.package_identification:_identify(src) by extensions ['colcon_meta']
[0.580s] Level 1:colcon.colcon_core.package_identification:_identify(src) by extension 'colcon_meta'
[0.580s] Level 1:colcon.colcon_core.package_identification:_identify(src) by extensions ['ros']
[0.580s] Level 1:colcon.colcon_core.package_identification:_identify(src) by extension 'ros'
[0.580s] Level 1:colcon.colcon_core.package_identification:_identify(src) by extensions ['cmake', 'python']
[0.580s] Level 1:colcon.colcon_core.package_identification:_identify(src) by extension 'cmake'
[0.580s] Level 1:colcon.colcon_core.package_identification:_identify(src) by extension 'python'
[0.580s] Level 1:colcon.colcon_core.package_identification:_identify(src) by extensions ['python_setup_py']
[0.580s] Level 1:colcon.colcon_core.package_identification:_identify(src) by extension 'python_setup_py'
[0.581s] Level 1:colcon.colcon_core.package_identification:_identify(src/build) by extensions ['ignore', 'ignore_ament_install']
[0.581s] Level 1:colcon.colcon_core.package_identification:_identify(src/build) by extension 'ignore'
[0.581s] Level 1:colcon.colcon_core.package_identification:_identify(src/build) ignored
[0.581s] Level 1:colcon.colcon_core.package_identification:_identify(src/dynamixel_controller_pkg) by extensions ['ignore', 'ignore_ament_install']
[0.581s] Level 1:colcon.colcon_core.package_identification:_identify(src/dynamixel_controller_pkg) by extension 'ignore'
[0.581s] Level 1:colcon.colcon_core.package_identification:_identify(src/dynamixel_controller_pkg) by extension 'ignore_ament_install'
[0.581s] Level 1:colcon.colcon_core.package_identification:_identify(src/dynamixel_controller_pkg) by extensions ['colcon_pkg']
[0.581s] Level 1:colcon.colcon_core.package_identification:_identify(src/dynamixel_controller_pkg) by extension 'colcon_pkg'
[0.581s] Level 1:colcon.colcon_core.package_identification:_identify(src/dynamixel_controller_pkg) by extensions ['colcon_meta']
[0.581s] Level 1:colcon.colcon_core.package_identification:_identify(src/dynamixel_controller_pkg) by extension 'colcon_meta'
[0.581s] Level 1:colcon.colcon_core.package_identification:_identify(src/dynamixel_controller_pkg) by extensions ['ros']
[0.581s] Level 1:colcon.colcon_core.package_identification:_identify(src/dynamixel_controller_pkg) by extension 'ros'
[0.585s] DEBUG:colcon.colcon_core.package_identification:Package 'src/dynamixel_controller_pkg' with type 'ros.ament_cmake' and name 'dynamixel_controller_pkg'
[0.586s] Level 1:colcon.colcon_core.package_identification:_identify(src/install) by extensions ['ignore', 'ignore_ament_install']
[0.586s] Level 1:colcon.colcon_core.package_identification:_identify(src/install) by extension 'ignore'
[0.586s] Level 1:colcon.colcon_core.package_identification:_identify(src/install) ignored
[0.586s] Level 1:colcon.colcon_core.package_identification:_identify(src/log) by extensions ['ignore', 'ignore_ament_install']
[0.586s] Level 1:colcon.colcon_core.package_identification:_identify(src/log) by extension 'ignore'
[0.586s] Level 1:colcon.colcon_core.package_identification:_identify(src/log) ignored
[0.586s] Level 1:colcon.colcon_core.package_identification:_identify(src/remote_controller_pkg) by extensions ['ignore', 'ignore_ament_install']
[0.587s] Level 1:colcon.colcon_core.package_identification:_identify(src/remote_controller_pkg) by extension 'ignore'
[0.587s] Level 1:colcon.colcon_core.package_identification:_identify(src/remote_controller_pkg) by extension 'ignore_ament_install'
[0.587s] Level 1:colcon.colcon_core.package_identification:_identify(src/remote_controller_pkg) by extensions ['colcon_pkg']
[0.587s] Level 1:colcon.colcon_core.package_identification:_identify(src/remote_controller_pkg) by extension 'colcon_pkg'
[0.587s] Level 1:colcon.colcon_core.package_identification:_identify(src/remote_controller_pkg) by extensions ['colcon_meta']
[0.587s] Level 1:colcon.colcon_core.package_identification:_identify(src/remote_controller_pkg) by extension 'colcon_meta'
[0.587s] Level 1:colcon.colcon_core.package_identification:_identify(src/remote_controller_pkg) by extensions ['ros']
[0.587s] Level 1:colcon.colcon_core.package_identification:_identify(src/remote_controller_pkg) by extension 'ros'
[0.588s] DEBUG:colcon.colcon_core.package_identification:Package 'src/remote_controller_pkg' with type 'ros.ament_cmake' and name 'remote_controller_pkg'
[0.588s] Level 1:colcon.colcon_core.package_discovery:discover_packages(recursive) using defaults
[0.588s] Level 1:colcon.colcon_core.package_discovery:discover_packages(ignore) discover
[0.588s] Level 1:colcon.colcon_core.package_discovery:discover_packages(ignore) using defaults
[0.588s] Level 1:colcon.colcon_core.package_discovery:discover_packages(path) discover
[0.588s] Level 1:colcon.colcon_core.package_discovery:discover_packages(path) using defaults
[0.632s] Level 5:colcon.colcon_core.verb:set package 'dynamixel_controller_pkg' build argument 'cmake_args' from command line to 'None'
[0.632s] Level 5:colcon.colcon_core.verb:set package 'dynamixel_controller_pkg' build argument 'cmake_target' from command line to 'None'
[0.632s] Level 5:colcon.colcon_core.verb:set package 'dynamixel_controller_pkg' build argument 'cmake_target_skip_unavailable' from command line to 'False'
[0.633s] Level 5:colcon.colcon_core.verb:set package 'dynamixel_controller_pkg' build argument 'cmake_clean_cache' from command line to 'False'
[0.633s] Level 5:colcon.colcon_core.verb:set package 'dynamixel_controller_pkg' build argument 'cmake_clean_first' from command line to 'False'
[0.633s] Level 5:colcon.colcon_core.verb:set package 'dynamixel_controller_pkg' build argument 'cmake_force_configure' from command line to 'False'
[0.633s] Level 5:colcon.colcon_core.verb:set package 'dynamixel_controller_pkg' build argument 'ament_cmake_args' from command line to 'None'
[0.633s] Level 5:colcon.colcon_core.verb:set package 'dynamixel_controller_pkg' build argument 'catkin_cmake_args' from command line to 'None'
[0.633s] Level 5:colcon.colcon_core.verb:set package 'dynamixel_controller_pkg' build argument 'catkin_skip_building_tests' from command line to 'False'
[0.633s] DEBUG:colcon.colcon_core.verb:Building package 'dynamixel_controller_pkg' with the following arguments: {'ament_cmake_args': None, 'build_base': '/home/orin/work/Foreview_ws/build/dynamixel_controller_pkg', 'catkin_cmake_args': None, 'catkin_skip_building_tests': False, 'cmake_args': None, 'cmake_clean_cache': False, 'cmake_clean_first': False, 'cmake_force_configure': False, 'cmake_target': None, 'cmake_target_skip_unavailable': False, 'install_base': '/home/orin/work/Foreview_ws/install/dynamixel_controller_pkg', 'merge_install': False, 'path': '/home/orin/work/Foreview_ws/src/dynamixel_controller_pkg', 'symlink_install': False, 'test_result_base': None}
[0.635s] Level 5:colcon.colcon_core.verb:set package 'remote_controller_pkg' build argument 'cmake_args' from command line to 'None'
[0.635s] Level 5:colcon.colcon_core.verb:set package 'remote_controller_pkg' build argument 'cmake_target' from command line to 'None'
[0.635s] Level 5:colcon.colcon_core.verb:set package 'remote_controller_pkg' build argument 'cmake_target_skip_unavailable' from command line to 'False'
[0.635s] Level 5:colcon.colcon_core.verb:set package 'remote_controller_pkg' build argument 'cmake_clean_cache' from command line to 'False'
[0.635s] Level 5:colcon.colcon_core.verb:set package 'remote_controller_pkg' build argument 'cmake_clean_first' from command line to 'False'
[0.635s] Level 5:colcon.colcon_core.verb:set package 'remote_controller_pkg' build argument 'cmake_force_configure' from command line to 'False'
[0.635s] Level 5:colcon.colcon_core.verb:set package 'remote_controller_pkg' build argument 'ament_cmake_args' from command line to 'None'
[0.635s] Level 5:colcon.colcon_core.verb:set package 'remote_controller_pkg' build argument 'catkin_cmake_args' from command line to 'None'
[0.635s] Level 5:colcon.colcon_core.verb:set package 'remote_controller_pkg' build argument 'catkin_skip_building_tests' from command line to 'False'
[0.635s] DEBUG:colcon.colcon_core.verb:Building package 'remote_controller_pkg' with the following arguments: {'ament_cmake_args': None, 'build_base': '/home/orin/work/Foreview_ws/build/remote_controller_pkg', 'catkin_cmake_args': None, 'catkin_skip_building_tests': False, 'cmake_args': None, 'cmake_clean_cache': False, 'cmake_clean_first': False, 'cmake_force_configure': False, 'cmake_target': None, 'cmake_target_skip_unavailable': False, 'install_base': '/home/orin/work/Foreview_ws/install/remote_controller_pkg', 'merge_install': False, 'path': '/home/orin/work/Foreview_ws/src/remote_controller_pkg', 'symlink_install': False, 'test_result_base': None}
[0.637s] INFO:colcon.colcon_core.executor:Executing jobs using 'parallel' executor
[0.647s] DEBUG:colcon.colcon_parallel_executor.executor.parallel:run_until_complete
[0.647s] INFO:colcon.colcon_ros.task.ament_cmake.build:Building ROS package in '/home/orin/work/Foreview_ws/src/dynamixel_controller_pkg' with build type 'ament_cmake'
[0.648s] INFO:colcon.colcon_cmake.task.cmake.build:Building CMake package in '/home/orin/work/Foreview_ws/src/dynamixel_controller_pkg'
[0.656s] INFO:colcon.colcon_core.plugin_system:Skipping extension 'colcon_core.shell.bat': Not used on non-Windows systems
[0.656s] INFO:colcon.colcon_core.shell:Skip shell extension 'powershell' for command environment: Not usable outside of PowerShell
[0.656s] DEBUG:colcon.colcon_core.shell:Skip shell extension 'dsv' for command environment
[0.678s] INFO:colcon.colcon_ros.task.ament_cmake.build:Building ROS package in '/home/orin/work/Foreview_ws/src/remote_controller_pkg' with build type 'ament_cmake'
[0.678s] INFO:colcon.colcon_cmake.task.cmake.build:Building CMake package in '/home/orin/work/Foreview_ws/src/remote_controller_pkg'
[0.683s] INFO:colcon.colcon_core.shell:Skip shell extension 'powershell' for command environment: Not usable outside of PowerShell
[0.683s] DEBUG:colcon.colcon_core.shell:Skip shell extension 'dsv' for command environment
[0.709s] DEBUG:colcon.colcon_core.event_handler.log_command:Invoking command in '/home/orin/work/Foreview_ws/build/dynamixel_controller_pkg': /usr/local/bin/cmake /home/orin/work/Foreview_ws/src/dynamixel_controller_pkg -DCMAKE_INSTALL_PREFIX=/home/orin/work/Foreview_ws/install/dynamixel_controller_pkg
[0.724s] DEBUG:colcon.colcon_core.event_handler.log_command:Invoking command in '/home/orin/work/Foreview_ws/build/remote_controller_pkg': /usr/local/bin/cmake /home/orin/work/Foreview_ws/src/remote_controller_pkg -DCMAKE_INSTALL_PREFIX=/home/orin/work/Foreview_ws/install/remote_controller_pkg
[8.561s] DEBUG:colcon.colcon_core.event_handler.log_command:Invoked command in '/home/orin/work/Foreview_ws/build/remote_controller_pkg' returned '0': /usr/local/bin/cmake /home/orin/work/Foreview_ws/src/remote_controller_pkg -DCMAKE_INSTALL_PREFIX=/home/orin/work/Foreview_ws/install/remote_controller_pkg
[8.569s] DEBUG:colcon.colcon_core.event_handler.log_command:Invoking command in '/home/orin/work/Foreview_ws/build/remote_controller_pkg': /usr/local/bin/cmake --build /home/orin/work/Foreview_ws/build/remote_controller_pkg -- -j12 -l12
[8.574s] DEBUG:colcon.colcon_core.event_handler.log_command:Invoked command in '/home/orin/work/Foreview_ws/build/dynamixel_controller_pkg' returned '0': /usr/local/bin/cmake /home/orin/work/Foreview_ws/src/dynamixel_controller_pkg -DCMAKE_INSTALL_PREFIX=/home/orin/work/Foreview_ws/install/dynamixel_controller_pkg
[8.578s] DEBUG:colcon.colcon_core.event_handler.log_command:Invoking command in '/home/orin/work/Foreview_ws/build/dynamixel_controller_pkg': /usr/local/bin/cmake --build /home/orin/work/Foreview_ws/build/dynamixel_controller_pkg -- -j12 -l12
[11.425s] DEBUG:colcon.colcon_core.event_handler.log_command:Invoked command in '/home/orin/work/Foreview_ws/build/remote_controller_pkg' returned '0': /usr/local/bin/cmake --build /home/orin/work/Foreview_ws/build/remote_controller_pkg -- -j12 -l12
[11.461s] DEBUG:colcon.colcon_core.event_handler.log_command:Invoked command in '/home/orin/work/Foreview_ws/build/dynamixel_controller_pkg' returned '0': /usr/local/bin/cmake --build /home/orin/work/Foreview_ws/build/dynamixel_controller_pkg -- -j12 -l12
[11.603s] DEBUG:colcon.colcon_core.event_handler.log_command:Invoking command in '/home/orin/work/Foreview_ws/build/remote_controller_pkg': /usr/local/bin/cmake --install /home/orin/work/Foreview_ws/build/remote_controller_pkg
[11.615s] DEBUG:colcon.colcon_core.event_handler.log_command:Invoking command in '/home/orin/work/Foreview_ws/build/dynamixel_controller_pkg': /usr/local/bin/cmake --install /home/orin/work/Foreview_ws/build/dynamixel_controller_pkg
[11.743s] Level 1:colcon.colcon_core.environment:create_environment_scripts_only(remote_controller_pkg)
[11.747s] DEBUG:colcon.colcon_core.event_handler.log_command:Invoked command in '/home/orin/work/Foreview_ws/build/remote_controller_pkg' returned '0': /usr/local/bin/cmake --install /home/orin/work/Foreview_ws/build/remote_controller_pkg
[11.761s] Level 1:colcon.colcon_core.environment:checking '/home/orin/work/Foreview_ws/install/remote_controller_pkg' for CMake module files
[11.763s] Level 1:colcon.colcon_core.environment:checking '/home/orin/work/Foreview_ws/install/remote_controller_pkg' for CMake config files
[11.765s] Level 1:colcon.colcon_core.shell:create_environment_hook('remote_controller_pkg', 'cmake_prefix_path')
[11.774s] INFO:colcon.colcon_core.shell:Creating environment hook '/home/orin/work/Foreview_ws/install/remote_controller_pkg/share/remote_controller_pkg/hook/cmake_prefix_path.ps1'
[11.776s] INFO:colcon.colcon_core.shell:Creating environment descriptor '/home/orin/work/Foreview_ws/install/remote_controller_pkg/share/remote_controller_pkg/hook/cmake_prefix_path.dsv'
[11.777s] INFO:colcon.colcon_core.shell:Creating environment hook '/home/orin/work/Foreview_ws/install/remote_controller_pkg/share/remote_controller_pkg/hook/cmake_prefix_path.sh'
[11.779s] Level 1:colcon.colcon_core.environment:checking '/home/orin/work/Foreview_ws/install/remote_controller_pkg/lib'
[11.779s] Level 1:colcon.colcon_core.shell:create_environment_hook('remote_controller_pkg', 'ld_library_path_lib')
[11.785s] INFO:colcon.colcon_core.shell:Creating environment hook '/home/orin/work/Foreview_ws/install/remote_controller_pkg/share/remote_controller_pkg/hook/ld_library_path_lib.ps1'
[11.786s] INFO:colcon.colcon_core.shell:Creating environment descriptor '/home/orin/work/Foreview_ws/install/remote_controller_pkg/share/remote_controller_pkg/hook/ld_library_path_lib.dsv'
[11.787s] INFO:colcon.colcon_core.shell:Creating environment hook '/home/orin/work/Foreview_ws/install/remote_controller_pkg/share/remote_controller_pkg/hook/ld_library_path_lib.sh'
[11.787s] Level 1:colcon.colcon_core.environment:checking '/home/orin/work/Foreview_ws/install/remote_controller_pkg/bin'
[11.787s] Level 1:colcon.colcon_core.environment:checking '/home/orin/work/Foreview_ws/install/remote_controller_pkg/lib/pkgconfig/remote_controller_pkg.pc'
[11.790s] Level 1:colcon.colcon_core.environment:checking '/home/orin/work/Foreview_ws/install/remote_controller_pkg/lib/python3.8/site-packages'
[11.790s] Level 1:colcon.colcon_core.shell:create_environment_hook('remote_controller_pkg', 'pythonpath')
[11.794s] INFO:colcon.colcon_core.shell:Creating environment hook '/home/orin/work/Foreview_ws/install/remote_controller_pkg/share/remote_controller_pkg/hook/pythonpath.ps1'
[11.795s] INFO:colcon.colcon_core.shell:Creating environment descriptor '/home/orin/work/Foreview_ws/install/remote_controller_pkg/share/remote_controller_pkg/hook/pythonpath.dsv'
[11.796s] INFO:colcon.colcon_core.shell:Creating environment hook '/home/orin/work/Foreview_ws/install/remote_controller_pkg/share/remote_controller_pkg/hook/pythonpath.sh'
[11.796s] Level 1:colcon.colcon_core.environment:checking '/home/orin/work/Foreview_ws/install/remote_controller_pkg/bin'
[11.801s] INFO:colcon.colcon_core.shell:Creating package script '/home/orin/work/Foreview_ws/install/remote_controller_pkg/share/remote_controller_pkg/package.ps1'
[11.802s] INFO:colcon.colcon_core.shell:Creating package descriptor '/home/orin/work/Foreview_ws/install/remote_controller_pkg/share/remote_controller_pkg/package.dsv'
[11.803s] INFO:colcon.colcon_core.shell:Creating package script '/home/orin/work/Foreview_ws/install/remote_controller_pkg/share/remote_controller_pkg/package.sh'
[11.804s] INFO:colcon.colcon_core.shell:Creating package script '/home/orin/work/Foreview_ws/install/remote_controller_pkg/share/remote_controller_pkg/package.bash'
[11.805s] INFO:colcon.colcon_core.shell:Creating package script '/home/orin/work/Foreview_ws/install/remote_controller_pkg/share/remote_controller_pkg/package.zsh'
[11.806s] Level 1:colcon.colcon_core.environment:create_file_with_runtime_dependencies(/home/orin/work/Foreview_ws/install/remote_controller_pkg/share/colcon-core/packages/remote_controller_pkg)
[11.815s] Level 1:colcon.colcon_core.environment:create_environment_scripts_only(dynamixel_controller_pkg)
[11.821s] Level 1:colcon.colcon_core.environment:checking '/home/orin/work/Foreview_ws/install/dynamixel_controller_pkg' for CMake module files
[11.822s] DEBUG:colcon.colcon_core.event_handler.log_command:Invoked command in '/home/orin/work/Foreview_ws/build/dynamixel_controller_pkg' returned '0': /usr/local/bin/cmake --install /home/orin/work/Foreview_ws/build/dynamixel_controller_pkg
[11.823s] Level 1:colcon.colcon_core.environment:checking '/home/orin/work/Foreview_ws/install/dynamixel_controller_pkg' for CMake config files
[11.824s] Level 1:colcon.colcon_core.shell:create_environment_hook('dynamixel_controller_pkg', 'cmake_prefix_path')
[11.827s] INFO:colcon.colcon_core.shell:Creating environment hook '/home/orin/work/Foreview_ws/install/dynamixel_controller_pkg/share/dynamixel_controller_pkg/hook/cmake_prefix_path.ps1'
[11.828s] INFO:colcon.colcon_core.shell:Creating environment descriptor '/home/orin/work/Foreview_ws/install/dynamixel_controller_pkg/share/dynamixel_controller_pkg/hook/cmake_prefix_path.dsv'
[11.829s] INFO:colcon.colcon_core.shell:Creating environment hook '/home/orin/work/Foreview_ws/install/dynamixel_controller_pkg/share/dynamixel_controller_pkg/hook/cmake_prefix_path.sh'
[11.830s] Level 1:colcon.colcon_core.environment:checking '/home/orin/work/Foreview_ws/install/dynamixel_controller_pkg/lib'
[11.830s] Level 1:colcon.colcon_core.shell:create_environment_hook('dynamixel_controller_pkg', 'ld_library_path_lib')
[11.833s] INFO:colcon.colcon_core.shell:Creating environment hook '/home/orin/work/Foreview_ws/install/dynamixel_controller_pkg/share/dynamixel_controller_pkg/hook/ld_library_path_lib.ps1'
[11.834s] INFO:colcon.colcon_core.shell:Creating environment descriptor '/home/orin/work/Foreview_ws/install/dynamixel_controller_pkg/share/dynamixel_controller_pkg/hook/ld_library_path_lib.dsv'
[11.834s] INFO:colcon.colcon_core.shell:Creating environment hook '/home/orin/work/Foreview_ws/install/dynamixel_controller_pkg/share/dynamixel_controller_pkg/hook/ld_library_path_lib.sh'
[11.835s] Level 1:colcon.colcon_core.environment:checking '/home/orin/work/Foreview_ws/install/dynamixel_controller_pkg/bin'
[11.835s] Level 1:colcon.colcon_core.environment:checking '/home/orin/work/Foreview_ws/install/dynamixel_controller_pkg/lib/pkgconfig/dynamixel_controller_pkg.pc'
[11.835s] Level 1:colcon.colcon_core.environment:checking '/home/orin/work/Foreview_ws/install/dynamixel_controller_pkg/lib/python3.8/site-packages'
[11.835s] Level 1:colcon.colcon_core.shell:create_environment_hook('dynamixel_controller_pkg', 'pythonpath')
[11.839s] INFO:colcon.colcon_core.shell:Creating environment hook '/home/orin/work/Foreview_ws/install/dynamixel_controller_pkg/share/dynamixel_controller_pkg/hook/pythonpath.ps1'
[11.840s] INFO:colcon.colcon_core.shell:Creating environment descriptor '/home/orin/work/Foreview_ws/install/dynamixel_controller_pkg/share/dynamixel_controller_pkg/hook/pythonpath.dsv'
[11.840s] INFO:colcon.colcon_core.shell:Creating environment hook '/home/orin/work/Foreview_ws/install/dynamixel_controller_pkg/share/dynamixel_controller_pkg/hook/pythonpath.sh'
[11.841s] Level 1:colcon.colcon_core.environment:checking '/home/orin/work/Foreview_ws/install/dynamixel_controller_pkg/bin'
[11.845s] INFO:colcon.colcon_core.shell:Creating package script '/home/orin/work/Foreview_ws/install/dynamixel_controller_pkg/share/dynamixel_controller_pkg/package.ps1'
[11.846s] INFO:colcon.colcon_core.shell:Creating package descriptor '/home/orin/work/Foreview_ws/install/dynamixel_controller_pkg/share/dynamixel_controller_pkg/package.dsv'
[11.846s] INFO:colcon.colcon_core.shell:Creating package script '/home/orin/work/Foreview_ws/install/dynamixel_controller_pkg/share/dynamixel_controller_pkg/package.sh'
[11.847s] INFO:colcon.colcon_core.shell:Creating package script '/home/orin/work/Foreview_ws/install/dynamixel_controller_pkg/share/dynamixel_controller_pkg/package.bash'
[11.847s] INFO:colcon.colcon_core.shell:Creating package script '/home/orin/work/Foreview_ws/install/dynamixel_controller_pkg/share/dynamixel_controller_pkg/package.zsh'
[11.848s] Level 1:colcon.colcon_core.environment:create_file_with_runtime_dependencies(/home/orin/work/Foreview_ws/install/dynamixel_controller_pkg/share/colcon-core/packages/dynamixel_controller_pkg)
[11.921s] Level 1:colcon.colcon_core.environment:create_environment_scripts_only(remote_controller_pkg)
[11.928s] Level 1:colcon.colcon_core.environment:checking '/home/orin/work/Foreview_ws/install/remote_controller_pkg' for CMake module files
[11.930s] Level 1:colcon.colcon_core.environment:checking '/home/orin/work/Foreview_ws/install/remote_controller_pkg' for CMake config files
[11.931s] Level 1:colcon.colcon_core.shell:create_environment_hook('remote_controller_pkg', 'cmake_prefix_path')
[11.935s] INFO:colcon.colcon_core.shell:Creating environment hook '/home/orin/work/Foreview_ws/install/remote_controller_pkg/share/remote_controller_pkg/hook/cmake_prefix_path.ps1'
[11.936s] INFO:colcon.colcon_core.shell:Creating environment descriptor '/home/orin/work/Foreview_ws/install/remote_controller_pkg/share/remote_controller_pkg/hook/cmake_prefix_path.dsv'
[11.936s] INFO:colcon.colcon_core.shell:Creating environment hook '/home/orin/work/Foreview_ws/install/remote_controller_pkg/share/remote_controller_pkg/hook/cmake_prefix_path.sh'
[11.937s] Level 1:colcon.colcon_core.environment:checking '/home/orin/work/Foreview_ws/install/remote_controller_pkg/lib'
[11.937s] Level 1:colcon.colcon_core.shell:create_environment_hook('remote_controller_pkg', 'ld_library_path_lib')
[11.941s] INFO:colcon.colcon_core.shell:Creating environment hook '/home/orin/work/Foreview_ws/install/remote_controller_pkg/share/remote_controller_pkg/hook/ld_library_path_lib.ps1'
[11.942s] INFO:colcon.colcon_core.shell:Creating environment descriptor '/home/orin/work/Foreview_ws/install/remote_controller_pkg/share/remote_controller_pkg/hook/ld_library_path_lib.dsv'
[11.942s] INFO:colcon.colcon_core.shell:Creating environment hook '/home/orin/work/Foreview_ws/install/remote_controller_pkg/share/remote_controller_pkg/hook/ld_library_path_lib.sh'
[11.943s] Level 1:colcon.colcon_core.environment:checking '/home/orin/work/Foreview_ws/install/remote_controller_pkg/bin'
[11.943s] Level 1:colcon.colcon_core.environment:checking '/home/orin/work/Foreview_ws/install/remote_controller_pkg/lib/pkgconfig/remote_controller_pkg.pc'
[11.943s] Level 1:colcon.colcon_core.environment:checking '/home/orin/work/Foreview_ws/install/remote_controller_pkg/lib/python3.8/site-packages'
[11.943s] Level 1:colcon.colcon_core.shell:create_environment_hook('remote_controller_pkg', 'pythonpath')
[11.947s] INFO:colcon.colcon_core.shell:Creating environment hook '/home/orin/work/Foreview_ws/install/remote_controller_pkg/share/remote_controller_pkg/hook/pythonpath.ps1'
[11.948s] INFO:colcon.colcon_core.shell:Creating environment descriptor '/home/orin/work/Foreview_ws/install/remote_controller_pkg/share/remote_controller_pkg/hook/pythonpath.dsv'
[11.948s] INFO:colcon.colcon_core.shell:Creating environment hook '/home/orin/work/Foreview_ws/install/remote_controller_pkg/share/remote_controller_pkg/hook/pythonpath.sh'
[11.949s] Level 1:colcon.colcon_core.environment:checking '/home/orin/work/Foreview_ws/install/remote_controller_pkg/bin'
[11.953s] INFO:colcon.colcon_core.shell:Creating package script '/home/orin/work/Foreview_ws/install/remote_controller_pkg/share/remote_controller_pkg/package.ps1'
[11.954s] INFO:colcon.colcon_core.shell:Creating package descriptor '/home/orin/work/Foreview_ws/install/remote_controller_pkg/share/remote_controller_pkg/package.dsv'
[11.954s] INFO:colcon.colcon_core.shell:Creating package script '/home/orin/work/Foreview_ws/install/remote_controller_pkg/share/remote_controller_pkg/package.sh'
[11.955s] INFO:colcon.colcon_core.shell:Creating package script '/home/orin/work/Foreview_ws/install/remote_controller_pkg/share/remote_controller_pkg/package.bash'
[11.956s] INFO:colcon.colcon_core.shell:Creating package script '/home/orin/work/Foreview_ws/install/remote_controller_pkg/share/remote_controller_pkg/package.zsh'
[11.956s] Level 1:colcon.colcon_core.environment:create_file_with_runtime_dependencies(/home/orin/work/Foreview_ws/install/remote_controller_pkg/share/colcon-core/packages/remote_controller_pkg)
[11.968s] Level 1:colcon.colcon_core.environment:create_environment_scripts_only(dynamixel_controller_pkg)
[11.973s] Level 1:colcon.colcon_core.environment:checking '/home/orin/work/Foreview_ws/install/dynamixel_controller_pkg' for CMake module files
[11.974s] Level 1:colcon.colcon_core.environment:checking '/home/orin/work/Foreview_ws/install/dynamixel_controller_pkg' for CMake config files
[11.975s] Level 1:colcon.colcon_core.shell:create_environment_hook('dynamixel_controller_pkg', 'cmake_prefix_path')
[11.979s] INFO:colcon.colcon_core.shell:Creating environment hook '/home/orin/work/Foreview_ws/install/dynamixel_controller_pkg/share/dynamixel_controller_pkg/hook/cmake_prefix_path.ps1'
[11.980s] INFO:colcon.colcon_core.shell:Creating environment descriptor '/home/orin/work/Foreview_ws/install/dynamixel_controller_pkg/share/dynamixel_controller_pkg/hook/cmake_prefix_path.dsv'
[11.980s] INFO:colcon.colcon_core.shell:Creating environment hook '/home/orin/work/Foreview_ws/install/dynamixel_controller_pkg/share/dynamixel_controller_pkg/hook/cmake_prefix_path.sh'
[11.981s] Level 1:colcon.colcon_core.environment:checking '/home/orin/work/Foreview_ws/install/dynamixel_controller_pkg/lib'
[11.981s] Level 1:colcon.colcon_core.shell:create_environment_hook('dynamixel_controller_pkg', 'ld_library_path_lib')
[11.985s] INFO:colcon.colcon_core.shell:Creating environment hook '/home/orin/work/Foreview_ws/install/dynamixel_controller_pkg/share/dynamixel_controller_pkg/hook/ld_library_path_lib.ps1'
[11.986s] INFO:colcon.colcon_core.shell:Creating environment descriptor '/home/orin/work/Foreview_ws/install/dynamixel_controller_pkg/share/dynamixel_controller_pkg/hook/ld_library_path_lib.dsv'
[11.986s] INFO:colcon.colcon_core.shell:Creating environment hook '/home/orin/work/Foreview_ws/install/dynamixel_controller_pkg/share/dynamixel_controller_pkg/hook/ld_library_path_lib.sh'
[11.987s] Level 1:colcon.colcon_core.environment:checking '/home/orin/work/Foreview_ws/install/dynamixel_controller_pkg/bin'
[11.987s] Level 1:colcon.colcon_core.environment:checking '/home/orin/work/Foreview_ws/install/dynamixel_controller_pkg/lib/pkgconfig/dynamixel_controller_pkg.pc'
[11.987s] Level 1:colcon.colcon_core.environment:checking '/home/orin/work/Foreview_ws/install/dynamixel_controller_pkg/lib/python3.8/site-packages'
[11.987s] Level 1:colcon.colcon_core.shell:create_environment_hook('dynamixel_controller_pkg', 'pythonpath')
[11.991s] INFO:colcon.colcon_core.shell:Creating environment hook '/home/orin/work/Foreview_ws/install/dynamixel_controller_pkg/share/dynamixel_controller_pkg/hook/pythonpath.ps1'
[11.992s] INFO:colcon.colcon_core.shell:Creating environment descriptor '/home/orin/work/Foreview_ws/install/dynamixel_controller_pkg/share/dynamixel_controller_pkg/hook/pythonpath.dsv'
[11.993s] INFO:colcon.colcon_core.shell:Creating environment hook '/home/orin/work/Foreview_ws/install/dynamixel_controller_pkg/share/dynamixel_controller_pkg/hook/pythonpath.sh'
[11.993s] Level 1:colcon.colcon_core.environment:checking '/home/orin/work/Foreview_ws/install/dynamixel_controller_pkg/bin'
[11.997s] INFO:colcon.colcon_core.shell:Creating package script '/home/orin/work/Foreview_ws/install/dynamixel_controller_pkg/share/dynamixel_controller_pkg/package.ps1'
[11.999s] INFO:colcon.colcon_core.shell:Creating package descriptor '/home/orin/work/Foreview_ws/install/dynamixel_controller_pkg/share/dynamixel_controller_pkg/package.dsv'
[11.999s] INFO:colcon.colcon_core.shell:Creating package script '/home/orin/work/Foreview_ws/install/dynamixel_controller_pkg/share/dynamixel_controller_pkg/package.sh'
[12.000s] INFO:colcon.colcon_core.shell:Creating package script '/home/orin/work/Foreview_ws/install/dynamixel_controller_pkg/share/dynamixel_controller_pkg/package.bash'
[12.001s] INFO:colcon.colcon_core.shell:Creating package script '/home/orin/work/Foreview_ws/install/dynamixel_controller_pkg/share/dynamixel_controller_pkg/package.zsh'
[12.001s] Level 1:colcon.colcon_core.environment:create_file_with_runtime_dependencies(/home/orin/work/Foreview_ws/install/dynamixel_controller_pkg/share/colcon-core/packages/dynamixel_controller_pkg)
[12.002s] DEBUG:colcon.colcon_parallel_executor.executor.parallel:closing loop
[12.003s] DEBUG:colcon.colcon_parallel_executor.executor.parallel:loop closed
[12.003s] DEBUG:colcon.colcon_parallel_executor.executor.parallel:run_until_complete finished with '0'
[12.003s] DEBUG:colcon.colcon_core.event_reactor:joining thread
[12.023s] INFO:colcon.colcon_core.plugin_system:Skipping extension 'colcon_notification.desktop_notification.notify_send': Could not find 'notify-send'
[12.023s] INFO:colcon.colcon_core.plugin_system:Skipping extension 'colcon_notification.desktop_notification.terminal_notifier': Not used on non-Darwin systems
[12.023s] INFO:colcon.colcon_core.plugin_system:Skipping extension 'colcon_notification.desktop_notification.win32': Not used on non-Windows systems
[12.024s] INFO:colcon.colcon_notification.desktop_notification:Sending desktop notification using 'notify2'
[12.057s] DEBUG:colcon.colcon_core.event_reactor:joined thread
[12.061s] INFO:colcon.colcon_core.shell:Creating prefix script '/home/orin/work/Foreview_ws/install/local_setup.ps1'
[12.063s] INFO:colcon.colcon_core.shell:Creating prefix util module '/home/orin/work/Foreview_ws/install/_local_setup_util_ps1.py'
[12.065s] INFO:colcon.colcon_core.shell:Creating prefix chain script '/home/orin/work/Foreview_ws/install/setup.ps1'
[12.067s] INFO:colcon.colcon_core.shell:Creating prefix script '/home/orin/work/Foreview_ws/install/local_setup.sh'
[12.068s] INFO:colcon.colcon_core.shell:Creating prefix util module '/home/orin/work/Foreview_ws/install/_local_setup_util_sh.py'
[12.069s] INFO:colcon.colcon_core.shell:Creating prefix chain script '/home/orin/work/Foreview_ws/install/setup.sh'
[12.073s] INFO:colcon.colcon_core.shell:Creating prefix script '/home/orin/work/Foreview_ws/install/local_setup.bash'
[12.073s] INFO:colcon.colcon_core.shell:Creating prefix chain script '/home/orin/work/Foreview_ws/install/setup.bash'
[12.076s] INFO:colcon.colcon_core.shell:Creating prefix script '/home/orin/work/Foreview_ws/install/local_setup.zsh'
[12.076s] INFO:colcon.colcon_core.shell:Creating prefix chain script '/home/orin/work/Foreview_ws/install/setup.zsh'
