[0.064s] Invoking command in '/home/orin/work/Foreview_ws/build/dynamixel_controller_pkg': /usr/local/bin/cmake --build /home/orin/work/Foreview_ws/build/dynamixel_controller_pkg -- -j12 -l12
[0.155s] [  3%] Built target dynamixel_controller_pkg__cpp
[0.158s] [ 12%] Built target dynamixel_controller_pkg__rosidl_generator_c
[0.161s] [ 12%] Built target ament_cmake_python_copy_dynamixel_controller_pkg
[0.192s] [ 35%] Built target dynamixel_controller_pkg__rosidl_typesupport_fastrtps_cpp
[0.192s] [ 41%] Built target dynamixel_controller_pkg__rosidl_typesupport_cpp
[0.192s] [ 41%] Built target dynamixel_controller_pkg__rosidl_typesupport_introspection_cpp
[0.196s] [ 51%] Built target dynamixel_controller_pkg__rosidl_typesupport_introspection_c
[0.198s] [ 61%] Built target dynamixel_controller_pkg__rosidl_typesupport_c
[0.201s] [ 70%] Built target dynamixel_controller_pkg__rosidl_typesupport_fastrtps_c
[0.216s] [ 70%] Built target dynamixel_controller_pkg
[0.232s] [ 74%] Built target dynamixel_controller_pkg__py
[0.253s] [ 80%] Built target dynamixel_controller_pkg__rosidl_generator_py
[0.278s] [100%] Built target dynamixel_controller_pkg__rosidl_typesupport_fastrtps_c__pyext
[0.278s] [100%] Built target dynamixel_controller_pkg__rosidl_typesupport_c__pyext
[0.278s] [100%] Built target dynamixel_controller_pkg__rosidl_typesupport_introspection_c__pyext
[0.487s] running egg_info
[0.513s] writing dynamixel_controller_pkg.egg-info/PKG-INFO
[0.514s] writing dependency_links to dynamixel_controller_pkg.egg-info/dependency_links.txt
[0.514s] writing top-level names to dynamixel_controller_pkg.egg-info/top_level.txt
[0.591s] reading manifest file 'dynamixel_controller_pkg.egg-info/SOURCES.txt'
[0.592s] writing manifest file 'dynamixel_controller_pkg.egg-info/SOURCES.txt'
[0.643s] [100%] Built target ament_cmake_python_build_dynamixel_controller_pkg_egg
[0.661s] Invoked command in '/home/orin/work/Foreview_ws/build/dynamixel_controller_pkg' returned '0': /usr/local/bin/cmake --build /home/orin/work/Foreview_ws/build/dynamixel_controller_pkg -- -j12 -l12
[0.845s] Invoking command in '/home/orin/work/Foreview_ws/build/dynamixel_controller_pkg': /usr/local/bin/cmake --install /home/orin/work/Foreview_ws/build/dynamixel_controller_pkg
[0.891s] -- Install configuration: ""
[0.891s] -- Up-to-date: /home/orin/work/Foreview_ws/install/dynamixel_controller_pkg/share/ament_index/resource_index/rosidl_interfaces/dynamixel_controller_pkg
[0.891s] -- Up-to-date: /home/orin/work/Foreview_ws/install/dynamixel_controller_pkg/include/dynamixel_controller_pkg/dynamixel_controller_pkg
[0.891s] -- Up-to-date: /home/orin/work/Foreview_ws/install/dynamixel_controller_pkg/include/dynamixel_controller_pkg/dynamixel_controller_pkg/msg
[0.891s] -- Up-to-date: /home/orin/work/Foreview_ws/install/dynamixel_controller_pkg/include/dynamixel_controller_pkg/dynamixel_controller_pkg/msg/rosidl_generator_c__visibility_control.h
[0.892s] -- Up-to-date: /home/orin/work/Foreview_ws/install/dynamixel_controller_pkg/include/dynamixel_controller_pkg/dynamixel_controller_pkg/msg/detail
[0.892s] -- Up-to-date: /home/orin/work/Foreview_ws/install/dynamixel_controller_pkg/include/dynamixel_controller_pkg/dynamixel_controller_pkg/msg/detail/motor_speeds__functions.h
[0.892s] -- Up-to-date: /home/orin/work/Foreview_ws/install/dynamixel_controller_pkg/include/dynamixel_controller_pkg/dynamixel_controller_pkg/msg/detail/motor_speeds__type_support.h
[0.892s] -- Up-to-date: /home/orin/work/Foreview_ws/install/dynamixel_controller_pkg/include/dynamixel_controller_pkg/dynamixel_controller_pkg/msg/detail/motor_speeds__functions.c
[0.892s] -- Up-to-date: /home/orin/work/Foreview_ws/install/dynamixel_controller_pkg/include/dynamixel_controller_pkg/dynamixel_controller_pkg/msg/detail/motor_speeds__struct.h
[0.892s] -- Up-to-date: /home/orin/work/Foreview_ws/install/dynamixel_controller_pkg/include/dynamixel_controller_pkg/dynamixel_controller_pkg/msg/motor_speeds.h
[0.892s] -- Up-to-date: /home/orin/work/Foreview_ws/install/dynamixel_controller_pkg/share/dynamixel_controller_pkg/environment/library_path.sh
[0.893s] -- Up-to-date: /home/orin/work/Foreview_ws/install/dynamixel_controller_pkg/share/dynamixel_controller_pkg/environment/library_path.dsv
[0.893s] -- Up-to-date: /home/orin/work/Foreview_ws/install/dynamixel_controller_pkg/lib/libdynamixel_controller_pkg__rosidl_generator_c.so
[0.893s] -- Up-to-date: /home/orin/work/Foreview_ws/install/dynamixel_controller_pkg/include/dynamixel_controller_pkg/dynamixel_controller_pkg
[0.893s] -- Up-to-date: /home/orin/work/Foreview_ws/install/dynamixel_controller_pkg/include/dynamixel_controller_pkg/dynamixel_controller_pkg/msg
[0.893s] -- Up-to-date: /home/orin/work/Foreview_ws/install/dynamixel_controller_pkg/include/dynamixel_controller_pkg/dynamixel_controller_pkg/msg/detail
[0.893s] -- Up-to-date: /home/orin/work/Foreview_ws/install/dynamixel_controller_pkg/include/dynamixel_controller_pkg/dynamixel_controller_pkg/msg/detail/motor_speeds__rosidl_typesupport_fastrtps_c.h
[0.893s] -- Up-to-date: /home/orin/work/Foreview_ws/install/dynamixel_controller_pkg/include/dynamixel_controller_pkg/dynamixel_controller_pkg/msg/rosidl_typesupport_fastrtps_c__visibility_control.h
[0.894s] -- Up-to-date: /home/orin/work/Foreview_ws/install/dynamixel_controller_pkg/lib/libdynamixel_controller_pkg__rosidl_typesupport_fastrtps_c.so
[0.894s] -- Up-to-date: /home/orin/work/Foreview_ws/install/dynamixel_controller_pkg/include/dynamixel_controller_pkg/dynamixel_controller_pkg
[0.894s] -- Up-to-date: /home/orin/work/Foreview_ws/install/dynamixel_controller_pkg/include/dynamixel_controller_pkg/dynamixel_controller_pkg/msg
[0.894s] -- Up-to-date: /home/orin/work/Foreview_ws/install/dynamixel_controller_pkg/include/dynamixel_controller_pkg/dynamixel_controller_pkg/msg/detail
[0.894s] -- Up-to-date: /home/orin/work/Foreview_ws/install/dynamixel_controller_pkg/include/dynamixel_controller_pkg/dynamixel_controller_pkg/msg/detail/motor_speeds__traits.hpp
[0.894s] -- Up-to-date: /home/orin/work/Foreview_ws/install/dynamixel_controller_pkg/include/dynamixel_controller_pkg/dynamixel_controller_pkg/msg/detail/motor_speeds__struct.hpp
[0.894s] -- Up-to-date: /home/orin/work/Foreview_ws/install/dynamixel_controller_pkg/include/dynamixel_controller_pkg/dynamixel_controller_pkg/msg/detail/motor_speeds__builder.hpp
[0.894s] -- Up-to-date: /home/orin/work/Foreview_ws/install/dynamixel_controller_pkg/include/dynamixel_controller_pkg/dynamixel_controller_pkg/msg/motor_speeds.hpp
[0.894s] -- Up-to-date: /home/orin/work/Foreview_ws/install/dynamixel_controller_pkg/include/dynamixel_controller_pkg/dynamixel_controller_pkg
[0.895s] -- Up-to-date: /home/orin/work/Foreview_ws/install/dynamixel_controller_pkg/include/dynamixel_controller_pkg/dynamixel_controller_pkg/msg
[0.895s] -- Up-to-date: /home/orin/work/Foreview_ws/install/dynamixel_controller_pkg/include/dynamixel_controller_pkg/dynamixel_controller_pkg/msg/detail
[0.895s] -- Up-to-date: /home/orin/work/Foreview_ws/install/dynamixel_controller_pkg/include/dynamixel_controller_pkg/dynamixel_controller_pkg/msg/detail/dds_fastrtps
[0.895s] -- Up-to-date: /home/orin/work/Foreview_ws/install/dynamixel_controller_pkg/include/dynamixel_controller_pkg/dynamixel_controller_pkg/msg/detail/motor_speeds__rosidl_typesupport_fastrtps_cpp.hpp
[0.895s] -- Up-to-date: /home/orin/work/Foreview_ws/install/dynamixel_controller_pkg/include/dynamixel_controller_pkg/dynamixel_controller_pkg/msg/rosidl_typesupport_fastrtps_cpp__visibility_control.h
[0.895s] -- Up-to-date: /home/orin/work/Foreview_ws/install/dynamixel_controller_pkg/lib/libdynamixel_controller_pkg__rosidl_typesupport_fastrtps_cpp.so
[0.895s] -- Up-to-date: /home/orin/work/Foreview_ws/install/dynamixel_controller_pkg/include/dynamixel_controller_pkg/dynamixel_controller_pkg
[0.895s] -- Up-to-date: /home/orin/work/Foreview_ws/install/dynamixel_controller_pkg/include/dynamixel_controller_pkg/dynamixel_controller_pkg/msg
[0.896s] -- Up-to-date: /home/orin/work/Foreview_ws/install/dynamixel_controller_pkg/include/dynamixel_controller_pkg/dynamixel_controller_pkg/msg/detail
[0.896s] -- Up-to-date: /home/orin/work/Foreview_ws/install/dynamixel_controller_pkg/include/dynamixel_controller_pkg/dynamixel_controller_pkg/msg/detail/motor_speeds__rosidl_typesupport_introspection_c.h
[0.896s] -- Up-to-date: /home/orin/work/Foreview_ws/install/dynamixel_controller_pkg/include/dynamixel_controller_pkg/dynamixel_controller_pkg/msg/detail/motor_speeds__type_support.c
[0.896s] -- Up-to-date: /home/orin/work/Foreview_ws/install/dynamixel_controller_pkg/include/dynamixel_controller_pkg/dynamixel_controller_pkg/msg/rosidl_typesupport_introspection_c__visibility_control.h
[0.896s] -- Up-to-date: /home/orin/work/Foreview_ws/install/dynamixel_controller_pkg/lib/libdynamixel_controller_pkg__rosidl_typesupport_introspection_c.so
[0.896s] -- Up-to-date: /home/orin/work/Foreview_ws/install/dynamixel_controller_pkg/lib/libdynamixel_controller_pkg__rosidl_typesupport_c.so
[0.896s] -- Up-to-date: /home/orin/work/Foreview_ws/install/dynamixel_controller_pkg/include/dynamixel_controller_pkg/dynamixel_controller_pkg
[0.896s] -- Up-to-date: /home/orin/work/Foreview_ws/install/dynamixel_controller_pkg/include/dynamixel_controller_pkg/dynamixel_controller_pkg/msg
[0.896s] -- Up-to-date: /home/orin/work/Foreview_ws/install/dynamixel_controller_pkg/include/dynamixel_controller_pkg/dynamixel_controller_pkg/msg/detail
[0.897s] -- Up-to-date: /home/orin/work/Foreview_ws/install/dynamixel_controller_pkg/include/dynamixel_controller_pkg/dynamixel_controller_pkg/msg/detail/motor_speeds__type_support.cpp
[0.897s] -- Up-to-date: /home/orin/work/Foreview_ws/install/dynamixel_controller_pkg/include/dynamixel_controller_pkg/dynamixel_controller_pkg/msg/detail/motor_speeds__rosidl_typesupport_introspection_cpp.hpp
[0.897s] -- Up-to-date: /home/orin/work/Foreview_ws/install/dynamixel_controller_pkg/lib/libdynamixel_controller_pkg__rosidl_typesupport_introspection_cpp.so
[0.897s] -- Up-to-date: /home/orin/work/Foreview_ws/install/dynamixel_controller_pkg/lib/libdynamixel_controller_pkg__rosidl_typesupport_cpp.so
[0.897s] -- Up-to-date: /home/orin/work/Foreview_ws/install/dynamixel_controller_pkg/share/dynamixel_controller_pkg/environment/pythonpath.sh
[0.897s] -- Up-to-date: /home/orin/work/Foreview_ws/install/dynamixel_controller_pkg/share/dynamixel_controller_pkg/environment/pythonpath.dsv
[0.897s] -- Up-to-date: /home/orin/work/Foreview_ws/install/dynamixel_controller_pkg/lib/python3.8/site-packages/dynamixel_controller_pkg-0.0.0-py3.8.egg-info
[0.897s] -- Installing: /home/orin/work/Foreview_ws/install/dynamixel_controller_pkg/lib/python3.8/site-packages/dynamixel_controller_pkg-0.0.0-py3.8.egg-info/PKG-INFO
[0.898s] -- Installing: /home/orin/work/Foreview_ws/install/dynamixel_controller_pkg/lib/python3.8/site-packages/dynamixel_controller_pkg-0.0.0-py3.8.egg-info/top_level.txt
[0.898s] -- Installing: /home/orin/work/Foreview_ws/install/dynamixel_controller_pkg/lib/python3.8/site-packages/dynamixel_controller_pkg-0.0.0-py3.8.egg-info/SOURCES.txt
[0.898s] -- Installing: /home/orin/work/Foreview_ws/install/dynamixel_controller_pkg/lib/python3.8/site-packages/dynamixel_controller_pkg-0.0.0-py3.8.egg-info/dependency_links.txt
[0.898s] -- Up-to-date: /home/orin/work/Foreview_ws/install/dynamixel_controller_pkg/lib/python3.8/site-packages/dynamixel_controller_pkg
[0.898s] -- Up-to-date: /home/orin/work/Foreview_ws/install/dynamixel_controller_pkg/lib/python3.8/site-packages/dynamixel_controller_pkg/__init__.py
[0.898s] -- Up-to-date: /home/orin/work/Foreview_ws/install/dynamixel_controller_pkg/lib/python3.8/site-packages/dynamixel_controller_pkg/dynamixel_controller_pkg_s__rosidl_typesupport_fastrtps_c.cpython-38-aarch64-linux-gnu.so
[0.898s] -- Up-to-date: /home/orin/work/Foreview_ws/install/dynamixel_controller_pkg/lib/python3.8/site-packages/dynamixel_controller_pkg/dynamixel_controller_pkg_s__rosidl_typesupport_introspection_c.cpython-38-aarch64-linux-gnu.so
[0.898s] -- Up-to-date: /home/orin/work/Foreview_ws/install/dynamixel_controller_pkg/lib/python3.8/site-packages/dynamixel_controller_pkg/dynamixel_controller_pkg_s__rosidl_typesupport_c.cpython-38-aarch64-linux-gnu.so
[0.898s] -- Up-to-date: /home/orin/work/Foreview_ws/install/dynamixel_controller_pkg/lib/python3.8/site-packages/dynamixel_controller_pkg/libdynamixel_controller_pkg__rosidl_generator_py.so
[0.898s] -- Up-to-date: /home/orin/work/Foreview_ws/install/dynamixel_controller_pkg/lib/python3.8/site-packages/dynamixel_controller_pkg/msg
[0.898s] -- Up-to-date: /home/orin/work/Foreview_ws/install/dynamixel_controller_pkg/lib/python3.8/site-packages/dynamixel_controller_pkg/msg/__init__.py
[0.899s] -- Up-to-date: /home/orin/work/Foreview_ws/install/dynamixel_controller_pkg/lib/python3.8/site-packages/dynamixel_controller_pkg/msg/_motor_speeds.py
[0.899s] -- Up-to-date: /home/orin/work/Foreview_ws/install/dynamixel_controller_pkg/lib/python3.8/site-packages/dynamixel_controller_pkg/msg/_motor_speeds_s.c
[0.899s] -- Up-to-date: /home/orin/work/Foreview_ws/install/dynamixel_controller_pkg/lib/python3.8/site-packages/dynamixel_controller_pkg/_dynamixel_controller_pkg_s.ep.rosidl_typesupport_c.c
[0.899s] -- Up-to-date: /home/orin/work/Foreview_ws/install/dynamixel_controller_pkg/lib/python3.8/site-packages/dynamixel_controller_pkg/_dynamixel_controller_pkg_s.ep.rosidl_typesupport_fastrtps_c.c
[0.899s] -- Up-to-date: /home/orin/work/Foreview_ws/install/dynamixel_controller_pkg/lib/python3.8/site-packages/dynamixel_controller_pkg/_dynamixel_controller_pkg_s.ep.rosidl_typesupport_introspection_c.c
[0.942s] Listing '/home/orin/work/Foreview_ws/install/dynamixel_controller_pkg/lib/python3.8/site-packages/dynamixel_controller_pkg'...
[0.942s] Listing '/home/orin/work/Foreview_ws/install/dynamixel_controller_pkg/lib/python3.8/site-packages/dynamixel_controller_pkg/msg'...
[0.950s] -- Up-to-date: /home/orin/work/Foreview_ws/install/dynamixel_controller_pkg/lib/python3.8/site-packages/dynamixel_controller_pkg/dynamixel_controller_pkg_s__rosidl_typesupport_fastrtps_c.cpython-38-aarch64-linux-gnu.so
[0.950s] -- Up-to-date: /home/orin/work/Foreview_ws/install/dynamixel_controller_pkg/lib/python3.8/site-packages/dynamixel_controller_pkg/dynamixel_controller_pkg_s__rosidl_typesupport_introspection_c.cpython-38-aarch64-linux-gnu.so
[0.951s] -- Up-to-date: /home/orin/work/Foreview_ws/install/dynamixel_controller_pkg/lib/python3.8/site-packages/dynamixel_controller_pkg/dynamixel_controller_pkg_s__rosidl_typesupport_c.cpython-38-aarch64-linux-gnu.so
[0.951s] -- Up-to-date: /home/orin/work/Foreview_ws/install/dynamixel_controller_pkg/lib/libdynamixel_controller_pkg__rosidl_generator_py.so
[0.952s] -- Up-to-date: /home/orin/work/Foreview_ws/install/dynamixel_controller_pkg/share/dynamixel_controller_pkg/msg/MotorSpeeds.idl
[0.952s] -- Up-to-date: /home/orin/work/Foreview_ws/install/dynamixel_controller_pkg/share/dynamixel_controller_pkg/msg/MotorSpeeds.msg
[0.952s] -- Up-to-date: /home/orin/work/Foreview_ws/install/dynamixel_controller_pkg/share/ament_index/resource_index/package_run_dependencies/dynamixel_controller_pkg
[0.952s] -- Up-to-date: /home/orin/work/Foreview_ws/install/dynamixel_controller_pkg/share/ament_index/resource_index/parent_prefix_path/dynamixel_controller_pkg
[0.952s] -- Up-to-date: /home/orin/work/Foreview_ws/install/dynamixel_controller_pkg/share/dynamixel_controller_pkg/environment/ament_prefix_path.sh
[0.953s] -- Up-to-date: /home/orin/work/Foreview_ws/install/dynamixel_controller_pkg/share/dynamixel_controller_pkg/environment/ament_prefix_path.dsv
[0.953s] -- Up-to-date: /home/orin/work/Foreview_ws/install/dynamixel_controller_pkg/share/dynamixel_controller_pkg/environment/path.sh
[0.953s] -- Up-to-date: /home/orin/work/Foreview_ws/install/dynamixel_controller_pkg/share/dynamixel_controller_pkg/environment/path.dsv
[0.953s] -- Up-to-date: /home/orin/work/Foreview_ws/install/dynamixel_controller_pkg/share/dynamixel_controller_pkg/local_setup.bash
[0.953s] -- Up-to-date: /home/orin/work/Foreview_ws/install/dynamixel_controller_pkg/share/dynamixel_controller_pkg/local_setup.sh
[0.953s] -- Up-to-date: /home/orin/work/Foreview_ws/install/dynamixel_controller_pkg/share/dynamixel_controller_pkg/local_setup.zsh
[0.954s] -- Up-to-date: /home/orin/work/Foreview_ws/install/dynamixel_controller_pkg/share/dynamixel_controller_pkg/local_setup.dsv
[0.954s] -- Installing: /home/orin/work/Foreview_ws/install/dynamixel_controller_pkg/share/dynamixel_controller_pkg/package.dsv
[0.954s] -- Up-to-date: /home/orin/work/Foreview_ws/install/dynamixel_controller_pkg/share/ament_index/resource_index/packages/dynamixel_controller_pkg
[0.954s] -- Up-to-date: /home/orin/work/Foreview_ws/install/dynamixel_controller_pkg/share/dynamixel_controller_pkg/cmake/export_dynamixel_controller_pkg__rosidl_generator_cExport.cmake
[0.954s] -- Up-to-date: /home/orin/work/Foreview_ws/install/dynamixel_controller_pkg/share/dynamixel_controller_pkg/cmake/export_dynamixel_controller_pkg__rosidl_generator_cExport-noconfig.cmake
[0.955s] -- Up-to-date: /home/orin/work/Foreview_ws/install/dynamixel_controller_pkg/share/dynamixel_controller_pkg/cmake/export_dynamixel_controller_pkg__rosidl_typesupport_fastrtps_cExport.cmake
[0.955s] -- Up-to-date: /home/orin/work/Foreview_ws/install/dynamixel_controller_pkg/share/dynamixel_controller_pkg/cmake/export_dynamixel_controller_pkg__rosidl_typesupport_fastrtps_cExport-noconfig.cmake
[0.955s] -- Up-to-date: /home/orin/work/Foreview_ws/install/dynamixel_controller_pkg/share/dynamixel_controller_pkg/cmake/export_dynamixel_controller_pkg__rosidl_generator_cppExport.cmake
[0.955s] -- Up-to-date: /home/orin/work/Foreview_ws/install/dynamixel_controller_pkg/share/dynamixel_controller_pkg/cmake/export_dynamixel_controller_pkg__rosidl_typesupport_fastrtps_cppExport.cmake
[0.955s] -- Up-to-date: /home/orin/work/Foreview_ws/install/dynamixel_controller_pkg/share/dynamixel_controller_pkg/cmake/export_dynamixel_controller_pkg__rosidl_typesupport_fastrtps_cppExport-noconfig.cmake
[0.955s] -- Up-to-date: /home/orin/work/Foreview_ws/install/dynamixel_controller_pkg/share/dynamixel_controller_pkg/cmake/dynamixel_controller_pkg__rosidl_typesupport_introspection_cExport.cmake
[0.956s] -- Up-to-date: /home/orin/work/Foreview_ws/install/dynamixel_controller_pkg/share/dynamixel_controller_pkg/cmake/dynamixel_controller_pkg__rosidl_typesupport_introspection_cExport-noconfig.cmake
[0.956s] -- Up-to-date: /home/orin/work/Foreview_ws/install/dynamixel_controller_pkg/share/dynamixel_controller_pkg/cmake/dynamixel_controller_pkg__rosidl_typesupport_cExport.cmake
[0.956s] -- Up-to-date: /home/orin/work/Foreview_ws/install/dynamixel_controller_pkg/share/dynamixel_controller_pkg/cmake/dynamixel_controller_pkg__rosidl_typesupport_cExport-noconfig.cmake
[0.956s] -- Up-to-date: /home/orin/work/Foreview_ws/install/dynamixel_controller_pkg/share/dynamixel_controller_pkg/cmake/dynamixel_controller_pkg__rosidl_typesupport_introspection_cppExport.cmake
[0.956s] -- Up-to-date: /home/orin/work/Foreview_ws/install/dynamixel_controller_pkg/share/dynamixel_controller_pkg/cmake/dynamixel_controller_pkg__rosidl_typesupport_introspection_cppExport-noconfig.cmake
[0.956s] -- Up-to-date: /home/orin/work/Foreview_ws/install/dynamixel_controller_pkg/share/dynamixel_controller_pkg/cmake/dynamixel_controller_pkg__rosidl_typesupport_cppExport.cmake
[0.956s] -- Up-to-date: /home/orin/work/Foreview_ws/install/dynamixel_controller_pkg/share/dynamixel_controller_pkg/cmake/dynamixel_controller_pkg__rosidl_typesupport_cppExport-noconfig.cmake
[0.957s] -- Up-to-date: /home/orin/work/Foreview_ws/install/dynamixel_controller_pkg/share/dynamixel_controller_pkg/cmake/export_dynamixel_controller_pkg__rosidl_generator_pyExport.cmake
[0.957s] -- Up-to-date: /home/orin/work/Foreview_ws/install/dynamixel_controller_pkg/share/dynamixel_controller_pkg/cmake/export_dynamixel_controller_pkg__rosidl_generator_pyExport-noconfig.cmake
[0.957s] -- Up-to-date: /home/orin/work/Foreview_ws/install/dynamixel_controller_pkg/share/dynamixel_controller_pkg/cmake/rosidl_cmake-extras.cmake
[0.957s] -- Up-to-date: /home/orin/work/Foreview_ws/install/dynamixel_controller_pkg/share/dynamixel_controller_pkg/cmake/ament_cmake_export_dependencies-extras.cmake
[0.957s] -- Up-to-date: /home/orin/work/Foreview_ws/install/dynamixel_controller_pkg/share/dynamixel_controller_pkg/cmake/ament_cmake_export_include_directories-extras.cmake
[0.957s] -- Up-to-date: /home/orin/work/Foreview_ws/install/dynamixel_controller_pkg/share/dynamixel_controller_pkg/cmake/ament_cmake_export_libraries-extras.cmake
[0.957s] -- Up-to-date: /home/orin/work/Foreview_ws/install/dynamixel_controller_pkg/share/dynamixel_controller_pkg/cmake/ament_cmake_export_targets-extras.cmake
[0.957s] -- Up-to-date: /home/orin/work/Foreview_ws/install/dynamixel_controller_pkg/share/dynamixel_controller_pkg/cmake/rosidl_cmake_export_typesupport_targets-extras.cmake
[0.957s] -- Up-to-date: /home/orin/work/Foreview_ws/install/dynamixel_controller_pkg/share/dynamixel_controller_pkg/cmake/rosidl_cmake_export_typesupport_libraries-extras.cmake
[0.958s] -- Up-to-date: /home/orin/work/Foreview_ws/install/dynamixel_controller_pkg/share/dynamixel_controller_pkg/cmake/dynamixel_controller_pkgConfig.cmake
[0.958s] -- Up-to-date: /home/orin/work/Foreview_ws/install/dynamixel_controller_pkg/share/dynamixel_controller_pkg/cmake/dynamixel_controller_pkgConfig-version.cmake
[0.958s] -- Up-to-date: /home/orin/work/Foreview_ws/install/dynamixel_controller_pkg/share/dynamixel_controller_pkg/package.xml
[0.978s] Invoked command in '/home/orin/work/Foreview_ws/build/dynamixel_controller_pkg' returned '0': /usr/local/bin/cmake --install /home/orin/work/Foreview_ws/build/dynamixel_controller_pkg
